<?xml version="1.0" encoding="UTF-8"?>
<coverage generated="1533058834180" clover="3.2.0">
  <project timestamp="1533058834180" name="All files">
    <metrics statements="401" coveredstatements="396" conditionals="199" coveredconditionals="192" methods="257" coveredmethods="253" elements="857" coveredelements="841" complexity="0" loc="401" ncloc="401" packages="14" files="28" classes="28">
      <package name="src">
        <metrics statements="0" coveredstatements="0" conditionals="0" coveredconditionals="0" methods="0" coveredmethods="0"/>
        <file name="index.js" path="/Users/thomasroux/Projects/tiller-stardust/src/index.js">
          <metrics statements="0" coveredstatements="0" conditionals="0" coveredconditionals="0" methods="0" coveredmethods="0"/>
        </file>
      </package>
      <package name="src.Avatar">
        <metrics statements="14" coveredstatements="14" conditionals="8" coveredconditionals="8" methods="6" coveredmethods="6"/>
        <file name="elements.js" path="/Users/thomasroux/Projects/tiller-stardust/src/Avatar/elements.js">
          <metrics statements="1" coveredstatements="1" conditionals="0" coveredconditionals="0" methods="0" coveredmethods="0"/>
          <line num="3" count="4" type="stmt"/>
        </file>
        <file name="index.js" path="/Users/thomasroux/Projects/tiller-stardust/src/Avatar/index.js">
          <metrics statements="13" coveredstatements="13" conditionals="8" coveredconditionals="8" methods="6" coveredmethods="6"/>
          <line num="10" count="4" type="stmt"/>
          <line num="27" count="6" type="stmt"/>
          <line num="28" count="6" type="stmt"/>
          <line num="29" count="63" type="stmt"/>
          <line num="32" count="6" type="stmt"/>
          <line num="68" count="6" type="stmt"/>
          <line num="69" count="6" type="stmt"/>
          <line num="70" count="6" type="stmt"/>
          <line num="72" count="6" type="stmt"/>
          <line num="82" count="6" type="stmt"/>
          <line num="87" count="6" type="cond" truecount="2" falsecount="0"/>
          <line num="88" count="6" type="cond" truecount="2" falsecount="0"/>
          <line num="90" count="6" type="stmt"/>
        </file>
      </package>
      <package name="src.Button">
        <metrics statements="144" coveredstatements="143" conditionals="84" coveredconditionals="83" methods="134" coveredmethods="133"/>
        <file name="elements.js" path="/Users/thomasroux/Projects/tiller-stardust/src/Button/elements.js">
          <metrics statements="138" coveredstatements="137" conditionals="84" coveredconditionals="83" methods="132" coveredmethods="132"/>
          <line num="12" count="4" type="stmt"/>
          <line num="13" count="52" type="cond" truecount="2" falsecount="0"/>
          <line num="14" count="51" type="stmt"/>
          <line num="16" count="1" type="cond" truecount="1" falsecount="1"/>
          <line num="17" count="0" type="stmt"/>
          <line num="19" count="1" type="stmt"/>
          <line num="30" count="9" type="stmt"/>
          <line num="32" count="4" type="stmt"/>
          <line num="39" count="26" type="stmt"/>
          <line num="40" count="26" type="stmt"/>
          <line num="42" count="26" type="stmt"/>
          <line num="48" count="26" type="stmt"/>
          <line num="53" count="26" type="stmt"/>
          <line num="54" count="26" type="stmt"/>
          <line num="56" count="26" type="stmt"/>
          <line num="57" count="26" type="stmt"/>
          <line num="66" count="26" type="cond" truecount="2" falsecount="0"/>
          <line num="74" count="26" type="cond" truecount="2" falsecount="0"/>
          <line num="81" count="26" type="cond" truecount="2" falsecount="0"/>
          <line num="88" count="26" type="cond" truecount="2" falsecount="0"/>
          <line num="93" count="2" type="cond" truecount="2" falsecount="0"/>
          <line num="100" count="26" type="cond" truecount="2" falsecount="0"/>
          <line num="105" count="2" type="cond" truecount="2" falsecount="0"/>
          <line num="113" count="26" type="cond" truecount="2" falsecount="0"/>
          <line num="118" count="2" type="cond" truecount="2" falsecount="0"/>
          <line num="126" count="26" type="cond" truecount="2" falsecount="0"/>
          <line num="131" count="2" type="cond" truecount="2" falsecount="0"/>
          <line num="139" count="26" type="cond" truecount="2" falsecount="0"/>
          <line num="141" count="26" type="stmt"/>
          <line num="143" count="26" type="stmt"/>
          <line num="144" count="26" type="stmt"/>
          <line num="149" count="26" type="cond" truecount="2" falsecount="0"/>
          <line num="151" count="15" type="stmt"/>
          <line num="153" count="15" type="stmt"/>
          <line num="154" count="15" type="stmt"/>
          <line num="159" count="26" type="cond" truecount="3" falsecount="0"/>
          <line num="162" count="2" type="stmt"/>
          <line num="164" count="2" type="stmt"/>
          <line num="165" count="2" type="stmt"/>
          <line num="168" count="2" type="stmt"/>
          <line num="174" count="26" type="cond" truecount="2" falsecount="0"/>
          <line num="176" count="2" type="stmt"/>
          <line num="178" count="2" type="stmt"/>
          <line num="179" count="2" type="stmt"/>
          <line num="184" count="26" type="cond" truecount="3" falsecount="0"/>
          <line num="187" count="1" type="stmt"/>
          <line num="189" count="1" type="stmt"/>
          <line num="190" count="1" type="stmt"/>
          <line num="193" count="1" type="stmt"/>
          <line num="199" count="26" type="cond" truecount="2" falsecount="0"/>
          <line num="201" count="2" type="stmt"/>
          <line num="203" count="2" type="stmt"/>
          <line num="204" count="2" type="stmt"/>
          <line num="209" count="26" type="cond" truecount="3" falsecount="0"/>
          <line num="212" count="1" type="stmt"/>
          <line num="214" count="1" type="stmt"/>
          <line num="215" count="1" type="stmt"/>
          <line num="218" count="1" type="stmt"/>
          <line num="224" count="26" type="cond" truecount="2" falsecount="0"/>
          <line num="226" count="2" type="stmt"/>
          <line num="228" count="2" type="stmt"/>
          <line num="229" count="2" type="stmt"/>
          <line num="234" count="26" type="cond" truecount="3" falsecount="0"/>
          <line num="237" count="1" type="stmt"/>
          <line num="239" count="1" type="stmt"/>
          <line num="240" count="1" type="stmt"/>
          <line num="243" count="1" type="stmt"/>
          <line num="249" count="26" type="cond" truecount="2" falsecount="0"/>
          <line num="251" count="2" type="stmt"/>
          <line num="253" count="2" type="stmt"/>
          <line num="254" count="2" type="stmt"/>
          <line num="261" count="26" type="cond" truecount="3" falsecount="0"/>
          <line num="264" count="1" type="stmt"/>
          <line num="265" count="1" type="stmt"/>
          <line num="270" count="26" type="cond" truecount="2" falsecount="0"/>
          <line num="272" count="1" type="stmt"/>
          <line num="273" count="1" type="stmt"/>
          <line num="274" count="1" type="stmt"/>
          <line num="279" count="26" type="stmt"/>
          <line num="280" count="26" type="stmt"/>
          <line num="282" count="26" type="stmt"/>
          <line num="285" count="26" type="cond" truecount="2" falsecount="0"/>
          <line num="287" count="6" type="stmt"/>
          <line num="289" count="6" type="stmt"/>
          <line num="290" count="6" type="stmt"/>
          <line num="293" count="6" type="stmt"/>
          <line num="298" count="26" type="cond" truecount="2" falsecount="0"/>
          <line num="300" count="15" type="stmt"/>
          <line num="302" count="15" type="stmt"/>
          <line num="303" count="15" type="stmt"/>
          <line num="306" count="15" type="stmt"/>
          <line num="311" count="26" type="cond" truecount="3" falsecount="0"/>
          <line num="314" count="2" type="stmt"/>
          <line num="316" count="2" type="stmt"/>
          <line num="317" count="2" type="stmt"/>
          <line num="320" count="2" type="stmt"/>
          <line num="325" count="26" type="cond" truecount="2" falsecount="0"/>
          <line num="327" count="2" type="stmt"/>
          <line num="329" count="2" type="stmt"/>
          <line num="330" count="2" type="stmt"/>
          <line num="333" count="2" type="stmt"/>
          <line num="338" count="26" type="cond" truecount="3" falsecount="0"/>
          <line num="341" count="1" type="stmt"/>
          <line num="343" count="1" type="stmt"/>
          <line num="344" count="1" type="stmt"/>
          <line num="347" count="1" type="stmt"/>
          <line num="352" count="26" type="cond" truecount="2" falsecount="0"/>
          <line num="354" count="2" type="stmt"/>
          <line num="356" count="2" type="stmt"/>
          <line num="357" count="2" type="stmt"/>
          <line num="360" count="2" type="stmt"/>
          <line num="365" count="26" type="cond" truecount="3" falsecount="0"/>
          <line num="368" count="1" type="stmt"/>
          <line num="370" count="1" type="stmt"/>
          <line num="371" count="1" type="stmt"/>
          <line num="374" count="1" type="stmt"/>
          <line num="379" count="26" type="cond" truecount="2" falsecount="0"/>
          <line num="381" count="2" type="stmt"/>
          <line num="383" count="2" type="stmt"/>
          <line num="384" count="2" type="stmt"/>
          <line num="387" count="2" type="stmt"/>
          <line num="392" count="26" type="cond" truecount="3" falsecount="0"/>
          <line num="395" count="1" type="stmt"/>
          <line num="397" count="1" type="stmt"/>
          <line num="398" count="1" type="stmt"/>
          <line num="401" count="1" type="stmt"/>
          <line num="406" count="26" type="cond" truecount="2" falsecount="0"/>
          <line num="408" count="2" type="stmt"/>
          <line num="410" count="2" type="stmt"/>
          <line num="411" count="2" type="stmt"/>
          <line num="414" count="2" type="stmt"/>
          <line num="419" count="26" type="cond" truecount="3" falsecount="0"/>
          <line num="422" count="1" type="stmt"/>
          <line num="423" count="1" type="stmt"/>
          <line num="427" count="26" type="cond" truecount="2" falsecount="0"/>
          <line num="429" count="1" type="stmt"/>
          <line num="430" count="1" type="stmt"/>
          <line num="431" count="1" type="stmt"/>
        </file>
        <file name="index.js" path="/Users/thomasroux/Projects/tiller-stardust/src/Button/index.js">
          <metrics statements="6" coveredstatements="6" conditionals="0" coveredconditionals="0" methods="2" coveredmethods="1"/>
          <line num="7" count="26" type="stmt"/>
          <line num="9" count="4" type="stmt"/>
          <line num="10" count="4" type="stmt"/>
          <line num="29" count="4" type="stmt"/>
          <line num="48" count="4" type="stmt"/>
          <line num="50" count="4" type="stmt"/>
        </file>
      </package>
      <package name="src.Form">
        <metrics statements="10" coveredstatements="8" conditionals="0" coveredconditionals="0" methods="3" coveredmethods="1"/>
        <file name="elements.js" path="/Users/thomasroux/Projects/tiller-stardust/src/Form/elements.js">
          <metrics statements="1" coveredstatements="1" conditionals="0" coveredconditionals="0" methods="0" coveredmethods="0"/>
          <line num="3" count="3" type="stmt"/>
        </file>
        <file name="index.js" path="/Users/thomasroux/Projects/tiller-stardust/src/Form/index.js">
          <metrics statements="9" coveredstatements="7" conditionals="0" coveredconditionals="0" methods="3" coveredmethods="1"/>
          <line num="13" count="3" type="stmt"/>
          <line num="14" count="9" type="stmt"/>
          <line num="17" count="0" type="stmt"/>
          <line num="18" count="0" type="stmt"/>
          <line num="26" count="3" type="stmt"/>
          <line num="27" count="3" type="stmt"/>
          <line num="32" count="3" type="stmt"/>
          <line num="33" count="3" type="stmt"/>
          <line num="43" count="3" type="stmt"/>
        </file>
      </package>
      <package name="src.Form.Field">
        <metrics statements="38" coveredstatements="37" conditionals="21" coveredconditionals="17" methods="25" coveredmethods="25"/>
        <file name="elements.js" path="/Users/thomasroux/Projects/tiller-stardust/src/Form/Field/elements.js">
          <metrics statements="26" coveredstatements="26" conditionals="12" coveredconditionals="9" methods="21" coveredmethods="21"/>
          <line num="8" count="19" type="cond" truecount="1" falsecount="1"/>
          <line num="15" count="19" type="cond" truecount="1" falsecount="1"/>
          <line num="17" count="3" type="stmt"/>
          <line num="20" count="19" type="stmt"/>
          <line num="21" count="19" type="stmt"/>
          <line num="24" count="19" type="stmt"/>
          <line num="27" count="19" type="cond" truecount="2" falsecount="0"/>
          <line num="29" count="4" type="stmt"/>
          <line num="39" count="3" type="stmt"/>
          <line num="47" count="19" type="cond" truecount="2" falsecount="0"/>
          <line num="55" count="3" type="stmt"/>
          <line num="56" count="15" type="stmt"/>
          <line num="61" count="15" type="stmt"/>
          <line num="63" count="15" type="stmt"/>
          <line num="70" count="15" type="stmt"/>
          <line num="75" count="15" type="stmt"/>
          <line num="80" count="15" type="stmt"/>
          <line num="82" count="15" type="stmt"/>
          <line num="83" count="15" type="stmt"/>
          <line num="84" count="15" type="stmt"/>
          <line num="87" count="15" type="cond" truecount="1" falsecount="1"/>
          <line num="94" count="15" type="cond" truecount="2" falsecount="0"/>
          <line num="96" count="1" type="stmt"/>
          <line num="101" count="1" type="stmt"/>
          <line num="105" count="3" type="stmt"/>
          <line num="114" count="3" type="stmt"/>
        </file>
        <file name="index.js" path="/Users/thomasroux/Projects/tiller-stardust/src/Form/Field/index.js">
          <metrics statements="12" coveredstatements="11" conditionals="9" coveredconditionals="8" methods="4" coveredmethods="4"/>
          <line num="47" count="1" type="stmt"/>
          <line num="54" count="1" type="stmt"/>
          <line num="63" count="19" type="stmt"/>
          <line num="64" count="19" type="stmt"/>
          <line num="66" count="19" type="stmt"/>
          <line num="69" count="19" type="stmt"/>
          <line num="71" count="19" type="cond" truecount="2" falsecount="0"/>
          <line num="72" count="18" type="stmt"/>
          <line num="75" count="1" type="cond" truecount="1" falsecount="1"/>
          <line num="76" count="1" type="stmt"/>
          <line num="79" count="0" type="stmt"/>
          <line num="82" count="19" type="stmt"/>
        </file>
      </package>
      <package name="src.Form.Group">
        <metrics statements="8" coveredstatements="8" conditionals="2" coveredconditionals="2" methods="3" coveredmethods="3"/>
        <file name="elements.js" path="/Users/thomasroux/Projects/tiller-stardust/src/Form/Group/elements.js">
          <metrics statements="2" coveredstatements="2" conditionals="2" coveredconditionals="2" methods="1" coveredmethods="1"/>
          <line num="3" count="3" type="stmt"/>
          <line num="10" count="9" type="cond" truecount="2" falsecount="0"/>
        </file>
        <file name="index.js" path="/Users/thomasroux/Projects/tiller-stardust/src/Form/Group/index.js">
          <metrics statements="6" coveredstatements="6" conditionals="0" coveredconditionals="0" methods="2" coveredmethods="2"/>
          <line num="10" count="3" type="stmt"/>
          <line num="11" count="9" type="stmt"/>
          <line num="13" count="17" type="stmt"/>
          <line num="25" count="3" type="stmt"/>
          <line num="26" count="3" type="stmt"/>
          <line num="37" count="3" type="stmt"/>
        </file>
      </package>
      <package name="src.Icon">
        <metrics statements="13" coveredstatements="13" conditionals="4" coveredconditionals="4" methods="3" coveredmethods="3"/>
        <file name="data.js" path="/Users/thomasroux/Projects/tiller-stardust/src/Icon/data.js">
          <metrics statements="1" coveredstatements="1" conditionals="0" coveredconditionals="0" methods="0" coveredmethods="0"/>
          <line num="2" count="3" type="stmt"/>
        </file>
        <file name="elements.js" path="/Users/thomasroux/Projects/tiller-stardust/src/Icon/elements.js">
          <metrics statements="3" coveredstatements="3" conditionals="2" coveredconditionals="2" methods="1" coveredmethods="1"/>
          <line num="3" count="3" type="stmt"/>
          <line num="13" count="3" type="stmt"/>
          <line num="19" count="13" type="cond" truecount="2" falsecount="0"/>
        </file>
        <file name="index.js" path="/Users/thomasroux/Projects/tiller-stardust/src/Icon/index.js">
          <metrics statements="9" coveredstatements="9" conditionals="2" coveredconditionals="2" methods="2" coveredmethods="2"/>
          <line num="9" count="3" type="stmt"/>
          <line num="10" count="3" type="stmt"/>
          <line num="11" count="13" type="cond" truecount="2" falsecount="0"/>
          <line num="12" count="10" type="stmt"/>
          <line num="15" count="3" type="stmt"/>
          <line num="16" count="13" type="stmt"/>
          <line num="26" count="3" type="stmt"/>
          <line num="27" count="3" type="stmt"/>
          <line num="38" count="3" type="stmt"/>
        </file>
      </package>
      <package name="src.Input">
        <metrics statements="48" coveredstatements="47" conditionals="47" coveredconditionals="45" methods="31" coveredmethods="31"/>
        <file name="elements.js" path="/Users/thomasroux/Projects/tiller-stardust/src/Input/elements.js">
          <metrics statements="21" coveredstatements="21" conditionals="12" coveredconditionals="12" methods="19" coveredmethods="19"/>
          <line num="3" count="3" type="stmt"/>
          <line num="8" count="44" type="stmt"/>
          <line num="11" count="44" type="stmt"/>
          <line num="12" count="44" type="stmt"/>
          <line num="13" count="44" type="stmt"/>
          <line num="16" count="44" type="cond" truecount="2" falsecount="0"/>
          <line num="18" count="1" type="stmt"/>
          <line num="22" count="44" type="cond" truecount="2" falsecount="0"/>
          <line num="24" count="1" type="stmt"/>
          <line num="28" count="44" type="cond" truecount="2" falsecount="0"/>
          <line num="30" count="1" type="stmt"/>
          <line num="34" count="44" type="cond" truecount="2" falsecount="0"/>
          <line num="36" count="1" type="stmt"/>
          <line num="40" count="44" type="cond" truecount="2" falsecount="0"/>
          <line num="42" count="8" type="stmt"/>
          <line num="46" count="44" type="cond" truecount="2" falsecount="0"/>
          <line num="49" count="4" type="stmt"/>
          <line num="53" count="3" type="stmt"/>
          <line num="56" count="44" type="stmt"/>
          <line num="58" count="44" type="stmt"/>
          <line num="59" count="44" type="stmt"/>
        </file>
        <file name="index.js" path="/Users/thomasroux/Projects/tiller-stardust/src/Input/index.js">
          <metrics statements="27" coveredstatements="26" conditionals="35" coveredconditionals="33" methods="12" coveredmethods="12"/>
          <line num="20" count="3" type="stmt"/>
          <line num="21" count="8" type="cond" truecount="2" falsecount="0"/>
          <line num="22" count="7" type="cond" truecount="2" falsecount="0"/>
          <line num="23" count="6" type="cond" truecount="2" falsecount="0"/>
          <line num="24" count="5" type="cond" truecount="2" falsecount="0"/>
          <line num="25" count="4" type="cond" truecount="2" falsecount="0"/>
          <line num="26" count="3" type="cond" truecount="1" falsecount="1"/>
          <line num="115" count="10" type="stmt"/>
          <line num="116" count="10" type="cond" truecount="1" falsecount="1"/>
          <line num="117" count="0" type="stmt"/>
          <line num="127" count="3" type="stmt"/>
          <line num="128" count="3" type="stmt"/>
          <line num="130" count="3" type="cond" truecount="4" falsecount="0"/>
          <line num="131" count="1" type="stmt"/>
          <line num="133" count="2" type="stmt"/>
          <line num="141" count="6" type="stmt"/>
          <line num="143" count="6" type="stmt"/>
          <line num="144" count="6" type="stmt"/>
          <line num="145" count="6" type="stmt"/>
          <line num="153" count="2" type="stmt"/>
          <line num="154" count="2" type="stmt"/>
          <line num="155" count="2" type="stmt"/>
          <line num="156" count="2" type="stmt"/>
          <line num="166" count="44" type="stmt"/>
          <line num="183" count="44" type="stmt"/>
          <line num="187" count="44" type="cond" truecount="7" falsecount="0"/>
          <line num="189" count="44" type="stmt"/>
        </file>
      </package>
      <package name="src.Input.Label">
        <metrics statements="15" coveredstatements="15" conditionals="4" coveredconditionals="4" methods="10" coveredmethods="10"/>
        <file name="index.js" path="/Users/thomasroux/Projects/tiller-stardust/src/Input/Label/index.js">
          <metrics statements="15" coveredstatements="15" conditionals="4" coveredconditionals="4" methods="10" coveredmethods="10"/>
          <line num="13" count="3" type="stmt"/>
          <line num="14" count="2" type="stmt"/>
          <line num="20" count="3" type="stmt"/>
          <line num="23" count="3" type="stmt"/>
          <line num="24" count="3" type="stmt"/>
          <line num="30" count="3" type="stmt"/>
          <line num="42" count="2" type="stmt"/>
          <line num="45" count="2" type="cond" truecount="2" falsecount="0"/>
          <line num="47" count="1" type="stmt"/>
          <line num="48" count="1" type="stmt"/>
          <line num="49" count="1" type="stmt"/>
          <line num="53" count="2" type="cond" truecount="2" falsecount="0"/>
          <line num="55" count="1" type="stmt"/>
          <line num="56" count="1" type="stmt"/>
          <line num="57" count="1" type="stmt"/>
        </file>
      </package>
      <package name="src.Input.Status">
        <metrics statements="22" coveredstatements="22" conditionals="21" coveredconditionals="21" methods="16" coveredmethods="16"/>
        <file name="index.js" path="/Users/thomasroux/Projects/tiller-stardust/src/Input/Status/index.js">
          <metrics statements="22" coveredstatements="22" conditionals="21" coveredconditionals="21" methods="16" coveredmethods="16"/>
          <line num="9" count="3" type="stmt"/>
          <line num="25" count="3" type="stmt"/>
          <line num="26" count="8" type="stmt"/>
          <line num="38" count="3" type="stmt"/>
          <line num="41" count="3" type="stmt"/>
          <line num="42" count="3" type="stmt"/>
          <line num="48" count="3" type="stmt"/>
          <line num="60" count="8" type="stmt"/>
          <line num="65" count="8" type="cond" truecount="2" falsecount="0"/>
          <line num="67" count="1" type="stmt"/>
          <line num="71" count="8" type="cond" truecount="2" falsecount="0"/>
          <line num="73" count="1" type="stmt"/>
          <line num="77" count="8" type="cond" truecount="2" falsecount="0"/>
          <line num="79" count="1" type="stmt"/>
          <line num="83" count="8" type="cond" truecount="2" falsecount="0"/>
          <line num="85" count="1" type="stmt"/>
          <line num="89" count="8" type="cond" truecount="2" falsecount="0"/>
          <line num="91" count="1" type="stmt"/>
          <line num="95" count="8" type="cond" truecount="2" falsecount="0"/>
          <line num="97" count="3" type="stmt"/>
          <line num="101" count="8" type="cond" truecount="3" falsecount="0"/>
          <line num="104" count="1" type="stmt"/>
        </file>
      </package>
      <package name="src.KpiBlock">
        <metrics statements="20" coveredstatements="20" conditionals="8" coveredconditionals="8" methods="13" coveredmethods="13"/>
        <file name="elements.js" path="/Users/thomasroux/Projects/tiller-stardust/src/KpiBlock/elements.js">
          <metrics statements="12" coveredstatements="12" conditionals="4" coveredconditionals="4" methods="9" coveredmethods="9"/>
          <line num="3" count="4" type="stmt"/>
          <line num="4" count="2" type="stmt"/>
          <line num="7" count="2" type="stmt"/>
          <line num="10" count="4" type="stmt"/>
          <line num="11" count="2" type="stmt"/>
          <line num="13" count="2" type="stmt"/>
          <line num="16" count="4" type="stmt"/>
          <line num="24" count="2" type="stmt"/>
          <line num="28" count="2" type="cond" truecount="2" falsecount="0"/>
          <line num="30" count="1" type="stmt"/>
          <line num="35" count="2" type="cond" truecount="2" falsecount="0"/>
          <line num="37" count="1" type="stmt"/>
        </file>
        <file name="index.js" path="/Users/thomasroux/Projects/tiller-stardust/src/KpiBlock/index.js">
          <metrics statements="8" coveredstatements="8" conditionals="4" coveredconditionals="4" methods="4" coveredmethods="4"/>
          <line num="22" count="4" type="stmt"/>
          <line num="23" count="2" type="stmt"/>
          <line num="42" count="4" type="stmt"/>
          <line num="43" count="4" type="stmt"/>
          <line num="53" count="4" type="stmt"/>
          <line num="67" count="2" type="stmt"/>
          <line num="69" count="2" type="stmt"/>
          <line num="71" count="2" type="stmt"/>
        </file>
      </package>
      <package name="src.Logo">
        <metrics statements="5" coveredstatements="5" conditionals="0" coveredconditionals="0" methods="1" coveredmethods="1"/>
        <file name="index.js" path="/Users/thomasroux/Projects/tiller-stardust/src/Logo/index.js">
          <metrics statements="5" coveredstatements="5" conditionals="0" coveredconditionals="0" methods="1" coveredmethods="1"/>
          <line num="17" count="4" type="stmt"/>
          <line num="18" count="3" type="stmt"/>
          <line num="30" count="4" type="stmt"/>
          <line num="31" count="4" type="stmt"/>
          <line num="40" count="4" type="stmt"/>
        </file>
      </package>
      <package name="src.Theme">
        <metrics statements="49" coveredstatements="49" conditionals="0" coveredconditionals="0" methods="2" coveredmethods="2"/>
        <file name="breakpoints.js" path="/Users/thomasroux/Projects/tiller-stardust/src/Theme/breakpoints.js">
          <metrics statements="6" coveredstatements="6" conditionals="0" coveredconditionals="0" methods="0" coveredmethods="0"/>
          <line num="5" count="7" type="stmt"/>
          <line num="6" count="7" type="stmt"/>
          <line num="7" count="7" type="stmt"/>
          <line num="8" count="7" type="stmt"/>
          <line num="9" count="7" type="stmt"/>
          <line num="11" count="7" type="stmt"/>
        </file>
        <file name="dimensions.js" path="/Users/thomasroux/Projects/tiller-stardust/src/Theme/dimensions.js">
          <metrics statements="7" coveredstatements="7" conditionals="0" coveredconditionals="0" methods="0" coveredmethods="0"/>
          <line num="5" count="7" type="stmt"/>
          <line num="6" count="7" type="stmt"/>
          <line num="7" count="7" type="stmt"/>
          <line num="8" count="7" type="stmt"/>
          <line num="9" count="7" type="stmt"/>
          <line num="10" count="7" type="stmt"/>
          <line num="12" count="7" type="stmt"/>
        </file>
        <file name="fonts.js" path="/Users/thomasroux/Projects/tiller-stardust/src/Theme/fonts.js">
          <metrics statements="1" coveredstatements="1" conditionals="0" coveredconditionals="0" methods="0" coveredmethods="0"/>
          <line num="5" count="7" type="stmt"/>
        </file>
        <file name="index.js" path="/Users/thomasroux/Projects/tiller-stardust/src/Theme/index.js">
          <metrics statements="1" coveredstatements="1" conditionals="0" coveredconditionals="0" methods="0" coveredmethods="0"/>
          <line num="13" count="7" type="stmt"/>
        </file>
        <file name="palette.js" path="/Users/thomasroux/Projects/tiller-stardust/src/Theme/palette.js">
          <metrics statements="34" coveredstatements="34" conditionals="0" coveredconditionals="0" methods="2" coveredmethods="2"/>
          <line num="7" count="84" type="stmt"/>
          <line num="9" count="84" type="stmt"/>
          <line num="11" count="7" type="stmt"/>
          <line num="12" count="7" type="stmt"/>
          <line num="13" count="7" type="stmt"/>
          <line num="14" count="7" type="stmt"/>
          <line num="16" count="7" type="stmt"/>
          <line num="17" count="7" type="stmt"/>
          <line num="18" count="7" type="stmt"/>
          <line num="19" count="7" type="stmt"/>
          <line num="20" count="7" type="stmt"/>
          <line num="21" count="7" type="stmt"/>
          <line num="22" count="7" type="stmt"/>
          <line num="23" count="7" type="stmt"/>
          <line num="24" count="7" type="stmt"/>
          <line num="25" count="7" type="stmt"/>
          <line num="26" count="7" type="stmt"/>
          <line num="27" count="7" type="stmt"/>
          <line num="28" count="7" type="stmt"/>
          <line num="29" count="7" type="stmt"/>
          <line num="30" count="7" type="stmt"/>
          <line num="31" count="7" type="stmt"/>
          <line num="32" count="7" type="stmt"/>
          <line num="33" count="7" type="stmt"/>
          <line num="35" count="7" type="stmt"/>
          <line num="36" count="7" type="stmt"/>
          <line num="38" count="7" type="stmt"/>
          <line num="39" count="7" type="stmt"/>
          <line num="41" count="7" type="stmt"/>
          <line num="42" count="7" type="stmt"/>
          <line num="44" count="7" type="stmt"/>
          <line num="45" count="7" type="stmt"/>
          <line num="47" count="7" type="stmt"/>
          <line num="49" count="7" type="stmt"/>
        </file>
      </package>
      <package name="src.UserInfo">
        <metrics statements="15" coveredstatements="15" conditionals="0" coveredconditionals="0" methods="10" coveredmethods="9"/>
        <file name="elements.js" path="/Users/thomasroux/Projects/tiller-stardust/src/UserInfo/elements.js">
          <metrics statements="5" coveredstatements="5" conditionals="0" coveredconditionals="0" methods="3" coveredmethods="3"/>
          <line num="4" count="3" type="stmt"/>
          <line num="7" count="3" type="stmt"/>
          <line num="8" count="3" type="stmt"/>
          <line num="9" count="3" type="stmt"/>
          <line num="18" count="3" type="stmt"/>
        </file>
        <file name="index.js" path="/Users/thomasroux/Projects/tiller-stardust/src/UserInfo/index.js">
          <metrics statements="10" coveredstatements="10" conditionals="0" coveredconditionals="0" methods="7" coveredmethods="6"/>
          <line num="18" count="3" type="stmt"/>
          <line num="19" count="3" type="stmt"/>
          <line num="31" count="3" type="stmt"/>
          <line num="32" count="3" type="stmt"/>
          <line num="42" count="3" type="stmt"/>
          <line num="53" count="3" type="stmt"/>
          <line num="56" count="3" type="stmt"/>
          <line num="57" count="3" type="stmt"/>
          <line num="59" count="3" type="stmt"/>
          <line num="60" count="3" type="stmt"/>
        </file>
      </package>
    </metrics>
  </project>
</coverage>
