<?xml version="1.0" encoding="UTF-8"?>
<coverage generated="1532942097683" clover="3.2.0">
  <project timestamp="1532942097683" name="All files">
    <metrics statements="96" coveredstatements="95" conditionals="12" coveredconditionals="10" methods="22" coveredmethods="21" elements="130" coveredelements="126" complexity="0" loc="96" ncloc="96" packages="6" files="14" classes="14">
      <package name="src">
        <metrics statements="0" coveredstatements="0" conditionals="0" coveredconditionals="0" methods="0" coveredmethods="0"/>
        <file name="index.js" path="/Users/thomasroux/Projects/tiller-stardust/src/index.js">
          <metrics statements="0" coveredstatements="0" conditionals="0" coveredconditionals="0" methods="0" coveredmethods="0"/>
        </file>
      </package>
      <package name="src.Avatar">
        <metrics statements="14" coveredstatements="14" conditionals="8" coveredconditionals="8" methods="6" coveredmethods="6"/>
        <file name="elements.js" path="/Users/thomasroux/Projects/tiller-stardust/src/Avatar/elements.js">
          <metrics statements="1" coveredstatements="1" conditionals="0" coveredconditionals="0" methods="0" coveredmethods="0"/>
          <line num="3" count="2" type="stmt"/>
        </file>
        <file name="index.js" path="/Users/thomasroux/Projects/tiller-stardust/src/Avatar/index.js">
          <metrics statements="13" coveredstatements="13" conditionals="8" coveredconditionals="8" methods="6" coveredmethods="6"/>
          <line num="10" count="2" type="stmt"/>
          <line num="27" count="6" type="stmt"/>
          <line num="28" count="6" type="stmt"/>
          <line num="29" count="63" type="stmt"/>
          <line num="32" count="6" type="stmt"/>
          <line num="68" count="6" type="stmt"/>
          <line num="69" count="6" type="stmt"/>
          <line num="70" count="6" type="stmt"/>
          <line num="72" count="6" type="stmt"/>
          <line num="82" count="6" type="stmt"/>
          <line num="87" count="6" type="cond" truecount="2" falsecount="0"/>
          <line num="88" count="6" type="cond" truecount="2" falsecount="0"/>
          <line num="90" count="6" type="stmt"/>
        </file>
      </package>
      <package name="src.Icon">
        <metrics statements="13" coveredstatements="12" conditionals="4" coveredconditionals="2" methods="3" coveredmethods="3"/>
        <file name="data.js" path="/Users/thomasroux/Projects/tiller-stardust/src/Icon/data.js">
          <metrics statements="1" coveredstatements="1" conditionals="0" coveredconditionals="0" methods="0" coveredmethods="0"/>
          <line num="2" count="1" type="stmt"/>
        </file>
        <file name="elements.js" path="/Users/thomasroux/Projects/tiller-stardust/src/Icon/elements.js">
          <metrics statements="3" coveredstatements="3" conditionals="2" coveredconditionals="1" methods="1" coveredmethods="1"/>
          <line num="3" count="1" type="stmt"/>
          <line num="13" count="1" type="stmt"/>
          <line num="19" count="3" type="cond" truecount="1" falsecount="1"/>
        </file>
        <file name="index.js" path="/Users/thomasroux/Projects/tiller-stardust/src/Icon/index.js">
          <metrics statements="9" coveredstatements="8" conditionals="2" coveredconditionals="1" methods="2" coveredmethods="2"/>
          <line num="9" count="1" type="stmt"/>
          <line num="10" count="1" type="stmt"/>
          <line num="11" count="3" type="cond" truecount="1" falsecount="1"/>
          <line num="12" count="0" type="stmt"/>
          <line num="15" count="1" type="stmt"/>
          <line num="16" count="3" type="stmt"/>
          <line num="26" count="1" type="stmt"/>
          <line num="27" count="1" type="stmt"/>
          <line num="38" count="1" type="stmt"/>
        </file>
      </package>
      <package name="src.Logo">
        <metrics statements="5" coveredstatements="5" conditionals="0" coveredconditionals="0" methods="1" coveredmethods="1"/>
        <file name="index.js" path="/Users/thomasroux/Projects/tiller-stardust/src/Logo/index.js">
          <metrics statements="5" coveredstatements="5" conditionals="0" coveredconditionals="0" methods="1" coveredmethods="1"/>
          <line num="17" count="2" type="stmt"/>
          <line num="18" count="3" type="stmt"/>
          <line num="30" count="2" type="stmt"/>
          <line num="31" count="2" type="stmt"/>
          <line num="40" count="2" type="stmt"/>
        </file>
      </package>
      <package name="src.Theme">
        <metrics statements="49" coveredstatements="49" conditionals="0" coveredconditionals="0" methods="2" coveredmethods="2"/>
        <file name="breakpoints.js" path="/Users/thomasroux/Projects/tiller-stardust/src/Theme/breakpoints.js">
          <metrics statements="6" coveredstatements="6" conditionals="0" coveredconditionals="0" methods="0" coveredmethods="0"/>
          <line num="5" count="3" type="stmt"/>
          <line num="6" count="3" type="stmt"/>
          <line num="7" count="3" type="stmt"/>
          <line num="8" count="3" type="stmt"/>
          <line num="9" count="3" type="stmt"/>
          <line num="11" count="3" type="stmt"/>
        </file>
        <file name="dimensions.js" path="/Users/thomasroux/Projects/tiller-stardust/src/Theme/dimensions.js">
          <metrics statements="7" coveredstatements="7" conditionals="0" coveredconditionals="0" methods="0" coveredmethods="0"/>
          <line num="5" count="3" type="stmt"/>
          <line num="6" count="3" type="stmt"/>
          <line num="7" count="3" type="stmt"/>
          <line num="8" count="3" type="stmt"/>
          <line num="9" count="3" type="stmt"/>
          <line num="10" count="3" type="stmt"/>
          <line num="12" count="3" type="stmt"/>
        </file>
        <file name="fonts.js" path="/Users/thomasroux/Projects/tiller-stardust/src/Theme/fonts.js">
          <metrics statements="1" coveredstatements="1" conditionals="0" coveredconditionals="0" methods="0" coveredmethods="0"/>
          <line num="5" count="3" type="stmt"/>
        </file>
        <file name="index.js" path="/Users/thomasroux/Projects/tiller-stardust/src/Theme/index.js">
          <metrics statements="1" coveredstatements="1" conditionals="0" coveredconditionals="0" methods="0" coveredmethods="0"/>
          <line num="13" count="3" type="stmt"/>
        </file>
        <file name="palette.js" path="/Users/thomasroux/Projects/tiller-stardust/src/Theme/palette.js">
          <metrics statements="34" coveredstatements="34" conditionals="0" coveredconditionals="0" methods="2" coveredmethods="2"/>
          <line num="7" count="36" type="stmt"/>
          <line num="9" count="36" type="stmt"/>
          <line num="11" count="3" type="stmt"/>
          <line num="12" count="3" type="stmt"/>
          <line num="13" count="3" type="stmt"/>
          <line num="14" count="3" type="stmt"/>
          <line num="16" count="3" type="stmt"/>
          <line num="17" count="3" type="stmt"/>
          <line num="18" count="3" type="stmt"/>
          <line num="19" count="3" type="stmt"/>
          <line num="20" count="3" type="stmt"/>
          <line num="21" count="3" type="stmt"/>
          <line num="22" count="3" type="stmt"/>
          <line num="23" count="3" type="stmt"/>
          <line num="24" count="3" type="stmt"/>
          <line num="25" count="3" type="stmt"/>
          <line num="26" count="3" type="stmt"/>
          <line num="27" count="3" type="stmt"/>
          <line num="28" count="3" type="stmt"/>
          <line num="29" count="3" type="stmt"/>
          <line num="30" count="3" type="stmt"/>
          <line num="31" count="3" type="stmt"/>
          <line num="32" count="3" type="stmt"/>
          <line num="33" count="3" type="stmt"/>
          <line num="35" count="3" type="stmt"/>
          <line num="36" count="3" type="stmt"/>
          <line num="38" count="3" type="stmt"/>
          <line num="39" count="3" type="stmt"/>
          <line num="41" count="3" type="stmt"/>
          <line num="42" count="3" type="stmt"/>
          <line num="44" count="3" type="stmt"/>
          <line num="45" count="3" type="stmt"/>
          <line num="47" count="3" type="stmt"/>
          <line num="49" count="3" type="stmt"/>
        </file>
      </package>
      <package name="src.UserInfo">
        <metrics statements="15" coveredstatements="15" conditionals="0" coveredconditionals="0" methods="10" coveredmethods="9"/>
        <file name="elements.js" path="/Users/thomasroux/Projects/tiller-stardust/src/UserInfo/elements.js">
          <metrics statements="5" coveredstatements="5" conditionals="0" coveredconditionals="0" methods="3" coveredmethods="3"/>
          <line num="4" count="1" type="stmt"/>
          <line num="7" count="3" type="stmt"/>
          <line num="8" count="3" type="stmt"/>
          <line num="9" count="3" type="stmt"/>
          <line num="18" count="1" type="stmt"/>
        </file>
        <file name="index.js" path="/Users/thomasroux/Projects/tiller-stardust/src/UserInfo/index.js">
          <metrics statements="10" coveredstatements="10" conditionals="0" coveredconditionals="0" methods="7" coveredmethods="6"/>
          <line num="18" count="1" type="stmt"/>
          <line num="19" count="3" type="stmt"/>
          <line num="31" count="1" type="stmt"/>
          <line num="32" count="1" type="stmt"/>
          <line num="42" count="1" type="stmt"/>
          <line num="53" count="3" type="stmt"/>
          <line num="56" count="3" type="stmt"/>
          <line num="57" count="3" type="stmt"/>
          <line num="59" count="3" type="stmt"/>
          <line num="60" count="3" type="stmt"/>
        </file>
      </package>
    </metrics>
  </project>
</coverage>
