{"/Users/thomasroux/Projects/tiller-stardust/src/index.js": {"path":"/Users/thomasroux/Projects/tiller-stardust/src/index.js","statementMap":{},"fnMap":{},"branchMap":{},"s":{},"f":{},"b":{},"_coverageSchema":"332fd63041d2c1bcb487cc26dd0d5f7d97098a6c","hash":"80a0e89bdec074f6c2877216ac7ff42d0bb58762"}
,"/Users/thomasroux/Projects/tiller-stardust/src/Avatar/elements.js": {"path":"/Users/thomasroux/Projects/tiller-stardust/src/Avatar/elements.js","statementMap":{"0":{"start":{"line":3,"column":21},"end":{"line":5,"column":1}}},"fnMap":{},"branchMap":{},"s":{"0":2},"f":{},"b":{},"_coverageSchema":"332fd63041d2c1bcb487cc26dd0d5f7d97098a6c","hash":"2bd586a0b4878b40a0a38dd98486deb668a3b22d"}
,"/Users/thomasroux/Projects/tiller-stardust/src/Avatar/index.js": {"path":"/Users/thomasroux/Projects/tiller-stardust/src/Avatar/index.js","statementMap":{"0":{"start":{"line":10,"column":22},"end":{"line":17,"column":1}},"1":{"start":{"line":27,"column":12},"end":{"line":27,"column":13}},"2":{"start":{"line":28,"column":2},"end":{"line":30,"column":3}},"3":{"start":{"line":29,"column":4},"end":{"line":29,"column":29}},"4":{"start":{"line":32,"column":2},"end":{"line":32,"column":13}},"5":{"start":{"line":68,"column":43},"end":{"line":68,"column":53}},"6":{"start":{"line":69,"column":17},"end":{"line":69,"column":31}},"7":{"start":{"line":70,"column":26},"end":{"line":70,"column":35}},"8":{"start":{"line":72,"column":4},"end":{"line":77,"column":6}},"9":{"start":{"line":82,"column":24},"end":{"line":82,"column":76}},"10":{"start":{"line":87,"column":25},"end":{"line":87,"column":56}},"11":{"start":{"line":88,"column":26},"end":{"line":88,"column":57}},"12":{"start":{"line":90,"column":32},"end":{"line":90,"column":38}}},"fnMap":{"0":{"name":"sumChars","decl":{"start":{"line":26,"column":9},"end":{"line":26,"column":17}},"loc":{"start":{"line":26,"column":23},"end":{"line":33,"column":1}},"line":26},"1":{"name":"(anonymous_1)","decl":{"start":{"line":67,"column":2},"end":{"line":67,"column":3}},"loc":{"start":{"line":67,"column":11},"end":{"line":78,"column":3}},"line":67},"2":{"name":"(anonymous_2)","decl":{"start":{"line":82,"column":10},"end":{"line":82,"column":11}},"loc":{"start":{"line":82,"column":24},"end":{"line":82,"column":76}},"line":82},"3":{"name":"(anonymous_3)","decl":{"start":{"line":87,"column":11},"end":{"line":87,"column":12}},"loc":{"start":{"line":87,"column":25},"end":{"line":87,"column":56}},"line":87},"4":{"name":"(anonymous_4)","decl":{"start":{"line":88,"column":12},"end":{"line":88,"column":13}},"loc":{"start":{"line":88,"column":26},"end":{"line":88,"column":57}},"line":88},"5":{"name":"(anonymous_5)","decl":{"start":{"line":90,"column":16},"end":{"line":90,"column":17}},"loc":{"start":{"line":90,"column":32},"end":{"line":90,"column":38}},"line":90}},"branchMap":{"0":{"loc":{"start":{"line":74,"column":9},"end":{"line":74,"column":91}},"type":"binary-expr","locations":[{"start":{"line":74,"column":9},"end":{"line":74,"column":12}},{"start":{"line":74,"column":16},"end":{"line":74,"column":91}}],"line":74},"1":{"loc":{"start":{"line":75,"column":9},"end":{"line":75,"column":36}},"type":"binary-expr","locations":[{"start":{"line":75,"column":9},"end":{"line":75,"column":13}},{"start":{"line":75,"column":17},"end":{"line":75,"column":36}}],"line":75},"2":{"loc":{"start":{"line":87,"column":25},"end":{"line":87,"column":56}},"type":"binary-expr","locations":[{"start":{"line":87,"column":25},"end":{"line":87,"column":29}},{"start":{"line":87,"column":33},"end":{"line":87,"column":56}}],"line":87},"3":{"loc":{"start":{"line":88,"column":26},"end":{"line":88,"column":57}},"type":"binary-expr","locations":[{"start":{"line":88,"column":26},"end":{"line":88,"column":30}},{"start":{"line":88,"column":34},"end":{"line":88,"column":57}}],"line":88}},"s":{"0":2,"1":6,"2":6,"3":63,"4":6,"5":6,"6":6,"7":6,"8":6,"9":6,"10":6,"11":6,"12":6},"f":{"0":6,"1":6,"2":6,"3":6,"4":6,"5":6},"b":{"0":[6,3],"1":[6,3],"2":[6,5],"3":[6,5]},"_coverageSchema":"332fd63041d2c1bcb487cc26dd0d5f7d97098a6c","hash":"d0aac36f1a359ef708f2856fe295bb49dc33af93"}
,"/Users/thomasroux/Projects/tiller-stardust/src/Icon/data.js": {"path":"/Users/thomasroux/Projects/tiller-stardust/src/Icon/data.js","statementMap":{"0":{"start":{"line":2,"column":20},"end":{"line":53,"column":1}}},"fnMap":{},"branchMap":{},"s":{"0":1},"f":{},"b":{},"_coverageSchema":"332fd63041d2c1bcb487cc26dd0d5f7d97098a6c","hash":"0803ae9e9735bf5c486b476617a2aa06eafd0d3b"}
,"/Users/thomasroux/Projects/tiller-stardust/src/Icon/elements.js": {"path":"/Users/thomasroux/Projects/tiller-stardust/src/Icon/elements.js","statementMap":{"0":{"start":{"line":3,"column":29},"end":{"line":11,"column":1}},"1":{"start":{"line":13,"column":25},"end":{"line":23,"column":1}},"2":{"start":{"line":19,"column":4},"end":{"line":22,"column":5}}},"fnMap":{"0":{"name":"(anonymous_0)","decl":{"start":{"line":18,"column":4},"end":{"line":18,"column":5}},"loc":{"start":{"line":19,"column":4},"end":{"line":22,"column":5}},"line":19}},"branchMap":{"0":{"loc":{"start":{"line":19,"column":4},"end":{"line":22,"column":5}},"type":"binary-expr","locations":[{"start":{"line":19,"column":4},"end":{"line":19,"column":8}},{"start":{"line":20,"column":4},"end":{"line":22,"column":5}}],"line":19}},"s":{"0":1,"1":1,"2":3},"f":{"0":3},"b":{"0":[3,0]},"_coverageSchema":"332fd63041d2c1bcb487cc26dd0d5f7d97098a6c","hash":"7a625485863c618f932528b3a14aebf63de02dec"}
,"/Users/thomasroux/Projects/tiller-stardust/src/Icon/index.js": {"path":"/Users/thomasroux/Projects/tiller-stardust/src/Icon/index.js","statementMap":{"0":{"start":{"line":9,"column":20},"end":{"line":9,"column":25}},"1":{"start":{"line":10,"column":17},"end":{"line":13,"column":1}},"2":{"start":{"line":11,"column":2},"end":{"line":11,"column":59}},"3":{"start":{"line":11,"column":37},"end":{"line":11,"column":59}},"4":{"start":{"line":12,"column":2},"end":{"line":12,"column":15}},"5":{"start":{"line":15,"column":13},"end":{"line":21,"column":1}},"6":{"start":{"line":16,"column":2},"end":{"line":20,"column":14}},"7":{"start":{"line":26,"column":25},"end":{"line":26,"column":34}},"8":{"start":{"line":27,"column":0},"end":{"line":33,"column":2}},"9":{"start":{"line":38,"column":0},"end":{"line":43,"column":2}}},"fnMap":{"0":{"name":"(anonymous_0)","decl":{"start":{"line":10,"column":17},"end":{"line":10,"column":18}},"loc":{"start":{"line":10,"column":26},"end":{"line":13,"column":1}},"line":10},"1":{"name":"(anonymous_1)","decl":{"start":{"line":15,"column":13},"end":{"line":15,"column":14}},"loc":{"start":{"line":16,"column":2},"end":{"line":20,"column":14}},"line":16}},"branchMap":{"0":{"loc":{"start":{"line":11,"column":2},"end":{"line":11,"column":59}},"type":"if","locations":[{"start":{"line":11,"column":2},"end":{"line":11,"column":59}},{"start":{"line":11,"column":2},"end":{"line":11,"column":59}}],"line":11}},"s":{"0":1,"1":1,"2":3,"3":3,"4":0,"5":1,"6":3,"7":1,"8":1,"9":1},"f":{"0":3,"1":3},"b":{"0":[3,0]},"_coverageSchema":"332fd63041d2c1bcb487cc26dd0d5f7d97098a6c","hash":"6005921a10b865523080541a1f51a82d2a41235a"}
,"/Users/thomasroux/Projects/tiller-stardust/src/Logo/index.js": {"path":"/Users/thomasroux/Projects/tiller-stardust/src/Logo/index.js","statementMap":{"0":{"start":{"line":17,"column":13},"end":{"line":25,"column":1}},"1":{"start":{"line":18,"column":2},"end":{"line":24,"column":8}},"2":{"start":{"line":30,"column":19},"end":{"line":30,"column":28}},"3":{"start":{"line":31,"column":0},"end":{"line":35,"column":2}},"4":{"start":{"line":40,"column":0},"end":{"line":44,"column":2}}},"fnMap":{"0":{"name":"(anonymous_0)","decl":{"start":{"line":17,"column":13},"end":{"line":17,"column":14}},"loc":{"start":{"line":18,"column":2},"end":{"line":24,"column":8}},"line":18}},"branchMap":{},"s":{"0":2,"1":3,"2":2,"3":2,"4":2},"f":{"0":3},"b":{},"_coverageSchema":"332fd63041d2c1bcb487cc26dd0d5f7d97098a6c","hash":"e0571fcc29fec04f76ac36e5638fda6cd2b599d5"}
,"/Users/thomasroux/Projects/tiller-stardust/src/Theme/breakpoints.js": {"path":"/Users/thomasroux/Projects/tiller-stardust/src/Theme/breakpoints.js","statementMap":{"0":{"start":{"line":5,"column":11},"end":{"line":5,"column":12}},"1":{"start":{"line":6,"column":11},"end":{"line":6,"column":14}},"2":{"start":{"line":7,"column":11},"end":{"line":7,"column":14}},"3":{"start":{"line":8,"column":11},"end":{"line":8,"column":14}},"4":{"start":{"line":9,"column":11},"end":{"line":9,"column":15}},"5":{"start":{"line":11,"column":27},"end":{"line":17,"column":1}}},"fnMap":{},"branchMap":{},"s":{"0":3,"1":3,"2":3,"3":3,"4":3,"5":3},"f":{},"b":{},"_coverageSchema":"332fd63041d2c1bcb487cc26dd0d5f7d97098a6c","hash":"19d919592236ef2949f47e1f41b3c850d8cf71e4"}
,"/Users/thomasroux/Projects/tiller-stardust/src/Theme/dimensions.js": {"path":"/Users/thomasroux/Projects/tiller-stardust/src/Theme/dimensions.js","statementMap":{"0":{"start":{"line":5,"column":15},"end":{"line":5,"column":18}},"1":{"start":{"line":6,"column":13},"end":{"line":6,"column":16}},"2":{"start":{"line":7,"column":14},"end":{"line":7,"column":17}},"3":{"start":{"line":8,"column":15},"end":{"line":8,"column":18}},"4":{"start":{"line":9,"column":12},"end":{"line":9,"column":15}},"5":{"start":{"line":10,"column":13},"end":{"line":10,"column":16}},"6":{"start":{"line":12,"column":26},"end":{"line":28,"column":1}}},"fnMap":{},"branchMap":{},"s":{"0":3,"1":3,"2":3,"3":3,"4":3,"5":3,"6":3},"f":{},"b":{},"_coverageSchema":"332fd63041d2c1bcb487cc26dd0d5f7d97098a6c","hash":"3937b271dc5ca5a1b19ab406403b12b3923d1975"}
,"/Users/thomasroux/Projects/tiller-stardust/src/Theme/fonts.js": {"path":"/Users/thomasroux/Projects/tiller-stardust/src/Theme/fonts.js","statementMap":{"0":{"start":{"line":5,"column":21},"end":{"line":33,"column":1}}},"fnMap":{},"branchMap":{},"s":{"0":3},"f":{},"b":{},"_coverageSchema":"332fd63041d2c1bcb487cc26dd0d5f7d97098a6c","hash":"1ec7c2e0aaf891f9c2c7ac788e2ef055c9610775"}
,"/Users/thomasroux/Projects/tiller-stardust/src/Theme/index.js": {"path":"/Users/thomasroux/Projects/tiller-stardust/src/Theme/index.js","statementMap":{"0":{"start":{"line":13,"column":14},"end":{"line":18,"column":1}}},"fnMap":{},"branchMap":{},"s":{"0":3},"f":{},"b":{},"_coverageSchema":"332fd63041d2c1bcb487cc26dd0d5f7d97098a6c","hash":"09ff7e94eeebac49232fa4f5eb8836ed39dce8d0"}
,"/Users/thomasroux/Projects/tiller-stardust/src/Theme/palette.js": {"path":"/Users/thomasroux/Projects/tiller-stardust/src/Theme/palette.js","statementMap":{"0":{"start":{"line":7,"column":13},"end":{"line":7,"column":41}},"1":{"start":{"line":7,"column":22},"end":{"line":7,"column":41}},"2":{"start":{"line":9,"column":14},"end":{"line":9,"column":42}},"3":{"start":{"line":9,"column":23},"end":{"line":9,"column":42}},"4":{"start":{"line":11,"column":14},"end":{"line":11,"column":34}},"5":{"start":{"line":12,"column":13},"end":{"line":12,"column":33}},"6":{"start":{"line":13,"column":14},"end":{"line":13,"column":30}},"7":{"start":{"line":14,"column":19},"end":{"line":14,"column":39}},"8":{"start":{"line":16,"column":12},"end":{"line":16,"column":30}},"9":{"start":{"line":17,"column":14},"end":{"line":17,"column":33}},"10":{"start":{"line":18,"column":13},"end":{"line":18,"column":33}},"11":{"start":{"line":19,"column":15},"end":{"line":19,"column":34}},"12":{"start":{"line":20,"column":19},"end":{"line":20,"column":39}},"13":{"start":{"line":21,"column":13},"end":{"line":21,"column":33}},"14":{"start":{"line":22,"column":13},"end":{"line":22,"column":32}},"15":{"start":{"line":23,"column":15},"end":{"line":23,"column":35}},"16":{"start":{"line":24,"column":13},"end":{"line":24,"column":33}},"17":{"start":{"line":25,"column":23},"end":{"line":25,"column":43}},"18":{"start":{"line":26,"column":16},"end":{"line":26,"column":36}},"19":{"start":{"line":27,"column":14},"end":{"line":27,"column":34}},"20":{"start":{"line":28,"column":17},"end":{"line":28,"column":37}},"21":{"start":{"line":29,"column":15},"end":{"line":29,"column":34}},"22":{"start":{"line":30,"column":17},"end":{"line":30,"column":35}},"23":{"start":{"line":31,"column":18},"end":{"line":31,"column":38}},"24":{"start":{"line":32,"column":18},"end":{"line":32,"column":38}},"25":{"start":{"line":33,"column":17},"end":{"line":33,"column":37}},"26":{"start":{"line":35,"column":20},"end":{"line":35,"column":25}},"27":{"start":{"line":36,"column":20},"end":{"line":36,"column":24}},"28":{"start":{"line":38,"column":22},"end":{"line":38,"column":26}},"29":{"start":{"line":39,"column":22},"end":{"line":39,"column":27}},"30":{"start":{"line":41,"column":20},"end":{"line":41,"column":25}},"31":{"start":{"line":42,"column":20},"end":{"line":42,"column":25}},"32":{"start":{"line":44,"column":20},"end":{"line":44,"column":25}},"33":{"start":{"line":45,"column":20},"end":{"line":45,"column":23}},"34":{"start":{"line":47,"column":23},"end":{"line":47,"column":32}},"35":{"start":{"line":49,"column":23},"end":{"line":128,"column":1}}},"fnMap":{"0":{"name":"(anonymous_0)","decl":{"start":{"line":7,"column":13},"end":{"line":7,"column":14}},"loc":{"start":{"line":7,"column":22},"end":{"line":7,"column":41}},"line":7},"1":{"name":"(anonymous_1)","decl":{"start":{"line":9,"column":14},"end":{"line":9,"column":15}},"loc":{"start":{"line":9,"column":23},"end":{"line":9,"column":42}},"line":9}},"branchMap":{},"s":{"0":3,"1":36,"2":3,"3":36,"4":3,"5":3,"6":3,"7":3,"8":3,"9":3,"10":3,"11":3,"12":3,"13":3,"14":3,"15":3,"16":3,"17":3,"18":3,"19":3,"20":3,"21":3,"22":3,"23":3,"24":3,"25":3,"26":3,"27":3,"28":3,"29":3,"30":3,"31":3,"32":3,"33":3,"34":3,"35":3},"f":{"0":36,"1":36},"b":{},"_coverageSchema":"332fd63041d2c1bcb487cc26dd0d5f7d97098a6c","hash":"64ace4fbb4006b27eb27b15bb19e1d68b98fb915"}
,"/Users/thomasroux/Projects/tiller-stardust/src/UserInfo/elements.js": {"path":"/Users/thomasroux/Projects/tiller-stardust/src/UserInfo/elements.js","statementMap":{"0":{"start":{"line":4,"column":24},"end":{"line":16,"column":1}},"1":{"start":{"line":7,"column":43},"end":{"line":7,"column":55}},"2":{"start":{"line":8,"column":43},"end":{"line":8,"column":60}},"3":{"start":{"line":9,"column":46},"end":{"line":9,"column":66}},"4":{"start":{"line":18,"column":33},"end":{"line":23,"column":1}}},"fnMap":{"0":{"name":"(anonymous_0)","decl":{"start":{"line":7,"column":17},"end":{"line":7,"column":18}},"loc":{"start":{"line":7,"column":43},"end":{"line":7,"column":55}},"line":7},"1":{"name":"(anonymous_1)","decl":{"start":{"line":8,"column":17},"end":{"line":8,"column":18}},"loc":{"start":{"line":8,"column":43},"end":{"line":8,"column":60}},"line":8},"2":{"name":"(anonymous_2)","decl":{"start":{"line":9,"column":20},"end":{"line":9,"column":21}},"loc":{"start":{"line":9,"column":46},"end":{"line":9,"column":66}},"line":9}},"branchMap":{},"s":{"0":1,"1":3,"2":3,"3":3,"4":1},"f":{"0":3,"1":3,"2":3},"b":{},"_coverageSchema":"332fd63041d2c1bcb487cc26dd0d5f7d97098a6c","hash":"8c1ff6ecd365a3a1606289b816c52d98bb5fb838"}
,"/Users/thomasroux/Projects/tiller-stardust/src/UserInfo/index.js": {"path":"/Users/thomasroux/Projects/tiller-stardust/src/UserInfo/index.js","statementMap":{"0":{"start":{"line":18,"column":17},"end":{"line":26,"column":1}},"1":{"start":{"line":19,"column":2},"end":{"line":25,"column":8}},"2":{"start":{"line":31,"column":25},"end":{"line":31,"column":34}},"3":{"start":{"line":32,"column":0},"end":{"line":37,"column":2}},"4":{"start":{"line":42,"column":0},"end":{"line":46,"column":2}},"5":{"start":{"line":53,"column":44},"end":{"line":53,"column":61}},"6":{"start":{"line":56,"column":54},"end":{"line":56,"column":66}},"7":{"start":{"line":57,"column":57},"end":{"line":57,"column":69}},"8":{"start":{"line":59,"column":39},"end":{"line":59,"column":52}},"9":{"start":{"line":60,"column":41},"end":{"line":60,"column":58}}},"fnMap":{"0":{"name":"(anonymous_0)","decl":{"start":{"line":18,"column":17},"end":{"line":18,"column":18}},"loc":{"start":{"line":19,"column":2},"end":{"line":25,"column":8}},"line":19},"1":{"name":"(anonymous_1)","decl":{"start":{"line":44,"column":11},"end":{"line":44,"column":12}},"loc":{"start":{"line":44,"column":17},"end":{"line":44,"column":19}},"line":44},"2":{"name":"(anonymous_2)","decl":{"start":{"line":53,"column":13},"end":{"line":53,"column":14}},"loc":{"start":{"line":53,"column":44},"end":{"line":53,"column":61}},"line":53},"3":{"name":"(anonymous_3)","decl":{"start":{"line":56,"column":26},"end":{"line":56,"column":27}},"loc":{"start":{"line":56,"column":54},"end":{"line":56,"column":66}},"line":56},"4":{"name":"(anonymous_4)","decl":{"start":{"line":57,"column":29},"end":{"line":57,"column":30}},"loc":{"start":{"line":57,"column":57},"end":{"line":57,"column":69}},"line":57},"5":{"name":"(anonymous_5)","decl":{"start":{"line":59,"column":11},"end":{"line":59,"column":12}},"loc":{"start":{"line":59,"column":39},"end":{"line":59,"column":52}},"line":59},"6":{"name":"(anonymous_6)","decl":{"start":{"line":60,"column":15},"end":{"line":60,"column":16}},"loc":{"start":{"line":60,"column":41},"end":{"line":60,"column":58}},"line":60}},"branchMap":{},"s":{"0":1,"1":3,"2":1,"3":1,"4":1,"5":3,"6":3,"7":3,"8":3,"9":3},"f":{"0":3,"1":0,"2":3,"3":3,"4":3,"5":3,"6":3},"b":{},"_coverageSchema":"332fd63041d2c1bcb487cc26dd0d5f7d97098a6c","hash":"324b7cfc6abaec32af192c0e784a63234da634c4"}
}
