{"/Users/thomasroux/Projects/tiller-stardust/src/index.js": {"path":"/Users/thomasroux/Projects/tiller-stardust/src/index.js","statementMap":{},"fnMap":{},"branchMap":{},"s":{},"f":{},"b":{},"_coverageSchema":"332fd63041d2c1bcb487cc26dd0d5f7d97098a6c","hash":"80a0e89bdec074f6c2877216ac7ff42d0bb58762"}
,"/Users/thomasroux/Projects/tiller-stardust/src/Avatar/elements.js": {"path":"/Users/thomasroux/Projects/tiller-stardust/src/Avatar/elements.js","statementMap":{"0":{"start":{"line":3,"column":21},"end":{"line":5,"column":1}}},"fnMap":{},"branchMap":{},"s":{"0":4},"f":{},"b":{},"_coverageSchema":"332fd63041d2c1bcb487cc26dd0d5f7d97098a6c","hash":"2bd586a0b4878b40a0a38dd98486deb668a3b22d"}
,"/Users/thomasroux/Projects/tiller-stardust/src/Avatar/index.js": {"path":"/Users/thomasroux/Projects/tiller-stardust/src/Avatar/index.js","statementMap":{"0":{"start":{"line":10,"column":22},"end":{"line":17,"column":1}},"1":{"start":{"line":27,"column":12},"end":{"line":27,"column":13}},"2":{"start":{"line":28,"column":2},"end":{"line":30,"column":3}},"3":{"start":{"line":29,"column":4},"end":{"line":29,"column":29}},"4":{"start":{"line":32,"column":2},"end":{"line":32,"column":13}},"5":{"start":{"line":68,"column":43},"end":{"line":68,"column":53}},"6":{"start":{"line":69,"column":17},"end":{"line":69,"column":31}},"7":{"start":{"line":70,"column":26},"end":{"line":70,"column":35}},"8":{"start":{"line":72,"column":4},"end":{"line":77,"column":6}},"9":{"start":{"line":82,"column":24},"end":{"line":82,"column":76}},"10":{"start":{"line":87,"column":25},"end":{"line":87,"column":56}},"11":{"start":{"line":88,"column":26},"end":{"line":88,"column":57}},"12":{"start":{"line":90,"column":32},"end":{"line":90,"column":38}}},"fnMap":{"0":{"name":"sumChars","decl":{"start":{"line":26,"column":9},"end":{"line":26,"column":17}},"loc":{"start":{"line":26,"column":23},"end":{"line":33,"column":1}},"line":26},"1":{"name":"(anonymous_1)","decl":{"start":{"line":67,"column":2},"end":{"line":67,"column":3}},"loc":{"start":{"line":67,"column":11},"end":{"line":78,"column":3}},"line":67},"2":{"name":"(anonymous_2)","decl":{"start":{"line":82,"column":10},"end":{"line":82,"column":11}},"loc":{"start":{"line":82,"column":24},"end":{"line":82,"column":76}},"line":82},"3":{"name":"(anonymous_3)","decl":{"start":{"line":87,"column":11},"end":{"line":87,"column":12}},"loc":{"start":{"line":87,"column":25},"end":{"line":87,"column":56}},"line":87},"4":{"name":"(anonymous_4)","decl":{"start":{"line":88,"column":12},"end":{"line":88,"column":13}},"loc":{"start":{"line":88,"column":26},"end":{"line":88,"column":57}},"line":88},"5":{"name":"(anonymous_5)","decl":{"start":{"line":90,"column":16},"end":{"line":90,"column":17}},"loc":{"start":{"line":90,"column":32},"end":{"line":90,"column":38}},"line":90}},"branchMap":{"0":{"loc":{"start":{"line":74,"column":9},"end":{"line":74,"column":91}},"type":"binary-expr","locations":[{"start":{"line":74,"column":9},"end":{"line":74,"column":12}},{"start":{"line":74,"column":16},"end":{"line":74,"column":91}}],"line":74},"1":{"loc":{"start":{"line":75,"column":9},"end":{"line":75,"column":36}},"type":"binary-expr","locations":[{"start":{"line":75,"column":9},"end":{"line":75,"column":13}},{"start":{"line":75,"column":17},"end":{"line":75,"column":36}}],"line":75},"2":{"loc":{"start":{"line":87,"column":25},"end":{"line":87,"column":56}},"type":"binary-expr","locations":[{"start":{"line":87,"column":25},"end":{"line":87,"column":29}},{"start":{"line":87,"column":33},"end":{"line":87,"column":56}}],"line":87},"3":{"loc":{"start":{"line":88,"column":26},"end":{"line":88,"column":57}},"type":"binary-expr","locations":[{"start":{"line":88,"column":26},"end":{"line":88,"column":30}},{"start":{"line":88,"column":34},"end":{"line":88,"column":57}}],"line":88}},"s":{"0":4,"1":6,"2":6,"3":63,"4":6,"5":6,"6":6,"7":6,"8":6,"9":6,"10":6,"11":6,"12":6},"f":{"0":6,"1":6,"2":6,"3":6,"4":6,"5":6},"b":{"0":[6,3],"1":[6,3],"2":[6,5],"3":[6,5]},"_coverageSchema":"332fd63041d2c1bcb487cc26dd0d5f7d97098a6c","hash":"d0aac36f1a359ef708f2856fe295bb49dc33af93"}
,"/Users/thomasroux/Projects/tiller-stardust/src/Button/elements.js": {"path":"/Users/thomasroux/Projects/tiller-stardust/src/Button/elements.js","statementMap":{"0":{"start":{"line":12,"column":18},"end":{"line":22,"column":1}},"1":{"start":{"line":13,"column":2},"end":{"line":21,"column":3}},"2":{"start":{"line":14,"column":4},"end":{"line":14,"column":15}},"3":{"start":{"line":16,"column":4},"end":{"line":20,"column":5}},"4":{"start":{"line":17,"column":6},"end":{"line":17,"column":38}},"5":{"start":{"line":19,"column":6},"end":{"line":19,"column":20}},"6":{"start":{"line":30,"column":25},"end":{"line":30,"column":91}},"7":{"start":{"line":30,"column":45},"end":{"line":30,"column":91}},"8":{"start":{"line":32,"column":25},"end":{"line":434,"column":1}},"9":{"start":{"line":39,"column":46},"end":{"line":39,"column":74}},"10":{"start":{"line":40,"column":50},"end":{"line":40,"column":80}},"11":{"start":{"line":42,"column":52},"end":{"line":42,"column":69}},"12":{"start":{"line":48,"column":10},"end":{"line":48,"column":24}},"13":{"start":{"line":53,"column":10},"end":{"line":53,"column":24}},"14":{"start":{"line":54,"column":41},"end":{"line":54,"column":54}},"15":{"start":{"line":56,"column":46},"end":{"line":56,"column":69}},"16":{"start":{"line":57,"column":52},"end":{"line":57,"column":75}},"17":{"start":{"line":66,"column":6},"end":{"line":70,"column":7}},"18":{"start":{"line":74,"column":6},"end":{"line":77,"column":7}},"19":{"start":{"line":81,"column":6},"end":{"line":84,"column":7}},"20":{"start":{"line":88,"column":6},"end":{"line":97,"column":7}},"21":{"start":{"line":93,"column":10},"end":{"line":96,"column":11}},"22":{"start":{"line":100,"column":6},"end":{"line":109,"column":7}},"23":{"start":{"line":105,"column":10},"end":{"line":108,"column":11}},"24":{"start":{"line":113,"column":6},"end":{"line":122,"column":7}},"25":{"start":{"line":118,"column":10},"end":{"line":121,"column":11}},"26":{"start":{"line":126,"column":6},"end":{"line":135,"column":7}},"27":{"start":{"line":131,"column":10},"end":{"line":134,"column":11}},"28":{"start":{"line":139,"column":6},"end":{"line":145,"column":7}},"29":{"start":{"line":141,"column":45},"end":{"line":141,"column":61}},"30":{"start":{"line":143,"column":50},"end":{"line":143,"column":63}},"31":{"start":{"line":144,"column":56},"end":{"line":144,"column":68}},"32":{"start":{"line":149,"column":6},"end":{"line":155,"column":7}},"33":{"start":{"line":151,"column":45},"end":{"line":151,"column":65}},"34":{"start":{"line":153,"column":50},"end":{"line":153,"column":70}},"35":{"start":{"line":154,"column":56},"end":{"line":154,"column":76}},"36":{"start":{"line":159,"column":6},"end":{"line":170,"column":7}},"37":{"start":{"line":162,"column":45},"end":{"line":162,"column":65}},"38":{"start":{"line":164,"column":50},"end":{"line":164,"column":70}},"39":{"start":{"line":165,"column":56},"end":{"line":165,"column":76}},"40":{"start":{"line":168,"column":46},"end":{"line":168,"column":66}},"41":{"start":{"line":174,"column":6},"end":{"line":180,"column":7}},"42":{"start":{"line":176,"column":45},"end":{"line":176,"column":67}},"43":{"start":{"line":178,"column":50},"end":{"line":178,"column":72}},"44":{"start":{"line":179,"column":56},"end":{"line":179,"column":78}},"45":{"start":{"line":184,"column":6},"end":{"line":195,"column":7}},"46":{"start":{"line":187,"column":45},"end":{"line":187,"column":67}},"47":{"start":{"line":189,"column":50},"end":{"line":189,"column":72}},"48":{"start":{"line":190,"column":56},"end":{"line":190,"column":78}},"49":{"start":{"line":193,"column":46},"end":{"line":193,"column":68}},"50":{"start":{"line":199,"column":6},"end":{"line":205,"column":7}},"51":{"start":{"line":201,"column":45},"end":{"line":201,"column":65}},"52":{"start":{"line":203,"column":50},"end":{"line":203,"column":70}},"53":{"start":{"line":204,"column":56},"end":{"line":204,"column":76}},"54":{"start":{"line":209,"column":6},"end":{"line":220,"column":7}},"55":{"start":{"line":212,"column":45},"end":{"line":212,"column":65}},"56":{"start":{"line":214,"column":50},"end":{"line":214,"column":70}},"57":{"start":{"line":215,"column":56},"end":{"line":215,"column":76}},"58":{"start":{"line":218,"column":46},"end":{"line":218,"column":66}},"59":{"start":{"line":224,"column":6},"end":{"line":230,"column":7}},"60":{"start":{"line":226,"column":45},"end":{"line":226,"column":65}},"61":{"start":{"line":228,"column":50},"end":{"line":228,"column":70}},"62":{"start":{"line":229,"column":56},"end":{"line":229,"column":76}},"63":{"start":{"line":234,"column":6},"end":{"line":245,"column":7}},"64":{"start":{"line":237,"column":45},"end":{"line":237,"column":65}},"65":{"start":{"line":239,"column":50},"end":{"line":239,"column":70}},"66":{"start":{"line":240,"column":56},"end":{"line":240,"column":76}},"67":{"start":{"line":243,"column":46},"end":{"line":243,"column":66}},"68":{"start":{"line":249,"column":6},"end":{"line":257,"column":7}},"69":{"start":{"line":251,"column":45},"end":{"line":251,"column":59}},"70":{"start":{"line":253,"column":50},"end":{"line":253,"column":63}},"71":{"start":{"line":254,"column":56},"end":{"line":254,"column":68}},"72":{"start":{"line":261,"column":6},"end":{"line":266,"column":7}},"73":{"start":{"line":264,"column":50},"end":{"line":264,"column":62}},"74":{"start":{"line":265,"column":56},"end":{"line":265,"column":68}},"75":{"start":{"line":270,"column":6},"end":{"line":275,"column":7}},"76":{"start":{"line":272,"column":45},"end":{"line":272,"column":58}},"77":{"start":{"line":273,"column":50},"end":{"line":273,"column":72}},"78":{"start":{"line":274,"column":56},"end":{"line":274,"column":78}},"79":{"start":{"line":279,"column":50},"end":{"line":279,"column":66}},"80":{"start":{"line":280,"column":56},"end":{"line":280,"column":72}},"81":{"start":{"line":282,"column":45},"end":{"line":282,"column":58}},"82":{"start":{"line":285,"column":10},"end":{"line":295,"column":11}},"83":{"start":{"line":287,"column":49},"end":{"line":287,"column":62}},"84":{"start":{"line":289,"column":54},"end":{"line":289,"column":66}},"85":{"start":{"line":290,"column":60},"end":{"line":290,"column":72}},"86":{"start":{"line":293,"column":50},"end":{"line":293,"column":63}},"87":{"start":{"line":298,"column":10},"end":{"line":308,"column":11}},"88":{"start":{"line":300,"column":49},"end":{"line":300,"column":74}},"89":{"start":{"line":302,"column":54},"end":{"line":302,"column":78}},"90":{"start":{"line":303,"column":60},"end":{"line":303,"column":84}},"91":{"start":{"line":306,"column":50},"end":{"line":306,"column":63}},"92":{"start":{"line":311,"column":10},"end":{"line":322,"column":11}},"93":{"start":{"line":314,"column":49},"end":{"line":314,"column":69}},"94":{"start":{"line":316,"column":54},"end":{"line":316,"column":74}},"95":{"start":{"line":317,"column":60},"end":{"line":317,"column":80}},"96":{"start":{"line":320,"column":50},"end":{"line":320,"column":70}},"97":{"start":{"line":325,"column":10},"end":{"line":335,"column":11}},"98":{"start":{"line":327,"column":49},"end":{"line":327,"column":76}},"99":{"start":{"line":329,"column":54},"end":{"line":329,"column":80}},"100":{"start":{"line":330,"column":60},"end":{"line":330,"column":86}},"101":{"start":{"line":333,"column":50},"end":{"line":333,"column":67}},"102":{"start":{"line":338,"column":10},"end":{"line":349,"column":11}},"103":{"start":{"line":341,"column":49},"end":{"line":341,"column":71}},"104":{"start":{"line":343,"column":54},"end":{"line":343,"column":76}},"105":{"start":{"line":344,"column":60},"end":{"line":344,"column":82}},"106":{"start":{"line":347,"column":50},"end":{"line":347,"column":72}},"107":{"start":{"line":352,"column":10},"end":{"line":362,"column":11}},"108":{"start":{"line":354,"column":49},"end":{"line":354,"column":74}},"109":{"start":{"line":356,"column":54},"end":{"line":356,"column":78}},"110":{"start":{"line":357,"column":60},"end":{"line":357,"column":84}},"111":{"start":{"line":360,"column":50},"end":{"line":360,"column":63}},"112":{"start":{"line":365,"column":10},"end":{"line":376,"column":11}},"113":{"start":{"line":368,"column":49},"end":{"line":368,"column":69}},"114":{"start":{"line":370,"column":54},"end":{"line":370,"column":74}},"115":{"start":{"line":371,"column":60},"end":{"line":371,"column":80}},"116":{"start":{"line":374,"column":50},"end":{"line":374,"column":70}},"117":{"start":{"line":379,"column":10},"end":{"line":389,"column":11}},"118":{"start":{"line":381,"column":49},"end":{"line":381,"column":69}},"119":{"start":{"line":383,"column":54},"end":{"line":383,"column":78}},"120":{"start":{"line":384,"column":60},"end":{"line":384,"column":84}},"121":{"start":{"line":387,"column":50},"end":{"line":387,"column":63}},"122":{"start":{"line":392,"column":10},"end":{"line":403,"column":11}},"123":{"start":{"line":395,"column":49},"end":{"line":395,"column":69}},"124":{"start":{"line":397,"column":54},"end":{"line":397,"column":74}},"125":{"start":{"line":398,"column":60},"end":{"line":398,"column":80}},"126":{"start":{"line":401,"column":50},"end":{"line":401,"column":70}},"127":{"start":{"line":406,"column":10},"end":{"line":416,"column":11}},"128":{"start":{"line":408,"column":49},"end":{"line":408,"column":70}},"129":{"start":{"line":410,"column":54},"end":{"line":410,"column":76}},"130":{"start":{"line":411,"column":60},"end":{"line":411,"column":72}},"131":{"start":{"line":414,"column":50},"end":{"line":414,"column":63}},"132":{"start":{"line":419,"column":10},"end":{"line":424,"column":11}},"133":{"start":{"line":422,"column":54},"end":{"line":422,"column":73}},"134":{"start":{"line":423,"column":60},"end":{"line":423,"column":72}},"135":{"start":{"line":427,"column":12},"end":{"line":432,"column":13}},"136":{"start":{"line":429,"column":51},"end":{"line":429,"column":64}},"137":{"start":{"line":430,"column":56},"end":{"line":430,"column":91}},"138":{"start":{"line":431,"column":62},"end":{"line":431,"column":84}}},"fnMap":{"0":{"name":"(anonymous_0)","decl":{"start":{"line":12,"column":18},"end":{"line":12,"column":19}},"loc":{"start":{"line":12,"column":37},"end":{"line":22,"column":1}},"line":12},"1":{"name":"(anonymous_1)","decl":{"start":{"line":30,"column":25},"end":{"line":30,"column":26}},"loc":{"start":{"line":30,"column":45},"end":{"line":30,"column":91}},"line":30},"2":{"name":"(anonymous_2)","decl":{"start":{"line":39,"column":19},"end":{"line":39,"column":20}},"loc":{"start":{"line":39,"column":46},"end":{"line":39,"column":74}},"line":39},"3":{"name":"(anonymous_3)","decl":{"start":{"line":40,"column":21},"end":{"line":40,"column":22}},"loc":{"start":{"line":40,"column":50},"end":{"line":40,"column":80}},"line":40},"4":{"name":"(anonymous_4)","decl":{"start":{"line":42,"column":21},"end":{"line":42,"column":22}},"loc":{"start":{"line":42,"column":52},"end":{"line":42,"column":69}},"line":42},"5":{"name":"(anonymous_5)","decl":{"start":{"line":44,"column":22},"end":{"line":44,"column":23}},"loc":{"start":{"line":48,"column":10},"end":{"line":48,"column":24}},"line":48},"6":{"name":"(anonymous_6)","decl":{"start":{"line":49,"column":24},"end":{"line":49,"column":25}},"loc":{"start":{"line":53,"column":10},"end":{"line":53,"column":24}},"line":53},"7":{"name":"(anonymous_7)","decl":{"start":{"line":54,"column":13},"end":{"line":54,"column":14}},"loc":{"start":{"line":54,"column":41},"end":{"line":54,"column":54}},"line":54},"8":{"name":"(anonymous_8)","decl":{"start":{"line":56,"column":18},"end":{"line":56,"column":19}},"loc":{"start":{"line":56,"column":46},"end":{"line":56,"column":69}},"line":56},"9":{"name":"(anonymous_9)","decl":{"start":{"line":57,"column":24},"end":{"line":57,"column":25}},"loc":{"start":{"line":57,"column":52},"end":{"line":57,"column":75}},"line":57},"10":{"name":"(anonymous_10)","decl":{"start":{"line":65,"column":6},"end":{"line":65,"column":7}},"loc":{"start":{"line":66,"column":6},"end":{"line":70,"column":7}},"line":66},"11":{"name":"(anonymous_11)","decl":{"start":{"line":73,"column":6},"end":{"line":73,"column":7}},"loc":{"start":{"line":74,"column":6},"end":{"line":77,"column":7}},"line":74},"12":{"name":"(anonymous_12)","decl":{"start":{"line":80,"column":6},"end":{"line":80,"column":7}},"loc":{"start":{"line":81,"column":6},"end":{"line":84,"column":7}},"line":81},"13":{"name":"(anonymous_13)","decl":{"start":{"line":87,"column":6},"end":{"line":87,"column":7}},"loc":{"start":{"line":88,"column":6},"end":{"line":97,"column":7}},"line":88},"14":{"name":"(anonymous_14)","decl":{"start":{"line":92,"column":10},"end":{"line":92,"column":11}},"loc":{"start":{"line":93,"column":10},"end":{"line":96,"column":11}},"line":93},"15":{"name":"(anonymous_15)","decl":{"start":{"line":99,"column":6},"end":{"line":99,"column":7}},"loc":{"start":{"line":100,"column":6},"end":{"line":109,"column":7}},"line":100},"16":{"name":"(anonymous_16)","decl":{"start":{"line":104,"column":10},"end":{"line":104,"column":11}},"loc":{"start":{"line":105,"column":10},"end":{"line":108,"column":11}},"line":105},"17":{"name":"(anonymous_17)","decl":{"start":{"line":112,"column":6},"end":{"line":112,"column":7}},"loc":{"start":{"line":113,"column":6},"end":{"line":122,"column":7}},"line":113},"18":{"name":"(anonymous_18)","decl":{"start":{"line":117,"column":10},"end":{"line":117,"column":11}},"loc":{"start":{"line":118,"column":10},"end":{"line":121,"column":11}},"line":118},"19":{"name":"(anonymous_19)","decl":{"start":{"line":125,"column":6},"end":{"line":125,"column":7}},"loc":{"start":{"line":126,"column":6},"end":{"line":135,"column":7}},"line":126},"20":{"name":"(anonymous_20)","decl":{"start":{"line":130,"column":10},"end":{"line":130,"column":11}},"loc":{"start":{"line":131,"column":10},"end":{"line":134,"column":11}},"line":131},"21":{"name":"(anonymous_21)","decl":{"start":{"line":138,"column":6},"end":{"line":138,"column":7}},"loc":{"start":{"line":139,"column":6},"end":{"line":145,"column":7}},"line":139},"22":{"name":"(anonymous_22)","decl":{"start":{"line":141,"column":17},"end":{"line":141,"column":18}},"loc":{"start":{"line":141,"column":45},"end":{"line":141,"column":61}},"line":141},"23":{"name":"(anonymous_23)","decl":{"start":{"line":143,"column":22},"end":{"line":143,"column":23}},"loc":{"start":{"line":143,"column":50},"end":{"line":143,"column":63}},"line":143},"24":{"name":"(anonymous_24)","decl":{"start":{"line":144,"column":28},"end":{"line":144,"column":29}},"loc":{"start":{"line":144,"column":56},"end":{"line":144,"column":68}},"line":144},"25":{"name":"(anonymous_25)","decl":{"start":{"line":148,"column":6},"end":{"line":148,"column":7}},"loc":{"start":{"line":149,"column":6},"end":{"line":155,"column":7}},"line":149},"26":{"name":"(anonymous_26)","decl":{"start":{"line":151,"column":17},"end":{"line":151,"column":18}},"loc":{"start":{"line":151,"column":45},"end":{"line":151,"column":65}},"line":151},"27":{"name":"(anonymous_27)","decl":{"start":{"line":153,"column":22},"end":{"line":153,"column":23}},"loc":{"start":{"line":153,"column":50},"end":{"line":153,"column":70}},"line":153},"28":{"name":"(anonymous_28)","decl":{"start":{"line":154,"column":28},"end":{"line":154,"column":29}},"loc":{"start":{"line":154,"column":56},"end":{"line":154,"column":76}},"line":154},"29":{"name":"(anonymous_29)","decl":{"start":{"line":158,"column":6},"end":{"line":158,"column":7}},"loc":{"start":{"line":159,"column":6},"end":{"line":170,"column":7}},"line":159},"30":{"name":"(anonymous_30)","decl":{"start":{"line":162,"column":17},"end":{"line":162,"column":18}},"loc":{"start":{"line":162,"column":45},"end":{"line":162,"column":65}},"line":162},"31":{"name":"(anonymous_31)","decl":{"start":{"line":164,"column":22},"end":{"line":164,"column":23}},"loc":{"start":{"line":164,"column":50},"end":{"line":164,"column":70}},"line":164},"32":{"name":"(anonymous_32)","decl":{"start":{"line":165,"column":28},"end":{"line":165,"column":29}},"loc":{"start":{"line":165,"column":56},"end":{"line":165,"column":76}},"line":165},"33":{"name":"(anonymous_33)","decl":{"start":{"line":168,"column":18},"end":{"line":168,"column":19}},"loc":{"start":{"line":168,"column":46},"end":{"line":168,"column":66}},"line":168},"34":{"name":"(anonymous_34)","decl":{"start":{"line":173,"column":6},"end":{"line":173,"column":7}},"loc":{"start":{"line":174,"column":6},"end":{"line":180,"column":7}},"line":174},"35":{"name":"(anonymous_35)","decl":{"start":{"line":176,"column":17},"end":{"line":176,"column":18}},"loc":{"start":{"line":176,"column":45},"end":{"line":176,"column":67}},"line":176},"36":{"name":"(anonymous_36)","decl":{"start":{"line":178,"column":22},"end":{"line":178,"column":23}},"loc":{"start":{"line":178,"column":50},"end":{"line":178,"column":72}},"line":178},"37":{"name":"(anonymous_37)","decl":{"start":{"line":179,"column":28},"end":{"line":179,"column":29}},"loc":{"start":{"line":179,"column":56},"end":{"line":179,"column":78}},"line":179},"38":{"name":"(anonymous_38)","decl":{"start":{"line":183,"column":6},"end":{"line":183,"column":7}},"loc":{"start":{"line":184,"column":6},"end":{"line":195,"column":7}},"line":184},"39":{"name":"(anonymous_39)","decl":{"start":{"line":187,"column":17},"end":{"line":187,"column":18}},"loc":{"start":{"line":187,"column":45},"end":{"line":187,"column":67}},"line":187},"40":{"name":"(anonymous_40)","decl":{"start":{"line":189,"column":22},"end":{"line":189,"column":23}},"loc":{"start":{"line":189,"column":50},"end":{"line":189,"column":72}},"line":189},"41":{"name":"(anonymous_41)","decl":{"start":{"line":190,"column":28},"end":{"line":190,"column":29}},"loc":{"start":{"line":190,"column":56},"end":{"line":190,"column":78}},"line":190},"42":{"name":"(anonymous_42)","decl":{"start":{"line":193,"column":18},"end":{"line":193,"column":19}},"loc":{"start":{"line":193,"column":46},"end":{"line":193,"column":68}},"line":193},"43":{"name":"(anonymous_43)","decl":{"start":{"line":198,"column":6},"end":{"line":198,"column":7}},"loc":{"start":{"line":199,"column":6},"end":{"line":205,"column":7}},"line":199},"44":{"name":"(anonymous_44)","decl":{"start":{"line":201,"column":17},"end":{"line":201,"column":18}},"loc":{"start":{"line":201,"column":45},"end":{"line":201,"column":65}},"line":201},"45":{"name":"(anonymous_45)","decl":{"start":{"line":203,"column":22},"end":{"line":203,"column":23}},"loc":{"start":{"line":203,"column":50},"end":{"line":203,"column":70}},"line":203},"46":{"name":"(anonymous_46)","decl":{"start":{"line":204,"column":28},"end":{"line":204,"column":29}},"loc":{"start":{"line":204,"column":56},"end":{"line":204,"column":76}},"line":204},"47":{"name":"(anonymous_47)","decl":{"start":{"line":208,"column":6},"end":{"line":208,"column":7}},"loc":{"start":{"line":209,"column":6},"end":{"line":220,"column":7}},"line":209},"48":{"name":"(anonymous_48)","decl":{"start":{"line":212,"column":17},"end":{"line":212,"column":18}},"loc":{"start":{"line":212,"column":45},"end":{"line":212,"column":65}},"line":212},"49":{"name":"(anonymous_49)","decl":{"start":{"line":214,"column":22},"end":{"line":214,"column":23}},"loc":{"start":{"line":214,"column":50},"end":{"line":214,"column":70}},"line":214},"50":{"name":"(anonymous_50)","decl":{"start":{"line":215,"column":28},"end":{"line":215,"column":29}},"loc":{"start":{"line":215,"column":56},"end":{"line":215,"column":76}},"line":215},"51":{"name":"(anonymous_51)","decl":{"start":{"line":218,"column":18},"end":{"line":218,"column":19}},"loc":{"start":{"line":218,"column":46},"end":{"line":218,"column":66}},"line":218},"52":{"name":"(anonymous_52)","decl":{"start":{"line":223,"column":6},"end":{"line":223,"column":7}},"loc":{"start":{"line":224,"column":6},"end":{"line":230,"column":7}},"line":224},"53":{"name":"(anonymous_53)","decl":{"start":{"line":226,"column":17},"end":{"line":226,"column":18}},"loc":{"start":{"line":226,"column":45},"end":{"line":226,"column":65}},"line":226},"54":{"name":"(anonymous_54)","decl":{"start":{"line":228,"column":22},"end":{"line":228,"column":23}},"loc":{"start":{"line":228,"column":50},"end":{"line":228,"column":70}},"line":228},"55":{"name":"(anonymous_55)","decl":{"start":{"line":229,"column":28},"end":{"line":229,"column":29}},"loc":{"start":{"line":229,"column":56},"end":{"line":229,"column":76}},"line":229},"56":{"name":"(anonymous_56)","decl":{"start":{"line":233,"column":6},"end":{"line":233,"column":7}},"loc":{"start":{"line":234,"column":6},"end":{"line":245,"column":7}},"line":234},"57":{"name":"(anonymous_57)","decl":{"start":{"line":237,"column":17},"end":{"line":237,"column":18}},"loc":{"start":{"line":237,"column":45},"end":{"line":237,"column":65}},"line":237},"58":{"name":"(anonymous_58)","decl":{"start":{"line":239,"column":22},"end":{"line":239,"column":23}},"loc":{"start":{"line":239,"column":50},"end":{"line":239,"column":70}},"line":239},"59":{"name":"(anonymous_59)","decl":{"start":{"line":240,"column":28},"end":{"line":240,"column":29}},"loc":{"start":{"line":240,"column":56},"end":{"line":240,"column":76}},"line":240},"60":{"name":"(anonymous_60)","decl":{"start":{"line":243,"column":18},"end":{"line":243,"column":19}},"loc":{"start":{"line":243,"column":46},"end":{"line":243,"column":66}},"line":243},"61":{"name":"(anonymous_61)","decl":{"start":{"line":248,"column":6},"end":{"line":248,"column":7}},"loc":{"start":{"line":249,"column":6},"end":{"line":257,"column":7}},"line":249},"62":{"name":"(anonymous_62)","decl":{"start":{"line":251,"column":17},"end":{"line":251,"column":18}},"loc":{"start":{"line":251,"column":45},"end":{"line":251,"column":59}},"line":251},"63":{"name":"(anonymous_63)","decl":{"start":{"line":253,"column":22},"end":{"line":253,"column":23}},"loc":{"start":{"line":253,"column":50},"end":{"line":253,"column":63}},"line":253},"64":{"name":"(anonymous_64)","decl":{"start":{"line":254,"column":28},"end":{"line":254,"column":29}},"loc":{"start":{"line":254,"column":56},"end":{"line":254,"column":68}},"line":254},"65":{"name":"(anonymous_65)","decl":{"start":{"line":260,"column":6},"end":{"line":260,"column":7}},"loc":{"start":{"line":261,"column":6},"end":{"line":266,"column":7}},"line":261},"66":{"name":"(anonymous_66)","decl":{"start":{"line":264,"column":22},"end":{"line":264,"column":23}},"loc":{"start":{"line":264,"column":50},"end":{"line":264,"column":62}},"line":264},"67":{"name":"(anonymous_67)","decl":{"start":{"line":265,"column":28},"end":{"line":265,"column":29}},"loc":{"start":{"line":265,"column":56},"end":{"line":265,"column":68}},"line":265},"68":{"name":"(anonymous_68)","decl":{"start":{"line":269,"column":6},"end":{"line":269,"column":7}},"loc":{"start":{"line":270,"column":6},"end":{"line":275,"column":7}},"line":270},"69":{"name":"(anonymous_69)","decl":{"start":{"line":272,"column":17},"end":{"line":272,"column":18}},"loc":{"start":{"line":272,"column":45},"end":{"line":272,"column":58}},"line":272},"70":{"name":"(anonymous_70)","decl":{"start":{"line":273,"column":22},"end":{"line":273,"column":23}},"loc":{"start":{"line":273,"column":50},"end":{"line":273,"column":72}},"line":273},"71":{"name":"(anonymous_71)","decl":{"start":{"line":274,"column":28},"end":{"line":274,"column":29}},"loc":{"start":{"line":274,"column":56},"end":{"line":274,"column":78}},"line":274},"72":{"name":"(anonymous_72)","decl":{"start":{"line":279,"column":22},"end":{"line":279,"column":23}},"loc":{"start":{"line":279,"column":50},"end":{"line":279,"column":66}},"line":279},"73":{"name":"(anonymous_73)","decl":{"start":{"line":280,"column":28},"end":{"line":280,"column":29}},"loc":{"start":{"line":280,"column":56},"end":{"line":280,"column":72}},"line":280},"74":{"name":"(anonymous_74)","decl":{"start":{"line":282,"column":17},"end":{"line":282,"column":18}},"loc":{"start":{"line":282,"column":45},"end":{"line":282,"column":58}},"line":282},"75":{"name":"(anonymous_75)","decl":{"start":{"line":284,"column":10},"end":{"line":284,"column":11}},"loc":{"start":{"line":285,"column":10},"end":{"line":295,"column":11}},"line":285},"76":{"name":"(anonymous_76)","decl":{"start":{"line":287,"column":21},"end":{"line":287,"column":22}},"loc":{"start":{"line":287,"column":49},"end":{"line":287,"column":62}},"line":287},"77":{"name":"(anonymous_77)","decl":{"start":{"line":289,"column":26},"end":{"line":289,"column":27}},"loc":{"start":{"line":289,"column":54},"end":{"line":289,"column":66}},"line":289},"78":{"name":"(anonymous_78)","decl":{"start":{"line":290,"column":32},"end":{"line":290,"column":33}},"loc":{"start":{"line":290,"column":60},"end":{"line":290,"column":72}},"line":290},"79":{"name":"(anonymous_79)","decl":{"start":{"line":293,"column":22},"end":{"line":293,"column":23}},"loc":{"start":{"line":293,"column":50},"end":{"line":293,"column":63}},"line":293},"80":{"name":"(anonymous_80)","decl":{"start":{"line":297,"column":10},"end":{"line":297,"column":11}},"loc":{"start":{"line":298,"column":10},"end":{"line":308,"column":11}},"line":298},"81":{"name":"(anonymous_81)","decl":{"start":{"line":300,"column":21},"end":{"line":300,"column":22}},"loc":{"start":{"line":300,"column":49},"end":{"line":300,"column":74}},"line":300},"82":{"name":"(anonymous_82)","decl":{"start":{"line":302,"column":26},"end":{"line":302,"column":27}},"loc":{"start":{"line":302,"column":54},"end":{"line":302,"column":78}},"line":302},"83":{"name":"(anonymous_83)","decl":{"start":{"line":303,"column":32},"end":{"line":303,"column":33}},"loc":{"start":{"line":303,"column":60},"end":{"line":303,"column":84}},"line":303},"84":{"name":"(anonymous_84)","decl":{"start":{"line":306,"column":22},"end":{"line":306,"column":23}},"loc":{"start":{"line":306,"column":50},"end":{"line":306,"column":63}},"line":306},"85":{"name":"(anonymous_85)","decl":{"start":{"line":310,"column":10},"end":{"line":310,"column":11}},"loc":{"start":{"line":311,"column":10},"end":{"line":322,"column":11}},"line":311},"86":{"name":"(anonymous_86)","decl":{"start":{"line":314,"column":21},"end":{"line":314,"column":22}},"loc":{"start":{"line":314,"column":49},"end":{"line":314,"column":69}},"line":314},"87":{"name":"(anonymous_87)","decl":{"start":{"line":316,"column":26},"end":{"line":316,"column":27}},"loc":{"start":{"line":316,"column":54},"end":{"line":316,"column":74}},"line":316},"88":{"name":"(anonymous_88)","decl":{"start":{"line":317,"column":32},"end":{"line":317,"column":33}},"loc":{"start":{"line":317,"column":60},"end":{"line":317,"column":80}},"line":317},"89":{"name":"(anonymous_89)","decl":{"start":{"line":320,"column":22},"end":{"line":320,"column":23}},"loc":{"start":{"line":320,"column":50},"end":{"line":320,"column":70}},"line":320},"90":{"name":"(anonymous_90)","decl":{"start":{"line":324,"column":10},"end":{"line":324,"column":11}},"loc":{"start":{"line":325,"column":10},"end":{"line":335,"column":11}},"line":325},"91":{"name":"(anonymous_91)","decl":{"start":{"line":327,"column":21},"end":{"line":327,"column":22}},"loc":{"start":{"line":327,"column":49},"end":{"line":327,"column":76}},"line":327},"92":{"name":"(anonymous_92)","decl":{"start":{"line":329,"column":26},"end":{"line":329,"column":27}},"loc":{"start":{"line":329,"column":54},"end":{"line":329,"column":80}},"line":329},"93":{"name":"(anonymous_93)","decl":{"start":{"line":330,"column":32},"end":{"line":330,"column":33}},"loc":{"start":{"line":330,"column":60},"end":{"line":330,"column":86}},"line":330},"94":{"name":"(anonymous_94)","decl":{"start":{"line":333,"column":22},"end":{"line":333,"column":23}},"loc":{"start":{"line":333,"column":50},"end":{"line":333,"column":67}},"line":333},"95":{"name":"(anonymous_95)","decl":{"start":{"line":337,"column":10},"end":{"line":337,"column":11}},"loc":{"start":{"line":338,"column":10},"end":{"line":349,"column":11}},"line":338},"96":{"name":"(anonymous_96)","decl":{"start":{"line":341,"column":21},"end":{"line":341,"column":22}},"loc":{"start":{"line":341,"column":49},"end":{"line":341,"column":71}},"line":341},"97":{"name":"(anonymous_97)","decl":{"start":{"line":343,"column":26},"end":{"line":343,"column":27}},"loc":{"start":{"line":343,"column":54},"end":{"line":343,"column":76}},"line":343},"98":{"name":"(anonymous_98)","decl":{"start":{"line":344,"column":32},"end":{"line":344,"column":33}},"loc":{"start":{"line":344,"column":60},"end":{"line":344,"column":82}},"line":344},"99":{"name":"(anonymous_99)","decl":{"start":{"line":347,"column":22},"end":{"line":347,"column":23}},"loc":{"start":{"line":347,"column":50},"end":{"line":347,"column":72}},"line":347},"100":{"name":"(anonymous_100)","decl":{"start":{"line":351,"column":10},"end":{"line":351,"column":11}},"loc":{"start":{"line":352,"column":10},"end":{"line":362,"column":11}},"line":352},"101":{"name":"(anonymous_101)","decl":{"start":{"line":354,"column":21},"end":{"line":354,"column":22}},"loc":{"start":{"line":354,"column":49},"end":{"line":354,"column":74}},"line":354},"102":{"name":"(anonymous_102)","decl":{"start":{"line":356,"column":26},"end":{"line":356,"column":27}},"loc":{"start":{"line":356,"column":54},"end":{"line":356,"column":78}},"line":356},"103":{"name":"(anonymous_103)","decl":{"start":{"line":357,"column":32},"end":{"line":357,"column":33}},"loc":{"start":{"line":357,"column":60},"end":{"line":357,"column":84}},"line":357},"104":{"name":"(anonymous_104)","decl":{"start":{"line":360,"column":22},"end":{"line":360,"column":23}},"loc":{"start":{"line":360,"column":50},"end":{"line":360,"column":63}},"line":360},"105":{"name":"(anonymous_105)","decl":{"start":{"line":364,"column":10},"end":{"line":364,"column":11}},"loc":{"start":{"line":365,"column":10},"end":{"line":376,"column":11}},"line":365},"106":{"name":"(anonymous_106)","decl":{"start":{"line":368,"column":21},"end":{"line":368,"column":22}},"loc":{"start":{"line":368,"column":49},"end":{"line":368,"column":69}},"line":368},"107":{"name":"(anonymous_107)","decl":{"start":{"line":370,"column":26},"end":{"line":370,"column":27}},"loc":{"start":{"line":370,"column":54},"end":{"line":370,"column":74}},"line":370},"108":{"name":"(anonymous_108)","decl":{"start":{"line":371,"column":32},"end":{"line":371,"column":33}},"loc":{"start":{"line":371,"column":60},"end":{"line":371,"column":80}},"line":371},"109":{"name":"(anonymous_109)","decl":{"start":{"line":374,"column":22},"end":{"line":374,"column":23}},"loc":{"start":{"line":374,"column":50},"end":{"line":374,"column":70}},"line":374},"110":{"name":"(anonymous_110)","decl":{"start":{"line":378,"column":10},"end":{"line":378,"column":11}},"loc":{"start":{"line":379,"column":10},"end":{"line":389,"column":11}},"line":379},"111":{"name":"(anonymous_111)","decl":{"start":{"line":381,"column":21},"end":{"line":381,"column":22}},"loc":{"start":{"line":381,"column":49},"end":{"line":381,"column":69}},"line":381},"112":{"name":"(anonymous_112)","decl":{"start":{"line":383,"column":26},"end":{"line":383,"column":27}},"loc":{"start":{"line":383,"column":54},"end":{"line":383,"column":78}},"line":383},"113":{"name":"(anonymous_113)","decl":{"start":{"line":384,"column":32},"end":{"line":384,"column":33}},"loc":{"start":{"line":384,"column":60},"end":{"line":384,"column":84}},"line":384},"114":{"name":"(anonymous_114)","decl":{"start":{"line":387,"column":22},"end":{"line":387,"column":23}},"loc":{"start":{"line":387,"column":50},"end":{"line":387,"column":63}},"line":387},"115":{"name":"(anonymous_115)","decl":{"start":{"line":391,"column":10},"end":{"line":391,"column":11}},"loc":{"start":{"line":392,"column":10},"end":{"line":403,"column":11}},"line":392},"116":{"name":"(anonymous_116)","decl":{"start":{"line":395,"column":21},"end":{"line":395,"column":22}},"loc":{"start":{"line":395,"column":49},"end":{"line":395,"column":69}},"line":395},"117":{"name":"(anonymous_117)","decl":{"start":{"line":397,"column":26},"end":{"line":397,"column":27}},"loc":{"start":{"line":397,"column":54},"end":{"line":397,"column":74}},"line":397},"118":{"name":"(anonymous_118)","decl":{"start":{"line":398,"column":32},"end":{"line":398,"column":33}},"loc":{"start":{"line":398,"column":60},"end":{"line":398,"column":80}},"line":398},"119":{"name":"(anonymous_119)","decl":{"start":{"line":401,"column":22},"end":{"line":401,"column":23}},"loc":{"start":{"line":401,"column":50},"end":{"line":401,"column":70}},"line":401},"120":{"name":"(anonymous_120)","decl":{"start":{"line":405,"column":10},"end":{"line":405,"column":11}},"loc":{"start":{"line":406,"column":10},"end":{"line":416,"column":11}},"line":406},"121":{"name":"(anonymous_121)","decl":{"start":{"line":408,"column":21},"end":{"line":408,"column":22}},"loc":{"start":{"line":408,"column":49},"end":{"line":408,"column":70}},"line":408},"122":{"name":"(anonymous_122)","decl":{"start":{"line":410,"column":26},"end":{"line":410,"column":27}},"loc":{"start":{"line":410,"column":54},"end":{"line":410,"column":76}},"line":410},"123":{"name":"(anonymous_123)","decl":{"start":{"line":411,"column":32},"end":{"line":411,"column":33}},"loc":{"start":{"line":411,"column":60},"end":{"line":411,"column":72}},"line":411},"124":{"name":"(anonymous_124)","decl":{"start":{"line":414,"column":22},"end":{"line":414,"column":23}},"loc":{"start":{"line":414,"column":50},"end":{"line":414,"column":63}},"line":414},"125":{"name":"(anonymous_125)","decl":{"start":{"line":418,"column":10},"end":{"line":418,"column":11}},"loc":{"start":{"line":419,"column":10},"end":{"line":424,"column":11}},"line":419},"126":{"name":"(anonymous_126)","decl":{"start":{"line":422,"column":26},"end":{"line":422,"column":27}},"loc":{"start":{"line":422,"column":54},"end":{"line":422,"column":73}},"line":422},"127":{"name":"(anonymous_127)","decl":{"start":{"line":423,"column":32},"end":{"line":423,"column":33}},"loc":{"start":{"line":423,"column":60},"end":{"line":423,"column":72}},"line":423},"128":{"name":"(anonymous_128)","decl":{"start":{"line":426,"column":12},"end":{"line":426,"column":13}},"loc":{"start":{"line":427,"column":12},"end":{"line":432,"column":13}},"line":427},"129":{"name":"(anonymous_129)","decl":{"start":{"line":429,"column":23},"end":{"line":429,"column":24}},"loc":{"start":{"line":429,"column":51},"end":{"line":429,"column":64}},"line":429},"130":{"name":"(anonymous_130)","decl":{"start":{"line":430,"column":28},"end":{"line":430,"column":29}},"loc":{"start":{"line":430,"column":56},"end":{"line":430,"column":91}},"line":430},"131":{"name":"(anonymous_131)","decl":{"start":{"line":431,"column":34},"end":{"line":431,"column":35}},"loc":{"start":{"line":431,"column":62},"end":{"line":431,"column":84}},"line":431}},"branchMap":{"0":{"loc":{"start":{"line":13,"column":2},"end":{"line":21,"column":3}},"type":"if","locations":[{"start":{"line":13,"column":2},"end":{"line":21,"column":3}},{"start":{"line":13,"column":2},"end":{"line":21,"column":3}}],"line":13},"1":{"loc":{"start":{"line":16,"column":4},"end":{"line":20,"column":5}},"type":"if","locations":[{"start":{"line":16,"column":4},"end":{"line":20,"column":5}},{"start":{"line":16,"column":4},"end":{"line":20,"column":5}}],"line":16},"2":{"loc":{"start":{"line":66,"column":6},"end":{"line":70,"column":7}},"type":"binary-expr","locations":[{"start":{"line":66,"column":6},"end":{"line":66,"column":14}},{"start":{"line":67,"column":6},"end":{"line":70,"column":7}}],"line":66},"3":{"loc":{"start":{"line":74,"column":6},"end":{"line":77,"column":7}},"type":"binary-expr","locations":[{"start":{"line":74,"column":6},"end":{"line":74,"column":11}},{"start":{"line":75,"column":6},"end":{"line":77,"column":7}}],"line":74},"4":{"loc":{"start":{"line":81,"column":6},"end":{"line":84,"column":7}},"type":"binary-expr","locations":[{"start":{"line":81,"column":6},"end":{"line":81,"column":13}},{"start":{"line":82,"column":6},"end":{"line":84,"column":7}}],"line":81},"5":{"loc":{"start":{"line":88,"column":6},"end":{"line":97,"column":7}},"type":"binary-expr","locations":[{"start":{"line":88,"column":6},"end":{"line":88,"column":10}},{"start":{"line":89,"column":6},"end":{"line":97,"column":7}}],"line":88},"6":{"loc":{"start":{"line":93,"column":10},"end":{"line":96,"column":11}},"type":"binary-expr","locations":[{"start":{"line":93,"column":10},"end":{"line":93,"column":17}},{"start":{"line":94,"column":10},"end":{"line":96,"column":11}}],"line":93},"7":{"loc":{"start":{"line":100,"column":6},"end":{"line":109,"column":7}},"type":"binary-expr","locations":[{"start":{"line":100,"column":6},"end":{"line":100,"column":11}},{"start":{"line":101,"column":6},"end":{"line":109,"column":7}}],"line":100},"8":{"loc":{"start":{"line":105,"column":10},"end":{"line":108,"column":11}},"type":"binary-expr","locations":[{"start":{"line":105,"column":10},"end":{"line":105,"column":17}},{"start":{"line":106,"column":10},"end":{"line":108,"column":11}}],"line":105},"9":{"loc":{"start":{"line":113,"column":6},"end":{"line":122,"column":7}},"type":"binary-expr","locations":[{"start":{"line":113,"column":6},"end":{"line":113,"column":12}},{"start":{"line":114,"column":6},"end":{"line":122,"column":7}}],"line":113},"10":{"loc":{"start":{"line":118,"column":10},"end":{"line":121,"column":11}},"type":"binary-expr","locations":[{"start":{"line":118,"column":10},"end":{"line":118,"column":17}},{"start":{"line":119,"column":10},"end":{"line":121,"column":11}}],"line":118},"11":{"loc":{"start":{"line":126,"column":6},"end":{"line":135,"column":7}},"type":"binary-expr","locations":[{"start":{"line":126,"column":6},"end":{"line":126,"column":9}},{"start":{"line":127,"column":6},"end":{"line":135,"column":7}}],"line":126},"12":{"loc":{"start":{"line":131,"column":10},"end":{"line":134,"column":11}},"type":"binary-expr","locations":[{"start":{"line":131,"column":10},"end":{"line":131,"column":17}},{"start":{"line":132,"column":10},"end":{"line":134,"column":11}}],"line":131},"13":{"loc":{"start":{"line":139,"column":6},"end":{"line":145,"column":7}},"type":"binary-expr","locations":[{"start":{"line":139,"column":6},"end":{"line":139,"column":14}},{"start":{"line":140,"column":6},"end":{"line":145,"column":7}}],"line":139},"14":{"loc":{"start":{"line":149,"column":6},"end":{"line":155,"column":7}},"type":"binary-expr","locations":[{"start":{"line":149,"column":6},"end":{"line":149,"column":13}},{"start":{"line":150,"column":6},"end":{"line":155,"column":7}}],"line":149},"15":{"loc":{"start":{"line":159,"column":6},"end":{"line":170,"column":7}},"type":"binary-expr","locations":[{"start":{"line":159,"column":6},"end":{"line":159,"column":13}},{"start":{"line":160,"column":6},"end":{"line":160,"column":14}},{"start":{"line":161,"column":6},"end":{"line":170,"column":7}}],"line":159},"16":{"loc":{"start":{"line":174,"column":6},"end":{"line":180,"column":7}},"type":"binary-expr","locations":[{"start":{"line":174,"column":6},"end":{"line":174,"column":15}},{"start":{"line":175,"column":6},"end":{"line":180,"column":7}}],"line":174},"17":{"loc":{"start":{"line":184,"column":6},"end":{"line":195,"column":7}},"type":"binary-expr","locations":[{"start":{"line":184,"column":6},"end":{"line":184,"column":15}},{"start":{"line":185,"column":6},"end":{"line":185,"column":14}},{"start":{"line":186,"column":6},"end":{"line":195,"column":7}}],"line":184},"18":{"loc":{"start":{"line":199,"column":6},"end":{"line":205,"column":7}},"type":"binary-expr","locations":[{"start":{"line":199,"column":6},"end":{"line":199,"column":13}},{"start":{"line":200,"column":6},"end":{"line":205,"column":7}}],"line":199},"19":{"loc":{"start":{"line":209,"column":6},"end":{"line":220,"column":7}},"type":"binary-expr","locations":[{"start":{"line":209,"column":6},"end":{"line":209,"column":13}},{"start":{"line":210,"column":6},"end":{"line":210,"column":14}},{"start":{"line":211,"column":6},"end":{"line":220,"column":7}}],"line":209},"20":{"loc":{"start":{"line":224,"column":6},"end":{"line":230,"column":7}},"type":"binary-expr","locations":[{"start":{"line":224,"column":6},"end":{"line":224,"column":13}},{"start":{"line":225,"column":6},"end":{"line":230,"column":7}}],"line":224},"21":{"loc":{"start":{"line":234,"column":6},"end":{"line":245,"column":7}},"type":"binary-expr","locations":[{"start":{"line":234,"column":6},"end":{"line":234,"column":13}},{"start":{"line":235,"column":6},"end":{"line":235,"column":14}},{"start":{"line":236,"column":6},"end":{"line":245,"column":7}}],"line":234},"22":{"loc":{"start":{"line":249,"column":6},"end":{"line":257,"column":7}},"type":"binary-expr","locations":[{"start":{"line":249,"column":6},"end":{"line":249,"column":11}},{"start":{"line":250,"column":6},"end":{"line":257,"column":7}}],"line":249},"23":{"loc":{"start":{"line":261,"column":6},"end":{"line":266,"column":7}},"type":"binary-expr","locations":[{"start":{"line":261,"column":6},"end":{"line":261,"column":11}},{"start":{"line":262,"column":6},"end":{"line":262,"column":14}},{"start":{"line":263,"column":6},"end":{"line":266,"column":7}}],"line":261},"24":{"loc":{"start":{"line":270,"column":6},"end":{"line":275,"column":7}},"type":"binary-expr","locations":[{"start":{"line":270,"column":6},"end":{"line":270,"column":14}},{"start":{"line":271,"column":6},"end":{"line":275,"column":7}}],"line":270},"25":{"loc":{"start":{"line":285,"column":10},"end":{"line":295,"column":11}},"type":"binary-expr","locations":[{"start":{"line":285,"column":10},"end":{"line":285,"column":18}},{"start":{"line":286,"column":10},"end":{"line":295,"column":11}}],"line":285},"26":{"loc":{"start":{"line":298,"column":10},"end":{"line":308,"column":11}},"type":"binary-expr","locations":[{"start":{"line":298,"column":10},"end":{"line":298,"column":17}},{"start":{"line":299,"column":10},"end":{"line":308,"column":11}}],"line":298},"27":{"loc":{"start":{"line":311,"column":10},"end":{"line":322,"column":11}},"type":"binary-expr","locations":[{"start":{"line":311,"column":10},"end":{"line":311,"column":17}},{"start":{"line":312,"column":10},"end":{"line":312,"column":18}},{"start":{"line":313,"column":10},"end":{"line":322,"column":11}}],"line":311},"28":{"loc":{"start":{"line":325,"column":10},"end":{"line":335,"column":11}},"type":"binary-expr","locations":[{"start":{"line":325,"column":10},"end":{"line":325,"column":19}},{"start":{"line":326,"column":10},"end":{"line":335,"column":11}}],"line":325},"29":{"loc":{"start":{"line":338,"column":10},"end":{"line":349,"column":11}},"type":"binary-expr","locations":[{"start":{"line":338,"column":10},"end":{"line":338,"column":19}},{"start":{"line":339,"column":10},"end":{"line":339,"column":18}},{"start":{"line":340,"column":10},"end":{"line":349,"column":11}}],"line":338},"30":{"loc":{"start":{"line":352,"column":10},"end":{"line":362,"column":11}},"type":"binary-expr","locations":[{"start":{"line":352,"column":10},"end":{"line":352,"column":17}},{"start":{"line":353,"column":10},"end":{"line":362,"column":11}}],"line":352},"31":{"loc":{"start":{"line":365,"column":10},"end":{"line":376,"column":11}},"type":"binary-expr","locations":[{"start":{"line":365,"column":10},"end":{"line":365,"column":17}},{"start":{"line":366,"column":10},"end":{"line":366,"column":18}},{"start":{"line":367,"column":10},"end":{"line":376,"column":11}}],"line":365},"32":{"loc":{"start":{"line":379,"column":10},"end":{"line":389,"column":11}},"type":"binary-expr","locations":[{"start":{"line":379,"column":10},"end":{"line":379,"column":17}},{"start":{"line":380,"column":10},"end":{"line":389,"column":11}}],"line":379},"33":{"loc":{"start":{"line":392,"column":10},"end":{"line":403,"column":11}},"type":"binary-expr","locations":[{"start":{"line":392,"column":10},"end":{"line":392,"column":17}},{"start":{"line":393,"column":10},"end":{"line":393,"column":18}},{"start":{"line":394,"column":10},"end":{"line":403,"column":11}}],"line":392},"34":{"loc":{"start":{"line":406,"column":10},"end":{"line":416,"column":11}},"type":"binary-expr","locations":[{"start":{"line":406,"column":10},"end":{"line":406,"column":15}},{"start":{"line":407,"column":10},"end":{"line":416,"column":11}}],"line":406},"35":{"loc":{"start":{"line":419,"column":10},"end":{"line":424,"column":11}},"type":"binary-expr","locations":[{"start":{"line":419,"column":10},"end":{"line":419,"column":15}},{"start":{"line":420,"column":10},"end":{"line":420,"column":18}},{"start":{"line":421,"column":10},"end":{"line":424,"column":11}}],"line":419},"36":{"loc":{"start":{"line":427,"column":12},"end":{"line":432,"column":13}},"type":"binary-expr","locations":[{"start":{"line":427,"column":12},"end":{"line":427,"column":20}},{"start":{"line":428,"column":12},"end":{"line":432,"column":13}}],"line":427}},"s":{"0":4,"1":52,"2":51,"3":1,"4":0,"5":1,"6":4,"7":9,"8":4,"9":26,"10":26,"11":26,"12":26,"13":26,"14":26,"15":26,"16":26,"17":26,"18":26,"19":26,"20":26,"21":2,"22":26,"23":2,"24":26,"25":2,"26":26,"27":2,"28":26,"29":26,"30":26,"31":26,"32":26,"33":15,"34":15,"35":15,"36":26,"37":2,"38":2,"39":2,"40":2,"41":26,"42":2,"43":2,"44":2,"45":26,"46":1,"47":1,"48":1,"49":1,"50":26,"51":2,"52":2,"53":2,"54":26,"55":1,"56":1,"57":1,"58":1,"59":26,"60":2,"61":2,"62":2,"63":26,"64":1,"65":1,"66":1,"67":1,"68":26,"69":2,"70":2,"71":2,"72":26,"73":1,"74":1,"75":26,"76":1,"77":1,"78":1,"79":26,"80":26,"81":26,"82":26,"83":6,"84":6,"85":6,"86":6,"87":26,"88":15,"89":15,"90":15,"91":15,"92":26,"93":2,"94":2,"95":2,"96":2,"97":26,"98":2,"99":2,"100":2,"101":2,"102":26,"103":1,"104":1,"105":1,"106":1,"107":26,"108":2,"109":2,"110":2,"111":2,"112":26,"113":1,"114":1,"115":1,"116":1,"117":26,"118":2,"119":2,"120":2,"121":2,"122":26,"123":1,"124":1,"125":1,"126":1,"127":26,"128":2,"129":2,"130":2,"131":2,"132":26,"133":1,"134":1,"135":26,"136":1,"137":1,"138":1},"f":{"0":52,"1":9,"2":26,"3":26,"4":26,"5":26,"6":26,"7":26,"8":26,"9":26,"10":26,"11":26,"12":26,"13":26,"14":2,"15":26,"16":2,"17":26,"18":2,"19":26,"20":2,"21":26,"22":26,"23":26,"24":26,"25":26,"26":15,"27":15,"28":15,"29":26,"30":2,"31":2,"32":2,"33":2,"34":26,"35":2,"36":2,"37":2,"38":26,"39":1,"40":1,"41":1,"42":1,"43":26,"44":2,"45":2,"46":2,"47":26,"48":1,"49":1,"50":1,"51":1,"52":26,"53":2,"54":2,"55":2,"56":26,"57":1,"58":1,"59":1,"60":1,"61":26,"62":2,"63":2,"64":2,"65":26,"66":1,"67":1,"68":26,"69":1,"70":1,"71":1,"72":26,"73":26,"74":26,"75":26,"76":6,"77":6,"78":6,"79":6,"80":26,"81":15,"82":15,"83":15,"84":15,"85":26,"86":2,"87":2,"88":2,"89":2,"90":26,"91":2,"92":2,"93":2,"94":2,"95":26,"96":1,"97":1,"98":1,"99":1,"100":26,"101":2,"102":2,"103":2,"104":2,"105":26,"106":1,"107":1,"108":1,"109":1,"110":26,"111":2,"112":2,"113":2,"114":2,"115":26,"116":1,"117":1,"118":1,"119":1,"120":26,"121":2,"122":2,"123":2,"124":2,"125":26,"126":1,"127":1,"128":26,"129":1,"130":1,"131":1},"b":{"0":[51,1],"1":[0,1],"2":[26,1],"3":[26,1],"4":[26,5],"5":[26,2],"6":[2,1],"7":[26,2],"8":[2,1],"9":[26,2],"10":[2,1],"11":[26,2],"12":[2,1],"13":[26,26],"14":[26,15],"15":[26,15,2],"16":[26,2],"17":[26,2,1],"18":[26,2],"19":[26,2,1],"20":[26,2],"21":[26,2,1],"22":[26,2],"23":[26,2,1],"24":[26,1],"25":[26,6],"26":[26,15],"27":[26,15,2],"28":[26,2],"29":[26,2,1],"30":[26,2],"31":[26,2,1],"32":[26,2],"33":[26,2,1],"34":[26,2],"35":[26,2,1],"36":[26,1]},"_coverageSchema":"332fd63041d2c1bcb487cc26dd0d5f7d97098a6c","hash":"e45b61db3b07b1d8b682d0ca35355bb5a4130854"}
,"/Users/thomasroux/Projects/tiller-stardust/src/Button/index.js": {"path":"/Users/thomasroux/Projects/tiller-stardust/src/Button/index.js","statementMap":{"0":{"start":{"line":7,"column":15},"end":{"line":7,"column":85}},"1":{"start":{"line":7,"column":42},"end":{"line":7,"column":85}},"2":{"start":{"line":9,"column":37},"end":{"line":9,"column":46}},"3":{"start":{"line":10,"column":0},"end":{"line":27,"column":2}},"4":{"start":{"line":29,"column":0},"end":{"line":46,"column":2}},"5":{"start":{"line":48,"column":21},"end":{"line":48,"column":37}},"6":{"start":{"line":50,"column":0},"end":{"line":50,"column":36}}},"fnMap":{"0":{"name":"(anonymous_0)","decl":{"start":{"line":7,"column":15},"end":{"line":7,"column":16}},"loc":{"start":{"line":7,"column":42},"end":{"line":7,"column":85}},"line":7},"1":{"name":"(anonymous_1)","decl":{"start":{"line":32,"column":11},"end":{"line":32,"column":12}},"loc":{"start":{"line":32,"column":17},"end":{"line":32,"column":19}},"line":32}},"branchMap":{},"s":{"0":4,"1":26,"2":4,"3":4,"4":4,"5":4,"6":4},"f":{"0":26,"1":0},"b":{},"_coverageSchema":"332fd63041d2c1bcb487cc26dd0d5f7d97098a6c","hash":"62daa7f9c622ab8c7c5262597b5beef24ef8d45d"}
,"/Users/thomasroux/Projects/tiller-stardust/src/Form/elements.js": {"path":"/Users/thomasroux/Projects/tiller-stardust/src/Form/elements.js","statementMap":{"0":{"start":{"line":3,"column":25},"end":{"line":8,"column":1}}},"fnMap":{},"branchMap":{},"s":{"0":3},"f":{},"b":{},"_coverageSchema":"332fd63041d2c1bcb487cc26dd0d5f7d97098a6c","hash":"cff25ac0c571d195a1016b2cff165fe094cff52e"}
,"/Users/thomasroux/Projects/tiller-stardust/src/Form/index.js": {"path":"/Users/thomasroux/Projects/tiller-stardust/src/Form/index.js","statementMap":{"0":{"start":{"line":13,"column":13},"end":{"line":24,"column":1}},"1":{"start":{"line":14,"column":2},"end":{"line":23,"column":14}},"2":{"start":{"line":17,"column":6},"end":{"line":17,"column":25}},"3":{"start":{"line":18,"column":6},"end":{"line":18,"column":17}},"4":{"start":{"line":26,"column":0},"end":{"line":26,"column":19}},"5":{"start":{"line":27,"column":0},"end":{"line":27,"column":19}},"6":{"start":{"line":32,"column":31},"end":{"line":32,"column":40}},"7":{"start":{"line":33,"column":0},"end":{"line":38,"column":2}},"8":{"start":{"line":43,"column":0},"end":{"line":48,"column":2}}},"fnMap":{"0":{"name":"(anonymous_0)","decl":{"start":{"line":13,"column":13},"end":{"line":13,"column":14}},"loc":{"start":{"line":14,"column":2},"end":{"line":23,"column":14}},"line":14},"1":{"name":"(anonymous_1)","decl":{"start":{"line":16,"column":14},"end":{"line":16,"column":15}},"loc":{"start":{"line":16,"column":19},"end":{"line":19,"column":5}},"line":16},"2":{"name":"(anonymous_2)","decl":{"start":{"line":46,"column":12},"end":{"line":46,"column":13}},"loc":{"start":{"line":46,"column":18},"end":{"line":46,"column":20}},"line":46}},"branchMap":{},"s":{"0":3,"1":9,"2":0,"3":0,"4":3,"5":3,"6":3,"7":3,"8":3},"f":{"0":9,"1":0,"2":0},"b":{},"_coverageSchema":"332fd63041d2c1bcb487cc26dd0d5f7d97098a6c","hash":"d9657a3d0dfa4be073da117ec0629de153c5a51d"}
,"/Users/thomasroux/Projects/tiller-stardust/src/Form/Field/elements.js": {"path":"/Users/thomasroux/Projects/tiller-stardust/src/Form/Field/elements.js","statementMap":{"0":{"start":{"line":8,"column":24},"end":{"line":8,"column":76}},"1":{"start":{"line":8,"column":33},"end":{"line":8,"column":75}},"2":{"start":{"line":15,"column":23},"end":{"line":15,"column":70}},"3":{"start":{"line":15,"column":32},"end":{"line":15,"column":69}},"4":{"start":{"line":17,"column":23},"end":{"line":37,"column":1}},"5":{"start":{"line":20,"column":24},"end":{"line":20,"column":44}},"6":{"start":{"line":21,"column":25},"end":{"line":21,"column":46}},"7":{"start":{"line":24,"column":47},"end":{"line":24,"column":63}},"8":{"start":{"line":27,"column":4},"end":{"line":31,"column":5}},"9":{"start":{"line":29,"column":52},"end":{"line":29,"column":68}},"10":{"start":{"line":39,"column":25},"end":{"line":53,"column":1}},"11":{"start":{"line":47,"column":4},"end":{"line":52,"column":5}},"12":{"start":{"line":55,"column":21},"end":{"line":103,"column":1}},"13":{"start":{"line":56,"column":26},"end":{"line":56,"column":31}},"14":{"start":{"line":61,"column":8},"end":{"line":61,"column":19}},"15":{"start":{"line":63,"column":39},"end":{"line":63,"column":51}},"16":{"start":{"line":70,"column":8},"end":{"line":70,"column":21}},"17":{"start":{"line":75,"column":8},"end":{"line":75,"column":19}},"18":{"start":{"line":80,"column":8},"end":{"line":80,"column":19}},"19":{"start":{"line":82,"column":47},"end":{"line":82,"column":63}},"20":{"start":{"line":83,"column":50},"end":{"line":83,"column":66}},"21":{"start":{"line":84,"column":48},"end":{"line":84,"column":63}},"22":{"start":{"line":87,"column":4},"end":{"line":91,"column":5}},"23":{"start":{"line":94,"column":4},"end":{"line":102,"column":5}},"24":{"start":{"line":96,"column":43},"end":{"line":96,"column":55}},"25":{"start":{"line":101,"column":12},"end":{"line":101,"column":24}},"26":{"start":{"line":105,"column":32},"end":{"line":112,"column":1}},"27":{"start":{"line":114,"column":30},"end":{"line":114,"column":42}}},"fnMap":{"0":{"name":"(anonymous_0)","decl":{"start":{"line":8,"column":24},"end":{"line":8,"column":25}},"loc":{"start":{"line":8,"column":33},"end":{"line":8,"column":75}},"line":8},"1":{"name":"(anonymous_1)","decl":{"start":{"line":15,"column":23},"end":{"line":15,"column":24}},"loc":{"start":{"line":15,"column":32},"end":{"line":15,"column":69}},"line":15},"2":{"name":"(anonymous_2)","decl":{"start":{"line":20,"column":10},"end":{"line":20,"column":11}},"loc":{"start":{"line":20,"column":24},"end":{"line":20,"column":44}},"line":20},"3":{"name":"(anonymous_3)","decl":{"start":{"line":21,"column":11},"end":{"line":21,"column":12}},"loc":{"start":{"line":21,"column":25},"end":{"line":21,"column":46}},"line":21},"4":{"name":"(anonymous_4)","decl":{"start":{"line":24,"column":16},"end":{"line":24,"column":17}},"loc":{"start":{"line":24,"column":47},"end":{"line":24,"column":63}},"line":24},"5":{"name":"(anonymous_5)","decl":{"start":{"line":26,"column":4},"end":{"line":26,"column":5}},"loc":{"start":{"line":27,"column":4},"end":{"line":31,"column":5}},"line":27},"6":{"name":"(anonymous_6)","decl":{"start":{"line":29,"column":21},"end":{"line":29,"column":22}},"loc":{"start":{"line":29,"column":52},"end":{"line":29,"column":68}},"line":29},"7":{"name":"(anonymous_7)","decl":{"start":{"line":46,"column":4},"end":{"line":46,"column":5}},"loc":{"start":{"line":47,"column":4},"end":{"line":52,"column":5}},"line":47},"8":{"name":"(anonymous_8)","decl":{"start":{"line":56,"column":11},"end":{"line":56,"column":12}},"loc":{"start":{"line":56,"column":26},"end":{"line":56,"column":31}},"line":56},"9":{"name":"(anonymous_9)","decl":{"start":{"line":57,"column":16},"end":{"line":57,"column":17}},"loc":{"start":{"line":61,"column":8},"end":{"line":61,"column":19}},"line":61},"10":{"name":"(anonymous_10)","decl":{"start":{"line":63,"column":11},"end":{"line":63,"column":12}},"loc":{"start":{"line":63,"column":39},"end":{"line":63,"column":51}},"line":63},"11":{"name":"(anonymous_11)","decl":{"start":{"line":66,"column":17},"end":{"line":66,"column":18}},"loc":{"start":{"line":70,"column":8},"end":{"line":70,"column":21}},"line":70},"12":{"name":"(anonymous_12)","decl":{"start":{"line":71,"column":15},"end":{"line":71,"column":16}},"loc":{"start":{"line":75,"column":8},"end":{"line":75,"column":19}},"line":75},"13":{"name":"(anonymous_13)","decl":{"start":{"line":76,"column":17},"end":{"line":76,"column":18}},"loc":{"start":{"line":80,"column":8},"end":{"line":80,"column":19}},"line":80},"14":{"name":"(anonymous_14)","decl":{"start":{"line":82,"column":16},"end":{"line":82,"column":17}},"loc":{"start":{"line":82,"column":47},"end":{"line":82,"column":63}},"line":82},"15":{"name":"(anonymous_15)","decl":{"start":{"line":83,"column":19},"end":{"line":83,"column":20}},"loc":{"start":{"line":83,"column":50},"end":{"line":83,"column":66}},"line":83},"16":{"name":"(anonymous_16)","decl":{"start":{"line":84,"column":17},"end":{"line":84,"column":18}},"loc":{"start":{"line":84,"column":48},"end":{"line":84,"column":63}},"line":84},"17":{"name":"(anonymous_17)","decl":{"start":{"line":86,"column":4},"end":{"line":86,"column":5}},"loc":{"start":{"line":87,"column":4},"end":{"line":91,"column":5}},"line":87},"18":{"name":"(anonymous_18)","decl":{"start":{"line":93,"column":4},"end":{"line":93,"column":5}},"loc":{"start":{"line":94,"column":4},"end":{"line":102,"column":5}},"line":94},"19":{"name":"(anonymous_19)","decl":{"start":{"line":96,"column":15},"end":{"line":96,"column":16}},"loc":{"start":{"line":96,"column":43},"end":{"line":96,"column":55}},"line":96},"20":{"name":"(anonymous_20)","decl":{"start":{"line":97,"column":21},"end":{"line":97,"column":22}},"loc":{"start":{"line":101,"column":12},"end":{"line":101,"column":24}},"line":101}},"branchMap":{"0":{"loc":{"start":{"line":8,"column":33},"end":{"line":8,"column":75}},"type":"cond-expr","locations":[{"start":{"line":8,"column":62},"end":{"line":8,"column":66}},{"start":{"line":8,"column":69},"end":{"line":8,"column":75}}],"line":8},"1":{"loc":{"start":{"line":15,"column":32},"end":{"line":15,"column":69}},"type":"cond-expr","locations":[{"start":{"line":15,"column":53},"end":{"line":15,"column":57}},{"start":{"line":15,"column":60},"end":{"line":15,"column":69}}],"line":15},"2":{"loc":{"start":{"line":27,"column":4},"end":{"line":31,"column":5}},"type":"binary-expr","locations":[{"start":{"line":27,"column":4},"end":{"line":27,"column":9}},{"start":{"line":28,"column":4},"end":{"line":31,"column":5}}],"line":27},"3":{"loc":{"start":{"line":47,"column":4},"end":{"line":52,"column":5}},"type":"binary-expr","locations":[{"start":{"line":47,"column":4},"end":{"line":47,"column":15}},{"start":{"line":48,"column":4},"end":{"line":52,"column":5}}],"line":47},"4":{"loc":{"start":{"line":87,"column":4},"end":{"line":91,"column":5}},"type":"binary-expr","locations":[{"start":{"line":87,"column":4},"end":{"line":87,"column":15}},{"start":{"line":88,"column":4},"end":{"line":91,"column":5}}],"line":87},"5":{"loc":{"start":{"line":94,"column":4},"end":{"line":102,"column":5}},"type":"binary-expr","locations":[{"start":{"line":94,"column":4},"end":{"line":94,"column":12}},{"start":{"line":95,"column":4},"end":{"line":102,"column":5}}],"line":94}},"s":{"0":3,"1":19,"2":3,"3":19,"4":3,"5":19,"6":19,"7":19,"8":19,"9":4,"10":3,"11":19,"12":3,"13":15,"14":15,"15":15,"16":15,"17":15,"18":15,"19":15,"20":15,"21":15,"22":15,"23":15,"24":1,"25":1,"26":3,"27":3},"f":{"0":19,"1":19,"2":19,"3":19,"4":19,"5":19,"6":4,"7":19,"8":15,"9":15,"10":15,"11":15,"12":15,"13":15,"14":15,"15":15,"16":15,"17":15,"18":15,"19":1,"20":1},"b":{"0":[0,19],"1":[19,0],"2":[19,4],"3":[19,11],"4":[15,0],"5":[15,1]},"_coverageSchema":"332fd63041d2c1bcb487cc26dd0d5f7d97098a6c","hash":"ca2c3db69bfee1f53c0cecd04aea64140d221517"}
,"/Users/thomasroux/Projects/tiller-stardust/src/Form/Field/index.js": {"path":"/Users/thomasroux/Projects/tiller-stardust/src/Form/Field/index.js","statementMap":{"0":{"start":{"line":47,"column":4},"end":{"line":47,"column":53}},"1":{"start":{"line":54,"column":4},"end":{"line":54,"column":54}},"2":{"start":{"line":63,"column":25},"end":{"line":63,"column":35}},"3":{"start":{"line":64,"column":81},"end":{"line":64,"column":91}},"4":{"start":{"line":66,"column":21},"end":{"line":80,"column":6}},"5":{"start":{"line":69,"column":10},"end":{"line":69,"column":15}},"6":{"start":{"line":71,"column":6},"end":{"line":73,"column":7}},"7":{"start":{"line":72,"column":8},"end":{"line":72,"column":93}},"8":{"start":{"line":75,"column":6},"end":{"line":77,"column":7}},"9":{"start":{"line":76,"column":8},"end":{"line":76,"column":55}},"10":{"start":{"line":79,"column":6},"end":{"line":79,"column":19}},"11":{"start":{"line":82,"column":4},"end":{"line":96,"column":6}}},"fnMap":{"0":{"name":"(anonymous_0)","decl":{"start":{"line":46,"column":16},"end":{"line":46,"column":17}},"loc":{"start":{"line":46,"column":22},"end":{"line":48,"column":3}},"line":46},"1":{"name":"(anonymous_1)","decl":{"start":{"line":53,"column":15},"end":{"line":53,"column":16}},"loc":{"start":{"line":53,"column":21},"end":{"line":55,"column":3}},"line":53},"2":{"name":"(anonymous_2)","decl":{"start":{"line":62,"column":2},"end":{"line":62,"column":3}},"loc":{"start":{"line":62,"column":11},"end":{"line":97,"column":3}},"line":62},"3":{"name":"(anonymous_3)","decl":{"start":{"line":66,"column":44},"end":{"line":66,"column":45}},"loc":{"start":{"line":66,"column":53},"end":{"line":80,"column":5}},"line":66}},"branchMap":{"0":{"loc":{"start":{"line":71,"column":6},"end":{"line":73,"column":7}},"type":"if","locations":[{"start":{"line":71,"column":6},"end":{"line":73,"column":7}},{"start":{"line":71,"column":6},"end":{"line":73,"column":7}}],"line":71},"1":{"loc":{"start":{"line":75,"column":6},"end":{"line":77,"column":7}},"type":"if","locations":[{"start":{"line":75,"column":6},"end":{"line":77,"column":7}},{"start":{"line":75,"column":6},"end":{"line":77,"column":7}}],"line":75},"2":{"loc":{"start":{"line":85,"column":11},"end":{"line":90,"column":13}},"type":"binary-expr","locations":[{"start":{"line":85,"column":11},"end":{"line":85,"column":25}},{"start":{"line":86,"column":12},"end":{"line":86,"column":51}},{"start":{"line":87,"column":14},"end":{"line":89,"column":22}}],"line":85},"3":{"loc":{"start":{"line":86,"column":14},"end":{"line":86,"column":50}},"type":"binary-expr","locations":[{"start":{"line":86,"column":14},"end":{"line":86,"column":34}},{"start":{"line":86,"column":38},"end":{"line":86,"column":50}}],"line":86}},"s":{"0":1,"1":1,"2":19,"3":19,"4":19,"5":19,"6":19,"7":18,"8":1,"9":1,"10":0,"11":19},"f":{"0":1,"1":1,"2":19,"3":19},"b":{"0":[18,1],"1":[1,0],"2":[19,19,15],"3":[19,8]},"_coverageSchema":"332fd63041d2c1bcb487cc26dd0d5f7d97098a6c","hash":"2256cf23c7800b44309d7bb0c9e5a2252216dea3"}
,"/Users/thomasroux/Projects/tiller-stardust/src/Form/Group/elements.js": {"path":"/Users/thomasroux/Projects/tiller-stardust/src/Form/Group/elements.js","statementMap":{"0":{"start":{"line":3,"column":25},"end":{"line":14,"column":1}},"1":{"start":{"line":10,"column":4},"end":{"line":13,"column":5}}},"fnMap":{"0":{"name":"(anonymous_0)","decl":{"start":{"line":9,"column":4},"end":{"line":9,"column":5}},"loc":{"start":{"line":10,"column":4},"end":{"line":13,"column":5}},"line":10}},"branchMap":{"0":{"loc":{"start":{"line":10,"column":4},"end":{"line":13,"column":5}},"type":"binary-expr","locations":[{"start":{"line":10,"column":4},"end":{"line":10,"column":7}},{"start":{"line":11,"column":4},"end":{"line":13,"column":5}}],"line":10}},"s":{"0":3,"1":9},"f":{"0":9},"b":{"0":[9,2]},"_coverageSchema":"332fd63041d2c1bcb487cc26dd0d5f7d97098a6c","hash":"c6a87dc0524140254edde96951aa8f123c744ffc"}
,"/Users/thomasroux/Projects/tiller-stardust/src/Form/Group/index.js": {"path":"/Users/thomasroux/Projects/tiller-stardust/src/Form/Group/index.js","statementMap":{"0":{"start":{"line":10,"column":14},"end":{"line":20,"column":1}},"1":{"start":{"line":11,"column":2},"end":{"line":19,"column":14}},"2":{"start":{"line":13,"column":6},"end":{"line":17,"column":8}},"3":{"start":{"line":25,"column":31},"end":{"line":25,"column":40}},"4":{"start":{"line":26,"column":0},"end":{"line":32,"column":2}},"5":{"start":{"line":37,"column":0},"end":{"line":43,"column":2}}},"fnMap":{"0":{"name":"(anonymous_0)","decl":{"start":{"line":10,"column":14},"end":{"line":10,"column":15}},"loc":{"start":{"line":11,"column":2},"end":{"line":19,"column":14}},"line":11},"1":{"name":"(anonymous_1)","decl":{"start":{"line":12,"column":34},"end":{"line":12,"column":35}},"loc":{"start":{"line":13,"column":6},"end":{"line":17,"column":8}},"line":13}},"branchMap":{},"s":{"0":3,"1":9,"2":17,"3":3,"4":3,"5":3},"f":{"0":9,"1":17},"b":{},"_coverageSchema":"332fd63041d2c1bcb487cc26dd0d5f7d97098a6c","hash":"7d268bb28ce02238889cd9d865fdee01ba6dc998"}
,"/Users/thomasroux/Projects/tiller-stardust/src/Icon/data.js": {"path":"/Users/thomasroux/Projects/tiller-stardust/src/Icon/data.js","statementMap":{"0":{"start":{"line":2,"column":20},"end":{"line":53,"column":1}}},"fnMap":{},"branchMap":{},"s":{"0":3},"f":{},"b":{},"_coverageSchema":"332fd63041d2c1bcb487cc26dd0d5f7d97098a6c","hash":"0803ae9e9735bf5c486b476617a2aa06eafd0d3b"}
,"/Users/thomasroux/Projects/tiller-stardust/src/Icon/elements.js": {"path":"/Users/thomasroux/Projects/tiller-stardust/src/Icon/elements.js","statementMap":{"0":{"start":{"line":3,"column":29},"end":{"line":11,"column":1}},"1":{"start":{"line":13,"column":25},"end":{"line":23,"column":1}},"2":{"start":{"line":19,"column":4},"end":{"line":22,"column":5}}},"fnMap":{"0":{"name":"(anonymous_0)","decl":{"start":{"line":18,"column":4},"end":{"line":18,"column":5}},"loc":{"start":{"line":19,"column":4},"end":{"line":22,"column":5}},"line":19}},"branchMap":{"0":{"loc":{"start":{"line":19,"column":4},"end":{"line":22,"column":5}},"type":"binary-expr","locations":[{"start":{"line":19,"column":4},"end":{"line":19,"column":8}},{"start":{"line":20,"column":4},"end":{"line":22,"column":5}}],"line":19}},"s":{"0":3,"1":3,"2":13},"f":{"0":13},"b":{"0":[13,1]},"_coverageSchema":"332fd63041d2c1bcb487cc26dd0d5f7d97098a6c","hash":"7a625485863c618f932528b3a14aebf63de02dec"}
,"/Users/thomasroux/Projects/tiller-stardust/src/Icon/index.js": {"path":"/Users/thomasroux/Projects/tiller-stardust/src/Icon/index.js","statementMap":{"0":{"start":{"line":9,"column":20},"end":{"line":9,"column":25}},"1":{"start":{"line":10,"column":17},"end":{"line":13,"column":1}},"2":{"start":{"line":11,"column":2},"end":{"line":11,"column":59}},"3":{"start":{"line":11,"column":37},"end":{"line":11,"column":59}},"4":{"start":{"line":12,"column":2},"end":{"line":12,"column":15}},"5":{"start":{"line":15,"column":13},"end":{"line":21,"column":1}},"6":{"start":{"line":16,"column":2},"end":{"line":20,"column":14}},"7":{"start":{"line":26,"column":25},"end":{"line":26,"column":34}},"8":{"start":{"line":27,"column":0},"end":{"line":33,"column":2}},"9":{"start":{"line":38,"column":0},"end":{"line":43,"column":2}}},"fnMap":{"0":{"name":"(anonymous_0)","decl":{"start":{"line":10,"column":17},"end":{"line":10,"column":18}},"loc":{"start":{"line":10,"column":26},"end":{"line":13,"column":1}},"line":10},"1":{"name":"(anonymous_1)","decl":{"start":{"line":15,"column":13},"end":{"line":15,"column":14}},"loc":{"start":{"line":16,"column":2},"end":{"line":20,"column":14}},"line":16}},"branchMap":{"0":{"loc":{"start":{"line":11,"column":2},"end":{"line":11,"column":59}},"type":"if","locations":[{"start":{"line":11,"column":2},"end":{"line":11,"column":59}},{"start":{"line":11,"column":2},"end":{"line":11,"column":59}}],"line":11}},"s":{"0":3,"1":3,"2":13,"3":3,"4":10,"5":3,"6":13,"7":3,"8":3,"9":3},"f":{"0":13,"1":13},"b":{"0":[3,10]},"_coverageSchema":"332fd63041d2c1bcb487cc26dd0d5f7d97098a6c","hash":"6005921a10b865523080541a1f51a82d2a41235a"}
,"/Users/thomasroux/Projects/tiller-stardust/src/Input/elements.js": {"path":"/Users/thomasroux/Projects/tiller-stardust/src/Input/elements.js","statementMap":{"0":{"start":{"line":3,"column":25},"end":{"line":51,"column":1}},"1":{"start":{"line":8,"column":26},"end":{"line":8,"column":31}},"2":{"start":{"line":11,"column":50},"end":{"line":11,"column":67}},"3":{"start":{"line":12,"column":50},"end":{"line":12,"column":62}},"4":{"start":{"line":13,"column":50},"end":{"line":13,"column":63}},"5":{"start":{"line":16,"column":4},"end":{"line":19,"column":5}},"6":{"start":{"line":18,"column":50},"end":{"line":18,"column":61}},"7":{"start":{"line":22,"column":4},"end":{"line":25,"column":5}},"8":{"start":{"line":24,"column":50},"end":{"line":24,"column":64}},"9":{"start":{"line":28,"column":4},"end":{"line":31,"column":5}},"10":{"start":{"line":30,"column":50},"end":{"line":30,"column":63}},"11":{"start":{"line":34,"column":4},"end":{"line":37,"column":5}},"12":{"start":{"line":36,"column":50},"end":{"line":36,"column":62}},"13":{"start":{"line":40,"column":4},"end":{"line":43,"column":5}},"14":{"start":{"line":42,"column":50},"end":{"line":42,"column":62}},"15":{"start":{"line":46,"column":4},"end":{"line":50,"column":5}},"16":{"start":{"line":49,"column":50},"end":{"line":49,"column":62}},"17":{"start":{"line":53,"column":28},"end":{"line":69,"column":1}},"18":{"start":{"line":56,"column":50},"end":{"line":56,"column":63}},"19":{"start":{"line":58,"column":45},"end":{"line":58,"column":61}},"20":{"start":{"line":59,"column":50},"end":{"line":59,"column":67}}},"fnMap":{"0":{"name":"(anonymous_0)","decl":{"start":{"line":8,"column":11},"end":{"line":8,"column":12}},"loc":{"start":{"line":8,"column":26},"end":{"line":8,"column":31}},"line":8},"1":{"name":"(anonymous_1)","decl":{"start":{"line":11,"column":19},"end":{"line":11,"column":20}},"loc":{"start":{"line":11,"column":50},"end":{"line":11,"column":67}},"line":11},"2":{"name":"(anonymous_2)","decl":{"start":{"line":12,"column":22},"end":{"line":12,"column":23}},"loc":{"start":{"line":12,"column":50},"end":{"line":12,"column":62}},"line":12},"3":{"name":"(anonymous_3)","decl":{"start":{"line":13,"column":22},"end":{"line":13,"column":23}},"loc":{"start":{"line":13,"column":50},"end":{"line":13,"column":63}},"line":13},"4":{"name":"(anonymous_4)","decl":{"start":{"line":15,"column":4},"end":{"line":15,"column":5}},"loc":{"start":{"line":16,"column":4},"end":{"line":19,"column":5}},"line":16},"5":{"name":"(anonymous_5)","decl":{"start":{"line":18,"column":22},"end":{"line":18,"column":23}},"loc":{"start":{"line":18,"column":50},"end":{"line":18,"column":61}},"line":18},"6":{"name":"(anonymous_6)","decl":{"start":{"line":21,"column":4},"end":{"line":21,"column":5}},"loc":{"start":{"line":22,"column":4},"end":{"line":25,"column":5}},"line":22},"7":{"name":"(anonymous_7)","decl":{"start":{"line":24,"column":22},"end":{"line":24,"column":23}},"loc":{"start":{"line":24,"column":50},"end":{"line":24,"column":64}},"line":24},"8":{"name":"(anonymous_8)","decl":{"start":{"line":27,"column":4},"end":{"line":27,"column":5}},"loc":{"start":{"line":28,"column":4},"end":{"line":31,"column":5}},"line":28},"9":{"name":"(anonymous_9)","decl":{"start":{"line":30,"column":22},"end":{"line":30,"column":23}},"loc":{"start":{"line":30,"column":50},"end":{"line":30,"column":63}},"line":30},"10":{"name":"(anonymous_10)","decl":{"start":{"line":33,"column":4},"end":{"line":33,"column":5}},"loc":{"start":{"line":34,"column":4},"end":{"line":37,"column":5}},"line":34},"11":{"name":"(anonymous_11)","decl":{"start":{"line":36,"column":22},"end":{"line":36,"column":23}},"loc":{"start":{"line":36,"column":50},"end":{"line":36,"column":62}},"line":36},"12":{"name":"(anonymous_12)","decl":{"start":{"line":39,"column":4},"end":{"line":39,"column":5}},"loc":{"start":{"line":40,"column":4},"end":{"line":43,"column":5}},"line":40},"13":{"name":"(anonymous_13)","decl":{"start":{"line":42,"column":22},"end":{"line":42,"column":23}},"loc":{"start":{"line":42,"column":50},"end":{"line":42,"column":62}},"line":42},"14":{"name":"(anonymous_14)","decl":{"start":{"line":45,"column":4},"end":{"line":45,"column":5}},"loc":{"start":{"line":46,"column":4},"end":{"line":50,"column":5}},"line":46},"15":{"name":"(anonymous_15)","decl":{"start":{"line":49,"column":22},"end":{"line":49,"column":23}},"loc":{"start":{"line":49,"column":50},"end":{"line":49,"column":62}},"line":49},"16":{"name":"(anonymous_16)","decl":{"start":{"line":56,"column":22},"end":{"line":56,"column":23}},"loc":{"start":{"line":56,"column":50},"end":{"line":56,"column":63}},"line":56},"17":{"name":"(anonymous_17)","decl":{"start":{"line":58,"column":14},"end":{"line":58,"column":15}},"loc":{"start":{"line":58,"column":45},"end":{"line":58,"column":61}},"line":58},"18":{"name":"(anonymous_18)","decl":{"start":{"line":59,"column":19},"end":{"line":59,"column":20}},"loc":{"start":{"line":59,"column":50},"end":{"line":59,"column":67}},"line":59}},"branchMap":{"0":{"loc":{"start":{"line":16,"column":4},"end":{"line":19,"column":5}},"type":"binary-expr","locations":[{"start":{"line":16,"column":4},"end":{"line":16,"column":9}},{"start":{"line":17,"column":4},"end":{"line":19,"column":5}}],"line":16},"1":{"loc":{"start":{"line":22,"column":4},"end":{"line":25,"column":5}},"type":"binary-expr","locations":[{"start":{"line":22,"column":4},"end":{"line":22,"column":11}},{"start":{"line":23,"column":4},"end":{"line":25,"column":5}}],"line":22},"2":{"loc":{"start":{"line":28,"column":4},"end":{"line":31,"column":5}},"type":"binary-expr","locations":[{"start":{"line":28,"column":4},"end":{"line":28,"column":11}},{"start":{"line":29,"column":4},"end":{"line":31,"column":5}}],"line":28},"3":{"loc":{"start":{"line":34,"column":4},"end":{"line":37,"column":5}},"type":"binary-expr","locations":[{"start":{"line":34,"column":4},"end":{"line":34,"column":8}},{"start":{"line":35,"column":4},"end":{"line":37,"column":5}}],"line":34},"4":{"loc":{"start":{"line":40,"column":4},"end":{"line":43,"column":5}},"type":"binary-expr","locations":[{"start":{"line":40,"column":4},"end":{"line":40,"column":12}},{"start":{"line":41,"column":4},"end":{"line":43,"column":5}}],"line":40},"5":{"loc":{"start":{"line":46,"column":4},"end":{"line":50,"column":5}},"type":"binary-expr","locations":[{"start":{"line":46,"column":4},"end":{"line":46,"column":12}},{"start":{"line":47,"column":4},"end":{"line":50,"column":5}}],"line":46}},"s":{"0":3,"1":44,"2":44,"3":44,"4":44,"5":44,"6":1,"7":44,"8":1,"9":44,"10":1,"11":44,"12":1,"13":44,"14":8,"15":44,"16":4,"17":3,"18":44,"19":44,"20":44},"f":{"0":44,"1":44,"2":44,"3":44,"4":44,"5":1,"6":44,"7":1,"8":44,"9":1,"10":44,"11":1,"12":44,"13":8,"14":44,"15":4,"16":44,"17":44,"18":44},"b":{"0":[44,1],"1":[44,1],"2":[44,1],"3":[44,1],"4":[44,8],"5":[44,4]},"_coverageSchema":"332fd63041d2c1bcb487cc26dd0d5f7d97098a6c","hash":"8a056106524d6784d7c3d5546cdfaf27eeb02fbc"}
,"/Users/thomasroux/Projects/tiller-stardust/src/Input/index.js": {"path":"/Users/thomasroux/Projects/tiller-stardust/src/Input/index.js","statementMap":{"0":{"start":{"line":20,"column":18},"end":{"line":27,"column":1}},"1":{"start":{"line":21,"column":2},"end":{"line":21,"column":32}},"2":{"start":{"line":21,"column":15},"end":{"line":21,"column":32}},"3":{"start":{"line":22,"column":2},"end":{"line":22,"column":26}},"4":{"start":{"line":22,"column":12},"end":{"line":22,"column":26}},"5":{"start":{"line":23,"column":2},"end":{"line":23,"column":32}},"6":{"start":{"line":23,"column":15},"end":{"line":23,"column":32}},"7":{"start":{"line":24,"column":2},"end":{"line":24,"column":32}},"8":{"start":{"line":24,"column":15},"end":{"line":24,"column":32}},"9":{"start":{"line":25,"column":2},"end":{"line":25,"column":28}},"10":{"start":{"line":25,"column":13},"end":{"line":25,"column":28}},"11":{"start":{"line":26,"column":2},"end":{"line":26,"column":30}},"12":{"start":{"line":26,"column":14},"end":{"line":26,"column":30}},"13":{"start":{"line":115,"column":22},"end":{"line":115,"column":32}},"14":{"start":{"line":116,"column":4},"end":{"line":118,"column":5}},"15":{"start":{"line":117,"column":6},"end":{"line":117,"column":46}},"16":{"start":{"line":127,"column":35},"end":{"line":127,"column":45}},"17":{"start":{"line":128,"column":22},"end":{"line":128,"column":30}},"18":{"start":{"line":130,"column":4},"end":{"line":134,"column":5}},"19":{"start":{"line":131,"column":6},"end":{"line":131,"column":22}},"20":{"start":{"line":133,"column":6},"end":{"line":133,"column":46}},"21":{"start":{"line":141,"column":34},"end":{"line":141,"column":44}},"22":{"start":{"line":143,"column":4},"end":{"line":146,"column":7}},"23":{"start":{"line":144,"column":6},"end":{"line":144,"column":16}},"24":{"start":{"line":145,"column":6},"end":{"line":145,"column":17}},"25":{"start":{"line":153,"column":32},"end":{"line":153,"column":42}},"26":{"start":{"line":154,"column":4},"end":{"line":157,"column":7}},"27":{"start":{"line":155,"column":6},"end":{"line":155,"column":15}},"28":{"start":{"line":156,"column":6},"end":{"line":156,"column":16}},"29":{"start":{"line":166,"column":32},"end":{"line":166,"column":42}},"30":{"start":{"line":183,"column":8},"end":{"line":183,"column":18}},"31":{"start":{"line":187,"column":22},"end":{"line":187,"column":95}},"32":{"start":{"line":189,"column":4},"end":{"line":219,"column":6}}},"fnMap":{"0":{"name":"(anonymous_0)","decl":{"start":{"line":20,"column":18},"end":{"line":20,"column":19}},"loc":{"start":{"line":20,"column":70},"end":{"line":27,"column":1}},"line":20},"1":{"name":"(anonymous_1)","decl":{"start":{"line":84,"c
[...]
":5}},"line":83},"9":{"name":"(anonymous_9)","decl":{"start":{"line":85,"column":20},"end":{"line":85,"column":21}},"loc":{"start":{"line":85,"column":48},"end":{"line":85,"column":62}},"line":85},"10":{"name":"(anonymous_10)","decl":{"start":{"line":88,"column":4},"end":{"line":88,"column":5}},"loc":{"start":{"line":89,"column":4},"end":{"line":92,"column":5}},"line":89},"11":{"name":"(anonymous_11)","decl":{"start":{"line":91,"column":20},"end":{"line":91,"column":21}},"loc":{"start":{"line":91,"column":48},"end":{"line":91,"column":59}},"line":91},"12":{"name":"(anonymous_12)","decl":{"start":{"line":94,"column":4},"end":{"line":94,"column":5}},"loc":{"start":{"line":95,"column":4},"end":{"line":98,"column":5}},"line":95},"13":{"name":"(anonymous_13)","decl":{"start":{"line":97,"column":20},"end":{"line":97,"column":21}},"loc":{"start":{"line":97,"column":48},"end":{"line":97,"column":60}},"line":97},"14":{"name":"(anonymous_14)","decl":{"start":{"line":100,"column":4},"end":{"line":100,"column":5}},"loc":{"start":{"line":101,"column":4},"end":{"line":105,"column":5}},"line":101},"15":{"name":"(anonymous_15)","decl":{"start":{"line":104,"column":20},"end":{"line":104,"column":21}},"loc":{"start":{"line":104,"column":48},"end":{"line":104,"column":60}},"line":104}},"branchMap":{"0":{"loc":{"start":{"line":28,"column":13},"end":{"line":28,"column":76}},"type":"cond-expr","locations":[{"start":{"line":28,"column":36},"end":{"line":28,"column":54}},{"start":{"line":28,"column":57},"end":{"line":28,"column":76}}],"line":28},"1":{"loc":{"start":{"line":30,"column":13},"end":{"line":30,"column":80}},"type":"cond-expr","locations":[{"start":{"line":30,"column":63},"end":{"line":30,"column":69}},{"start":{"line":30,"column":72},"end":{"line":30,"column":80}}],"line":30},"2":{"loc":{"start":{"line":31,"column":14},"end":{"line":31,"column":81}},"type":"cond-expr","locations":[{"start":{"line":31,"column":64},"end":{"line":31,"column":70}},{"start":{"line":31,"column":73},"end":{"line":31,"column":81}}],"line":31},"3":{"loc":{"start":{"line":65,"column":4},"end":{"line":68,"column":5}},"type":"binary-expr","locations":[{"start":{"line":65,"column":4},"end":{"line":65,"column":24}},{"start":{"line":66,"column":4},"end":{"line":68,"column":5}}],"line":65},"4":{"loc":{"start":{"line":71,"column":4},"end":{"line":74,"column":5}},"type":"binary-expr","locations":[{"start":{"line":71,"column":4},"end":{"line":71,"column":21}},{"start":{"line":72,"column":4},"end":{"line":74,"column":5}}],"line":71},"5":{"loc":{"start":{"line":77,"column":4},"end":{"line":80,"column":5}},"type":"binary-expr","locations":[{"start":{"line":77,"column":4},"end":{"line":77,"column":24}},{"start":{"line":78,"column":4},"end":{"line":80,"column":5}}],"line":77},"6":{"loc":{"start":{"line":83,"column":4},"end":{"line":86,"column":5}},"type":"binary-expr","locations":[{"start":{"line":83,"column":4},"end":{"line":83,"column":24}},{"start":{"line":84,"column":4},"end":{"line":86,"column":5}}],"line":83},"7":{"loc":{"start":{"line":89,"column":4},"end":{"line":92,"column":5}},"type":"binary-expr","locations":[{"start":{"line":89,"column":4},"end":{"line":89,"column":22}},{"start":{"line":90,"column":4},"end":{"line":92,"column":5}}],"line":89},"8":{"loc":{"start":{"line":95,"column":4},"end":{"line":98,"column":5}},"type":"binary-expr","locations":[{"start":{"line":95,"column":4},"end":{"line":95,"column":23}},{"start":{"line":96,"column":4},"end":{"line":98,"column":5}}],"line":95},"9":{"loc":{"start":{"line":101,"column":4},"end":{"line":105,"column":5}},"type":"binary-expr","locations":[{"start":{"line":101,"column":4},"end":{"line":101,"column":23}},{"start":{"line":102,"column":4},"end":{"line":102,"column":12}},{"start":{"line":103,"column":4},"end":{"line":105,"column":5}}],"line":101}},"s":{"0":3,"1":3,"2":8,"3":3,"4":3,"5":3,"6":3,"7":8,"8":8,"9":1,"10":8,"11":1,"12":8,"13":1,"14":8,"15":1,"16":8,"17":1,"18":8,"19":3,"20":8,"21":1},"f":{"0":8,"1":8,"2":8,"3":1,"4":8,"5":1,"6":8,"7":1,"8":8,"9":1,"10":8,"11":1,"12":8,"13":3,"14":8,"15":1},"b":{"0":[1,7],"1":[3,5],"2":[3,5],"3":[8,1],"4":[8,1],"5":[8,1],"6":[8,1],"7":[8,1],"8":[8,3],"9":[8,3,1]},"_coverageSchema":"332fd63041d2c1bcb487cc26dd0d5f7d97098a6c","hash":"c11b47fe84a1ccf62b248f63b7fb06e00de8f18d"}
,"/Users/thomasroux/Projects/tiller-stardust/src/KpiBlock/elements.js": {"path":"/Users/thomasroux/Projects/tiller-stardust/src/KpiBlock/elements.js","statementMap":{"0":{"start":{"line":3,"column":21},"end":{"line":8,"column":1}},"1":{"start":{"line":4,"column":41},"end":{"line":4,"column":55}},"2":{"start":{"line":7,"column":39},"end":{"line":7,"column":52}},"3":{"start":{"line":10,"column":21},"end":{"line":14,"column":1}},"4":{"start":{"line":11,"column":41},"end":{"line":11,"column":75}},"5":{"start":{"line":13,"column":39},"end":{"line":13,"column":51}},"6":{"start":{"line":16,"column":25},"end":{"line":39,"column":1}},"7":{"start":{"line":24,"column":41},"end":{"line":24,"column":58}},"8":{"start":{"line":28,"column":4},"end":{"line":31,"column":5}},"9":{"start":{"line":30,"column":43},"end":{"line":30,"column":54}},"10":{"start":{"line":35,"column":4},"end":{"line":38,"column":5}},"11":{"start":{"line":37,"column":43},"end":{"line":37,"column":56}}},"fnMap":{"0":{"name":"(anonymous_0)","decl":{"start":{"line":4,"column":15},"end":{"line":4,"column":16}},"loc":{"start":{"line":4,"column":41},"end":{"line":4,"column":55}},"line":4},"1":{"name":"(anonymous_1)","decl":{"start":{"line":7,"column":11},"end":{"line":7,"column":12}},"loc":{"start":{"line":7,"column":39},"end":{"line":7,"column":52}},"line":7},"2":{"name":"(anonymous_2)","decl":{"start":{"line":11,"column":15},"end":{"line":11,"column":16}},"loc":{"start":{"line":11,"column":41},"end":{"line":11,"column":75}},"line":11},"3":{"name":"(anonymous_3)","decl":{"start":{"line":13,"column":11},"end":{"line":13,"column":12}},"loc":{"start":{"line":13,"column":39},"end":{"line":13,"column":51}},"line":13},"4":{"name":"(anonymous_4)","decl":{"start":{"line":24,"column":15},"end":{"line":24,"column":16}},"loc":{"start":{"line":24,"column":41},"end":{"line":24,"column":58}},"line":24},"5":{"name":"(anonymous_5)","decl":{"start":{"line":27,"column":4},"end":{"line":27,"column":5}},"loc":{"start":{"line":28,"column":4},"end":{"line":31,"column":5}},"line":28},"6":{"name":"(anonymous_6)","decl":{"start":{"line":30,"column":15},"end":{"line":30,"column":16}},"loc":{"start":{"line":30,"column":43},"end":{"line":30,"column":54}},"line":30},"7":{"name":"(anonymous_7)","decl":{"start":{"line":34,"column":4},"end":{"line":34,"column":5}},"loc":{"start":{"line":35,"column":4},"end":{"line":38,"column":5}},"line":35},"8":{"name":"(anonymous_8)","decl":{"start":{"line":37,"column":15},"end":{"line":37,"column":16}},"loc":{"start":{"line":37,"column":43},"end":{"line":37,"column":56}},"line":37}},"branchMap":{"0":{"loc":{"start":{"line":28,"column":4},"end":{"line":31,"column":5}},"type":"binary-expr","locations":[{"start":{"line":28,"column":4},"end":{"line":28,"column":12}},{"start":{"line":29,"column":4},"end":{"line":31,"column":5}}],"line":28},"1":{"loc":{"start":{"line":35,"column":4},"end":{"line":38,"column":5}},"type":"binary-expr","locations":[{"start":{"line":35,"column":4},"end":{"line":35,"column":12}},{"start":{"line":36,"column":4},"end":{"line":38,"column":5}}],"line":35}},"s":{"0":4,"1":2,"2":2,"3":4,"4":2,"5":2,"6":4,"7":2,"8":2,"9":1,"10":2,"11":1},"f":{"0":2,"1":2,"2":2,"3":2,"4":2,"5":2,"6":1,"7":2,"8":1},"b":{"0":[2,1],"1":[2,1]},"_coverageSchema":"332fd63041d2c1bcb487cc26dd0d5f7d97098a6c","hash":"2d304016e5400f62cd5ac97f2e77d0cddf2a6188"}
,"/Users/thomasroux/Projects/tiller-stardust/src/KpiBlock/index.js": {"path":"/Users/thomasroux/Projects/tiller-stardust/src/KpiBlock/index.js","statementMap":{"0":{"start":{"line":22,"column":17},"end":{"line":37,"column":1}},"1":{"start":{"line":23,"column":2},"end":{"line":36,"column":8}},"2":{"start":{"line":42,"column":27},"end":{"line":42,"column":36}},"3":{"start":{"line":43,"column":0},"end":{"line":48,"column":2}},"4":{"start":{"line":53,"column":0},"end":{"line":55,"column":2}},"5":{"start":{"line":67,"column":50},"end":{"line":67,"column":67}},"6":{"start":{"line":69,"column":50},"end":{"line":69,"column":62}},"7":{"start":{"line":71,"column":44},"end":{"line":71,"column":57}}},"fnMap":{"0":{"name":"(anonymous_0)","decl":{"start":{"line":22,"column":17},"end":{"line":22,"column":18}},"loc":{"start":{"line":23,"column":2},"end":{"line":36,"column":8}},"line":23},"1":{"name":"(anonymous_1)","decl":{"start":{"line":67,"column":19},"end":{"line":67,"column":20}},"loc":{"start":{"line":67,"column":50},"end":{"line":67,"column":67}},"line":67},"2":{"name":"(anonymous_2)","decl":{"start":{"line":69,"column":22},"end":{"line":69,"column":23}},"loc":{"start":{"line":69,"column":50},"end":{"line":69,"column":62}},"line":69},"3":{"name":"(anonymous_3)","decl":{"start":{"line":71,"column":16},"end":{"line":71,"column":17}},"loc":{"start":{"line":71,"column":44},"end":{"line":71,"column":57}},"line":71}},"branchMap":{"0":{"loc":{"start":{"line":24,"column":5},"end":{"line":28,"column":5}},"type":"binary-expr","locations":[{"start":{"line":24,"column":5},"end":{"line":24,"column":18}},{"start":{"line":25,"column":6},"end":{"line":27,"column":18}}],"line":24},"1":{"loc":{"start":{"line":29,"column":5},"end":{"line":33,"column":5}},"type":"binary-expr","locations":[{"start":{"line":29,"column":5},"end":{"line":29,"column":19}},{"start":{"line":30,"column":6},"end":{"line":32,"column":18}}],"line":29}},"s":{"0":4,"1":2,"2":4,"3":4,"4":4,"5":2,"6":2,"7":2},"f":{"0":2,"1":2,"2":2,"3":2},"b":{"0":[2,1],"1":[2,1]},"_coverageSchema":"332fd63041d2c1bcb487cc26dd0d5f7d97098a6c","hash":"3d086367ae83a95d5b786823783edd8a7743de08"}
,"/Users/thomasroux/Projects/tiller-stardust/src/Logo/index.js": {"path":"/Users/thomasroux/Projects/tiller-stardust/src/Logo/index.js","statementMap":{"0":{"start":{"line":17,"column":13},"end":{"line":25,"column":1}},"1":{"start":{"line":18,"column":2},"end":{"line":24,"column":8}},"2":{"start":{"line":30,"column":19},"end":{"line":30,"column":28}},"3":{"start":{"line":31,"column":0},"end":{"line":35,"column":2}},"4":{"start":{"line":40,"column":0},"end":{"line":44,"column":2}}},"fnMap":{"0":{"name":"(anonymous_0)","decl":{"start":{"line":17,"column":13},"end":{"line":17,"column":14}},"loc":{"start":{"line":18,"column":2},"end":{"line":24,"column":8}},"line":18}},"branchMap":{},"s":{"0":4,"1":3,"2":4,"3":4,"4":4},"f":{"0":3},"b":{},"_coverageSchema":"332fd63041d2c1bcb487cc26dd0d5f7d97098a6c","hash":"e0571fcc29fec04f76ac36e5638fda6cd2b599d5"}
,"/Users/thomasroux/Projects/tiller-stardust/src/Theme/breakpoints.js": {"path":"/Users/thomasroux/Projects/tiller-stardust/src/Theme/breakpoints.js","statementMap":{"0":{"start":{"line":5,"column":11},"end":{"line":5,"column":12}},"1":{"start":{"line":6,"column":11},"end":{"line":6,"column":14}},"2":{"start":{"line":7,"column":11},"end":{"line":7,"column":14}},"3":{"start":{"line":8,"column":11},"end":{"line":8,"column":14}},"4":{"start":{"line":9,"column":11},"end":{"line":9,"column":15}},"5":{"start":{"line":11,"column":27},"end":{"line":17,"column":1}}},"fnMap":{},"branchMap":{},"s":{"0":7,"1":7,"2":7,"3":7,"4":7,"5":7},"f":{},"b":{},"_coverageSchema":"332fd63041d2c1bcb487cc26dd0d5f7d97098a6c","hash":"19d919592236ef2949f47e1f41b3c850d8cf71e4"}
,"/Users/thomasroux/Projects/tiller-stardust/src/Theme/dimensions.js": {"path":"/Users/thomasroux/Projects/tiller-stardust/src/Theme/dimensions.js","statementMap":{"0":{"start":{"line":5,"column":15},"end":{"line":5,"column":18}},"1":{"start":{"line":6,"column":13},"end":{"line":6,"column":16}},"2":{"start":{"line":7,"column":14},"end":{"line":7,"column":17}},"3":{"start":{"line":8,"column":15},"end":{"line":8,"column":18}},"4":{"start":{"line":9,"column":12},"end":{"line":9,"column":15}},"5":{"start":{"line":10,"column":13},"end":{"line":10,"column":16}},"6":{"start":{"line":12,"column":26},"end":{"line":28,"column":1}}},"fnMap":{},"branchMap":{},"s":{"0":7,"1":7,"2":7,"3":7,"4":7,"5":7,"6":7},"f":{},"b":{},"_coverageSchema":"332fd63041d2c1bcb487cc26dd0d5f7d97098a6c","hash":"3937b271dc5ca5a1b19ab406403b12b3923d1975"}
,"/Users/thomasroux/Projects/tiller-stardust/src/Theme/fonts.js": {"path":"/Users/thomasroux/Projects/tiller-stardust/src/Theme/fonts.js","statementMap":{"0":{"start":{"line":5,"column":21},"end":{"line":33,"column":1}}},"fnMap":{},"branchMap":{},"s":{"0":7},"f":{},"b":{},"_coverageSchema":"332fd63041d2c1bcb487cc26dd0d5f7d97098a6c","hash":"1ec7c2e0aaf891f9c2c7ac788e2ef055c9610775"}
,"/Users/thomasroux/Projects/tiller-stardust/src/Theme/index.js": {"path":"/Users/thomasroux/Projects/tiller-stardust/src/Theme/index.js","statementMap":{"0":{"start":{"line":13,"column":14},"end":{"line":18,"column":1}}},"fnMap":{},"branchMap":{},"s":{"0":7},"f":{},"b":{},"_coverageSchema":"332fd63041d2c1bcb487cc26dd0d5f7d97098a6c","hash":"09ff7e94eeebac49232fa4f5eb8836ed39dce8d0"}
,"/Users/thomasroux/Projects/tiller-stardust/src/Theme/palette.js": {"path":"/Users/thomasroux/Projects/tiller-stardust/src/Theme/palette.js","statementMap":{"0":{"start":{"line":7,"column":13},"end":{"line":7,"column":41}},"1":{"start":{"line":7,"column":22},"end":{"line":7,"column":41}},"2":{"start":{"line":9,"column":14},"end":{"line":9,"column":42}},"3":{"start":{"line":9,"column":23},"end":{"line":9,"column":42}},"4":{"start":{"line":11,"column":14},"end":{"line":11,"column":34}},"5":{"start":{"line":12,"column":13},"end":{"line":12,"column":33}},"6":{"start":{"line":13,"column":14},"end":{"line":13,"column":30}},"7":{"start":{"line":14,"column":19},"end":{"line":14,"column":39}},"8":{"start":{"line":16,"column":12},"end":{"line":16,"column":30}},"9":{"start":{"line":17,"column":14},"end":{"line":17,"column":33}},"10":{"start":{"line":18,"column":13},"end":{"line":18,"column":33}},"11":{"start":{"line":19,"column":15},"end":{"line":19,"column":34}},"12":{"start":{"line":20,"column":19},"end":{"line":20,"column":39}},"13":{"start":{"line":21,"column":13},"end":{"line":21,"column":33}},"14":{"start":{"line":22,"column":13},"end":{"line":22,"column":32}},"15":{"start":{"line":23,"column":15},"end":{"line":23,"column":35}},"16":{"start":{"line":24,"column":13},"end":{"line":24,"column":33}},"17":{"start":{"line":25,"column":23},"end":{"line":25,"column":43}},"18":{"start":{"line":26,"column":16},"end":{"line":26,"column":36}},"19":{"start":{"line":27,"column":14},"end":{"line":27,"column":34}},"20":{"start":{"line":28,"column":17},"end":{"line":28,"column":37}},"21":{"start":{"line":29,"column":15},"end":{"line":29,"column":34}},"22":{"start":{"line":30,"column":17},"end":{"line":30,"column":35}},"23":{"start":{"line":31,"column":18},"end":{"line":31,"column":38}},"24":{"start":{"line":32,"column":18},"end":{"line":32,"column":38}},"25":{"start":{"line":33,"column":17},"end":{"line":33,"column":37}},"26":{"start":{"line":35,"column":20},"end":{"line":35,"column":25}},"27":{"start":{"line":36,"column":20},"end":{"line":36,"column":24}},"28":{"start":{"line":38,"column":22},"end":{"line":38,"column":26}},"29":{"start":{"line":39,"column":22},"end":{"line":39,"column":27}},"30":{"start":{"line":41,"column":20},"end":{"line":41,"column":25}},"31":{"start":{"line":42,"column":20},"end":{"line":42,"column":25}},"32":{"start":{"line":44,"column":20},"end":{"line":44,"column":25}},"33":{"start":{"line":45,"column":20},"end":{"line":45,"column":23}},"34":{"start":{"line":47,"column":23},"end":{"line":47,"column":32}},"35":{"start":{"line":49,"column":23},"end":{"line":128,"column":1}}},"fnMap":{"0":{"name":"(anonymous_0)","decl":{"start":{"line":7,"column":13},"end":{"line":7,"column":14}},"loc":{"start":{"line":7,"column":22},"end":{"line":7,"column":41}},"line":7},"1":{"name":"(anonymous_1)","decl":{"start":{"line":9,"column":14},"end":{"line":9,"column":15}},"loc":{"start":{"line":9,"column":23},"end":{"line":9,"column":42}},"line":9}},"branchMap":{},"s":{"0":7,"1":84,"2":7,"3":84,"4":7,"5":7,"6":7,"7":7,"8":7,"9":7,"10":7,"11":7,"12":7,"13":7,"14":7,"15":7,"16":7,"17":7,"18":7,"19":7,"20":7,"21":7,"22":7,"23":7,"24":7,"25":7,"26":7,"27":7,"28":7,"29":7,"30":7,"31":7,"32":7,"33":7,"34":7,"35":7},"f":{"0":84,"1":84},"b":{},"_coverageSchema":"332fd63041d2c1bcb487cc26dd0d5f7d97098a6c","hash":"64ace4fbb4006b27eb27b15bb19e1d68b98fb915"}
,"/Users/thomasroux/Projects/tiller-stardust/src/UserInfo/elements.js": {"path":"/Users/thomasroux/Projects/tiller-stardust/src/UserInfo/elements.js","statementMap":{"0":{"start":{"line":4,"column":24},"end":{"line":16,"column":1}},"1":{"start":{"line":7,"column":43},"end":{"line":7,"column":55}},"2":{"start":{"line":8,"column":43},"end":{"line":8,"column":60}},"3":{"start":{"line":9,"column":46},"end":{"line":9,"column":66}},"4":{"start":{"line":18,"column":33},"end":{"line":23,"column":1}}},"fnMap":{"0":{"name":"(anonymous_0)","decl":{"start":{"line":7,"column":17},"end":{"line":7,"column":18}},"loc":{"start":{"line":7,"column":43},"end":{"line":7,"column":55}},"line":7},"1":{"name":"(anonymous_1)","decl":{"start":{"line":8,"column":17},"end":{"line":8,"column":18}},"loc":{"start":{"line":8,"column":43},"end":{"line":8,"column":60}},"line":8},"2":{"name":"(anonymous_2)","decl":{"start":{"line":9,"column":20},"end":{"line":9,"column":21}},"loc":{"start":{"line":9,"column":46},"end":{"line":9,"column":66}},"line":9}},"branchMap":{},"s":{"0":3,"1":3,"2":3,"3":3,"4":3},"f":{"0":3,"1":3,"2":3},"b":{},"_coverageSchema":"332fd63041d2c1bcb487cc26dd0d5f7d97098a6c","hash":"8c1ff6ecd365a3a1606289b816c52d98bb5fb838"}
,"/Users/thomasroux/Projects/tiller-stardust/src/UserInfo/index.js": {"path":"/Users/thomasroux/Projects/tiller-stardust/src/UserInfo/index.js","statementMap":{"0":{"start":{"line":18,"column":17},"end":{"line":26,"column":1}},"1":{"start":{"line":19,"column":2},"end":{"line":25,"column":8}},"2":{"start":{"line":31,"column":25},"end":{"line":31,"column":34}},"3":{"start":{"line":32,"column":0},"end":{"line":37,"column":2}},"4":{"start":{"line":42,"column":0},"end":{"line":46,"column":2}},"5":{"start":{"line":53,"column":44},"end":{"line":53,"column":61}},"6":{"start":{"line":56,"column":54},"end":{"line":56,"column":66}},"7":{"start":{"line":57,"column":57},"end":{"line":57,"column":69}},"8":{"start":{"line":59,"column":39},"end":{"line":59,"column":52}},"9":{"start":{"line":60,"column":41},"end":{"line":60,"column":58}}},"fnMap":{"0":{"name":"(anonymous_0)","decl":{"start":{"line":18,"column":17},"end":{"line":18,"column":18}},"loc":{"start":{"line":19,"column":2},"end":{"line":25,"column":8}},"line":19},"1":{"name":"(anonymous_1)","decl":{"start":{"line":44,"column":11},"end":{"line":44,"column":12}},"loc":{"start":{"line":44,"column":17},"end":{"line":44,"column":19}},"line":44},"2":{"name":"(anonymous_2)","decl":{"start":{"line":53,"column":13},"end":{"line":53,"column":14}},"loc":{"start":{"line":53,"column":44},"end":{"line":53,"column":61}},"line":53},"3":{"name":"(anonymous_3)","decl":{"start":{"line":56,"column":26},"end":{"line":56,"column":27}},"loc":{"start":{"line":56,"column":54},"end":{"line":56,"column":66}},"line":56},"4":{"name":"(anonymous_4)","decl":{"start":{"line":57,"column":29},"end":{"line":57,"column":30}},"loc":{"start":{"line":57,"column":57},"end":{"line":57,"column":69}},"line":57},"5":{"name":"(anonymous_5)","decl":{"start":{"line":59,"column":11},"end":{"line":59,"column":12}},"loc":{"start":{"line":59,"column":39},"end":{"line":59,"column":52}},"line":59},"6":{"name":"(anonymous_6)","decl":{"start":{"line":60,"column":15},"end":{"line":60,"column":16}},"loc":{"start":{"line":60,"column":41},"end":{"line":60,"column":58}},"line":60}},"branchMap":{},"s":{"0":3,"1":3,"2":3,"3":3,"4":3,"5":3,"6":3,"7":3,"8":3,"9":3},"f":{"0":3,"1":0,"2":3,"3":3,"4":3,"5":3,"6":3},"b":{},"_coverageSchema":"332fd63041d2c1bcb487cc26dd0d5f7d97098a6c","hash":"324b7cfc6abaec32af192c0e784a63234da634c4"}
}
