TN:
SF:/Users/thomasroux/Projects/tiller-stardust/src/index.js
FNF:0
FNH:0
LF:0
LH:0
BRF:0
BRH:0
end_of_record
TN:
SF:/Users/thomasroux/Projects/tiller-stardust/src/Avatar/elements.js
FNF:0
FNH:0
DA:3,2
LF:1
LH:1
BRF:0
BRH:0
end_of_record
TN:
SF:/Users/thomasroux/Projects/tiller-stardust/src/Avatar/index.js
FN:26,sumChars
FN:67,(anonymous_1)
FN:82,(anonymous_2)
FN:87,(anonymous_3)
FN:88,(anonymous_4)
FN:90,(anonymous_5)
FNF:6
FNH:6
FNDA:6,sumChars
FNDA:6,(anonymous_1)
FNDA:6,(anonymous_2)
FNDA:6,(anonymous_3)
FNDA:6,(anonymous_4)
FNDA:6,(anonymous_5)
DA:10,2
DA:27,6
DA:28,6
DA:29,63
DA:32,6
DA:68,6
DA:69,6
DA:70,6
DA:72,6
DA:82,6
DA:87,6
DA:88,6
DA:90,6
LF:13
LH:13
BRDA:74,0,0,6
BRDA:74,0,1,3
BRDA:75,1,0,6
BRDA:75,1,1,3
BRDA:87,2,0,6
BRDA:87,2,1,5
BRDA:88,3,0,6
BRDA:88,3,1,5
BRF:8
BRH:8
end_of_record
TN:
SF:/Users/thomasroux/Projects/tiller-stardust/src/Icon/data.js
FNF:0
FNH:0
DA:2,1
LF:1
LH:1
BRF:0
BRH:0
end_of_record
TN:
SF:/Users/thomasroux/Projects/tiller-stardust/src/Icon/elements.js
FN:18,(anonymous_0)
FNF:1
FNH:1
FNDA:3,(anonymous_0)
DA:3,1
DA:13,1
DA:19,3
LF:3
LH:3
BRDA:19,0,0,3
BRDA:19,0,1,0
BRF:2
BRH:1
end_of_record
TN:
SF:/Users/thomasroux/Projects/tiller-stardust/src/Icon/index.js
FN:10,(anonymous_0)
FN:15,(anonymous_1)
FNF:2
FNH:2
FNDA:3,(anonymous_0)
FNDA:3,(anonymous_1)
DA:9,1
DA:10,1
DA:11,3
DA:12,0
DA:15,1
DA:16,3
DA:26,1
DA:27,1
DA:38,1
LF:9
LH:8
BRDA:11,0,0,3
BRDA:11,0,1,0
BRF:2
BRH:1
end_of_record
TN:
SF:/Users/thomasroux/Projects/tiller-stardust/src/Logo/index.js
FN:17,(anonymous_0)
FNF:1
FNH:1
FNDA:3,(anonymous_0)
DA:17,2
DA:18,3
DA:30,2
DA:31,2
DA:40,2
LF:5
LH:5
BRF:0
BRH:0
end_of_record
TN:
SF:/Users/thomasroux/Projects/tiller-stardust/src/Theme/breakpoints.js
FNF:0
FNH:0
DA:5,3
DA:6,3
DA:7,3
DA:8,3
DA:9,3
DA:11,3
LF:6
LH:6
BRF:0
BRH:0
end_of_record
TN:
SF:/Users/thomasroux/Projects/tiller-stardust/src/Theme/dimensions.js
FNF:0
FNH:0
DA:5,3
DA:6,3
DA:7,3
DA:8,3
DA:9,3
DA:10,3
DA:12,3
LF:7
LH:7
BRF:0
BRH:0
end_of_record
TN:
SF:/Users/thomasroux/Projects/tiller-stardust/src/Theme/fonts.js
FNF:0
FNH:0
DA:5,3
LF:1
LH:1
BRF:0
BRH:0
end_of_record
TN:
SF:/Users/thomasroux/Projects/tiller-stardust/src/Theme/index.js
FNF:0
FNH:0
DA:13,3
LF:1
LH:1
BRF:0
BRH:0
end_of_record
TN:
SF:/Users/thomasroux/Projects/tiller-stardust/src/Theme/palette.js
FN:7,(anonymous_0)
FN:9,(anonymous_1)
FNF:2
FNH:2
FNDA:36,(anonymous_0)
FNDA:36,(anonymous_1)
DA:7,36
DA:9,36
DA:11,3
DA:12,3
DA:13,3
DA:14,3
DA:16,3
DA:17,3
DA:18,3
DA:19,3
DA:20,3
DA:21,3
DA:22,3
DA:23,3
DA:24,3
DA:25,3
DA:26,3
DA:27,3
DA:28,3
DA:29,3
DA:30,3
DA:31,3
DA:32,3
DA:33,3
DA:35,3
DA:36,3
DA:38,3
DA:39,3
DA:41,3
DA:42,3
DA:44,3
DA:45,3
DA:47,3
DA:49,3
LF:34
LH:34
BRF:0
BRH:0
end_of_record
TN:
SF:/Users/thomasroux/Projects/tiller-stardust/src/UserInfo/elements.js
FN:7,(anonymous_0)
FN:8,(anonymous_1)
FN:9,(anonymous_2)
FNF:3
FNH:3
FNDA:3,(anonymous_0)
FNDA:3,(anonymous_1)
FNDA:3,(anonymous_2)
DA:4,1
DA:7,3
DA:8,3
DA:9,3
DA:18,1
LF:5
LH:5
BRF:0
BRH:0
end_of_record
TN:
SF:/Users/thomasroux/Projects/tiller-stardust/src/UserInfo/index.js
FN:18,(anonymous_0)
FN:44,(anonymous_1)
FN:53,(anonymous_2)
FN:56,(anonymous_3)
FN:57,(anonymous_4)
FN:59,(anonymous_5)
FN:60,(anonymous_6)
FNF:7
FNH:6
FNDA:3,(anonymous_0)
FNDA:0,(anonymous_1)
FNDA:3,(anonymous_2)
FNDA:3,(anonymous_3)
FNDA:3,(anonymous_4)
FNDA:3,(anonymous_5)
FNDA:3,(anonymous_6)
DA:18,1
DA:19,3
DA:31,1
DA:32,1
DA:42,1
DA:53,3
DA:56,3
DA:57,3
DA:59,3
DA:60,3
LF:10
LH:10
BRF:0
BRH:0
end_of_record
