TN:
SF:/Users/thomasroux/Projects/tiller-stardust/src/index.js
FNF:0
FNH:0
LF:0
LH:0
BRF:0
BRH:0
end_of_record
TN:
SF:/Users/thomasroux/Projects/tiller-stardust/src/Avatar/elements.js
FNF:0
FNH:0
DA:3,4
LF:1
LH:1
BRF:0
BRH:0
end_of_record
TN:
SF:/Users/thomasroux/Projects/tiller-stardust/src/Avatar/index.js
FN:26,sumChars
FN:67,(anonymous_1)
FN:82,(anonymous_2)
FN:87,(anonymous_3)
FN:88,(anonymous_4)
FN:90,(anonymous_5)
FNF:6
FNH:6
FNDA:6,sumChars
FNDA:6,(anonymous_1)
FNDA:6,(anonymous_2)
FNDA:6,(anonymous_3)
FNDA:6,(anonymous_4)
FNDA:6,(anonymous_5)
DA:10,4
DA:27,6
DA:28,6
DA:29,63
DA:32,6
DA:68,6
DA:69,6
DA:70,6
DA:72,6
DA:82,6
DA:87,6
DA:88,6
DA:90,6
LF:13
LH:13
BRDA:74,0,0,6
BRDA:74,0,1,3
BRDA:75,1,0,6
BRDA:75,1,1,3
BRDA:87,2,0,6
BRDA:87,2,1,5
BRDA:88,3,0,6
BRDA:88,3,1,5
BRF:8
BRH:8
end_of_record
TN:
SF:/Users/thomasroux/Projects/tiller-stardust/src/Button/elements.js
FN:12,(anonymous_0)
FN:30,(anonymous_1)
FN:39,(anonymous_2)
FN:40,(anonymous_3)
FN:42,(anonymous_4)
FN:44,(anonymous_5)
FN:49,(anonymous_6)
FN:54,(anonymous_7)
FN:56,(anonymous_8)
FN:57,(anonymous_9)
FN:65,(anonymous_10)
FN:73,(anonymous_11)
FN:80,(anonymous_12)
FN:87,(anonymous_13)
FN:92,(anonymous_14)
FN:99,(anonymous_15)
FN:104,(anonymous_16)
FN:112,(anonymous_17)
FN:117,(anonymous_18)
FN:125,(anonymous_19)
FN:130,(anonymous_20)
FN:138,(anonymous_21)
FN:141,(anonymous_22)
FN:143,(anonymous_23)
FN:144,(anonymous_24)
FN:148,(anonymous_25)
FN:151,(anonymous_26)
FN:153,(anonymous_27)
FN:154,(anonymous_28)
FN:158,(anonymous_29)
FN:162,(anonymous_30)
FN:164,(anonymous_31)
FN:165,(anonymous_32)
FN:168,(anonymous_33)
FN:173,(anonymous_34)
FN:176,(anonymous_35)
FN:178,(anonymous_36)
FN:179,(anonymous_37)
FN:183,(anonymous_38)
FN:187,(anonymous_39)
FN:189,(anonymous_40)
FN:190,(anonymous_41)
FN:193,(anonymous_42)
FN:198,(anonymous_43)
FN:201,(anonymous_44)
FN:203,(anonymous_45)
FN:204,(anonymous_46)
FN:208,(anonymous_47)
FN:212,(anonymous_48)
FN:214,(anonymous_49)
FN:215,(anonymous_50)
FN:218,(anonymous_51)
FN:223,(anonymous_52)
FN:226,(anonymous_53)
FN:228,(anonymous_54)
FN:229,(anonymous_55)
FN:233,(anonymous_56)
FN:237,(anonymous_57)
FN:239,(anonymous_58)
FN:240,(anonymous_59)
FN:243,(anonymous_60)
FN:248,(anonymous_61)
FN:251,(anonymous_62)
FN:253,(anonymous_63)
FN:254,(anonymous_64)
FN:260,(anonymous_65)
FN:264,(anonymous_66)
FN:265,(anonymous_67)
FN:269,(anonymous_68)
FN:272,(anonymous_69)
FN:273,(anonymous_70)
FN:274,(anonymous_71)
FN:279,(anonymous_72)
FN:280,(anonymous_73)
FN:282,(anonymous_74)
FN:284,(anonymous_75)
FN:287,(anonymous_76)
FN:289,(anonymous_77)
FN:290,(anonymous_78)
FN:293,(anonymous_79)
FN:297,(anonymous_80)
FN:300,(anonymous_81)
FN:302,(anonymous_82)
FN:303,(anonymous_83)
FN:306,(anonymous_84)
FN:310,(anonymous_85)
FN:314,(anonymous_86)
FN:316,(anonymous_87)
FN:317,(anonymous_88)
FN:320,(anonymous_89)
FN:324,(anonymous_90)
FN:327,(anonymous_91)
FN:329,(anonymous_92)
FN:330,(anonymous_93)
FN:333,(anonymous_94)
FN:337,(anonymous_95)
FN:341,(anonymous_96)
FN:343,(anonymous_97)
FN:344,(anonymous_98)
FN:347,(anonymous_99)
FN:351,(anonymous_100)
FN:354,(anonymous_101)
FN:356,(anonymous_102)
FN:357,(anonymous_103)
FN:360,(anonymous_104)
FN:364,(anonymous_105)
FN:368,(anonymous_106)
FN:370,(anonymous_107)
FN:371,(anonymous_108)
FN:374,(anonymous_109)
FN:378,(anonymous_110)
FN:381,(anonymous_111)
FN:383,(anonymous_112)
FN:384,(anonymous_113)
FN:387,(anonymous_114)
FN:391,(anonymous_115)
FN:395,(anonymous_116)
FN:397,(anonymous_117)
FN:398,(anonymous_118)
FN:401,(anonymous_119)
FN:405,(anonymous_120)
FN:408,(anonymous_121)
FN:410,(anonymous_122)
FN:411,(anonymous_123)
FN:414,(anonymous_124)
FN:418,(anonymous_125)
FN:422,(anonymous_126)
FN:423,(anonymous_127)
FN:426,(anonymous_128)
FN:429,(anonymous_129)
FN:430,(anonymous_130)
FN:431,(anonymous_131)
FNF:132
FNH:132
FNDA:52,(anonymous_0)
FNDA:9,(anonymous_1)
FNDA:26,(anonymous_2)
FNDA:26,(anonymous_3)
FNDA:26,(anonymous_4)
FNDA:26,(anonymous_5)
FNDA:26,(anonymous_6)
FNDA:26,(anonymous_7)
FNDA:26,(anonymous_8)
FNDA:26,(anonymous_9)
FNDA:26,(anonymous_10)
FNDA:26,(anonymous_11)
FNDA:26,(anonymous_12)
FNDA:26,(anonymous_13)
FNDA:2,(anonymous_14)
FNDA:26,(anonymous_15)
FNDA:2,(anonymous_16)
FNDA:26,(anonymous_17)
FNDA:2,(anonymous_18)
FNDA:26,(anonymous_19)
FNDA:2,(anonymous_20)
FNDA:26,(anonymous_21)
FNDA:26,(anonymous_22)
FNDA:26,(anonymous_23)
FNDA:26,(anonymous_24)
FNDA:26,(anonymous_25)
FNDA:15,(anonymous_26)
FNDA:15,(anonymous_27)
FNDA:15,(anonymous_28)
FNDA:26,(anonymous_29)
FNDA:2,(anonymous_30)
FNDA:2,(anonymous_31)
FNDA:2,(anonymous_32)
FNDA:2,(anonymous_33)
FNDA:26,(anonymous_34)
FNDA:2,(anonymous_35)
FNDA:2,(anonymous_36)
FNDA:2,(anonymous_37)
FNDA:26,(anonymous_38)
FNDA:1,(anonymous_39)
FNDA:1,(anonymous_40)
FNDA:1,(anonymous_41)
FNDA:1,(anonymous_42)
FNDA:26,(anonymous_43)
FNDA:2,(anonymous_44)
FNDA:2,(anonymous_45)
FNDA:2,(anonymous_46)
FNDA:26,(anonymous_47)
FNDA:1,(anonymous_48)
FNDA:1,(anonymous_49)
FNDA:1,(anonymous_50)
FNDA:1,(anonymous_51)
FNDA:26,(anonymous_52)
FNDA:2,(anonymous_53)
FNDA:2,(anonymous_54)
FNDA:2,(anonymous_55)
FNDA:26,(anonymous_56)
FNDA:1,(anonymous_57)
FNDA:1,(anonymous_58)
FNDA:1,(anonymous_59)
FNDA:1,(anonymous_60)
FNDA:26,(anonymous_61)
FNDA:2,(anonymous_62)
FNDA:2,(anonymous_63)
FNDA:2,(anonymous_64)
FNDA:26,(anonymous_65)
FNDA:1,(anonymous_66)
FNDA:1,(anonymous_67)
FNDA:26,(anonymous_68)
FNDA:1,(anonymous_69)
FNDA:1,(anonymous_70)
FNDA:1,(anonymous_71)
FNDA:26,(anonymous_72)
FNDA:26,(anonymous_73)
FNDA:26,(anonymous_74)
FNDA:26,(anonymous_75)
FNDA:6,(anonymous_76)
FNDA:6,(anonymous_77)
FNDA:6,(anonymous_78)
FNDA:6,(anonymous_79)
FNDA:26,(anonymous_80)
FNDA:15,(anonymous_81)
FNDA:15,(anonymous_82)
FNDA:15,(anonymous_83)
FNDA:15,(anonymous_84)
FNDA:26,(anonymous_85)
FNDA:2,(anonymous_86)
FNDA:2,(anonymous_87)
FNDA:2,(anonymous_88)
FNDA:2,(anonymous_89)
FNDA:26,(anonymous_90)
FNDA:2,(anonymous_91)
FNDA:2,(anonymous_92)
FNDA:2,(anonymous_93)
FNDA:2,(anonymous_94)
FNDA:26,(anonymous_95)
FNDA:1,(anonymous_96)
FNDA:1,(anonymous_97)
FNDA:1,(anonymous_98)
FNDA:1,(anonymous_99)
FNDA:26,(anonymous_100)
FNDA:2,(anonymous_101)
FNDA:2,(anonymous_102)
FNDA:2,(anonymous_103)
FNDA:2,(anonymous_104)
FNDA:26,(anonymous_105)
FNDA:1,(anonymous_106)
FNDA:1,(anonymous_107)
FNDA:1,(anonymous_108)
FNDA:1,(anonymous_109)
FNDA:26,(anonymous_110)
FNDA:2,(anonymous_111)
FNDA:2,(anonymous_112)
FNDA:2,(anonymous_113)
FNDA:2,(anonymous_114)
FNDA:26,(anonymous_115)
FNDA:1,(anonymous_116)
FNDA:1,(anonymous_117)
FNDA:1,(anonymous_118)
FNDA:1,(anonymous_119)
FNDA:26,(anonymous_120)
FNDA:2,(anonymous_121)
FNDA:2,(anonymous_122)
FNDA:2,(anonymous_123)
FNDA:2,(anonymous_124)
FNDA:26,(anonymous_125)
FNDA:1,(anonymous_126)
FNDA:1,(anonymous_127)
FNDA:26,(anonymous_128)
FNDA:1,(anonymous_129)
FNDA:1,(anonymous_130)
FNDA:1,(anonymous_131)
DA:12,4
DA:13,52
DA:14,51
DA:16,1
DA:17,0
DA:19,1
DA:30,9
DA:32,4
DA:39,26
DA:40,26
DA:42,26
DA:48,26
DA:53,26
DA:54,26
DA:56,26
DA:57,26
DA:66,26
DA:74,26
DA:81,26
DA:88,26
DA:93,2
DA:100,26
DA:105,2
DA:113,26
DA:118,2
DA:126,26
DA:131,2
DA:139,26
DA:141,26
DA:143,26
DA:144,26
DA:149,26
DA:151,15
DA:153,15
DA:154,15
DA:159,26
DA:162,2
DA:164,2
DA:165,2
DA:168,2
DA:174,26
DA:176,2
DA:178,2
DA:179,2
DA:184,26
DA:187,1
DA:189,1
DA:190,1
DA:193,1
DA:199,26
DA:201,2
DA:203,2
DA:204,2
DA:209,26
DA:212,1
DA:214,1
DA:215,1
DA:218,1
DA:224,26
DA:226,2
DA:228,2
DA:229,2
DA:234,26
DA:237,1
DA:239,1
DA:240,1
DA:243,1
DA:249,26
DA:251,2
DA:253,2
DA:254,2
DA:261,26
DA:264,1
DA:265,1
DA:270,26
DA:272,1
DA:273,1
DA:274,1
DA:279,26
DA:280,26
DA:282,26
DA:285,26
DA:287,6
DA:289,6
DA:290,6
DA:293,6
DA:298,26
DA:300,15
DA:302,15
DA:303,15
DA:306,15
DA:311,26
DA:314,2
DA:316,2
DA:317,2
DA:320,2
DA:325,26
DA:327,2
DA:329,2
DA:330,2
DA:333,2
DA:338,26
DA:341,1
DA:343,1
DA:344,1
DA:347,1
DA:352,26
DA:354,2
DA:356,2
DA:357,2
DA:360,2
DA:365,26
DA:368,1
DA:370,1
DA:371,1
DA:374,1
DA:379,26
DA:381,2
DA:383,2
DA:384,2
DA:387,2
DA:392,26
DA:395,1
DA:397,1
DA:398,1
DA:401,1
DA:406,26
DA:408,2
DA:410,2
DA:411,2
DA:414,2
DA:419,26
DA:422,1
DA:423,1
DA:427,26
DA:429,1
DA:430,1
DA:431,1
LF:138
LH:137
BRDA:13,0,0,51
BRDA:13,0,1,1
BRDA:16,1,0,0
BRDA:16,1,1,1
BRDA:66,2,0,26
BRDA:66,2,1,1
BRDA:74,3,0,26
BRDA:74,3,1,1
BRDA:81,4,0,26
BRDA:81,4,1,5
BRDA:88,5,0,26
BRDA:88,5,1,2
BRDA:93,6,0,2
BRDA:93,6,1,1
BRDA:100,7,0,26
BRDA:100,7,1,2
BRDA:105,8,0,2
BRDA:105,8,1,1
BRDA:113,9,0,26
BRDA:113,9,1,2
BRDA:118,10,0,2
BRDA:118,10,1,1
BRDA:126,11,0,26
BRDA:126,11,1,2
BRDA:131,12,0,2
BRDA:131,12,1,1
BRDA:139,13,0,26
BRDA:139,13,1,26
BRDA:149,14,0,26
BRDA:149,14,1,15
BRDA:159,15,0,26
BRDA:159,15,1,15
BRDA:159,15,2,2
BRDA:174,16,0,26
BRDA:174,16,1,2
BRDA:184,17,0,26
BRDA:184,17,1,2
BRDA:184,17,2,1
BRDA:199,18,0,26
BRDA:199,18,1,2
BRDA:209,19,0,26
BRDA:209,19,1,2
BRDA:209,19,2,1
BRDA:224,20,0,26
BRDA:224,20,1,2
BRDA:234,21,0,26
BRDA:234,21,1,2
BRDA:234,21,2,1
BRDA:249,22,0,26
BRDA:249,22,1,2
BRDA:261,23,0,26
BRDA:261,23,1,2
BRDA:261,23,2,1
BRDA:270,24,0,26
BRDA:270,24,1,1
BRDA:285,25,0,26
BRDA:285,25,1,6
BRDA:298,26,0,26
BRDA:298,26,1,15
BRDA:311,27,0,26
BRDA:311,27,1,15
BRDA:311,27,2,2
BRDA:325,28,0,26
BRDA:325,28,1,2
BRDA:338,29,0,26
BRDA:338,29,1,2
BRDA:338,29,2,1
BRDA:352,30,0,26
BRDA:352,30,1,2
BRDA:365,31,0,26
BRDA:365,31,1,2
BRDA:365,31,2,1
BRDA:379,32,0,26
BRDA:379,32,1,2
BRDA:392,33,0,26
BRDA:392,33,1,2
BRDA:392,33,2,1
BRDA:406,34,0,26
BRDA:406,34,1,2
BRDA:419,35,0,26
BRDA:419,35,1,2
BRDA:419,35,2,1
BRDA:427,36,0,26
BRDA:427,36,1,1
BRF:84
BRH:83
end_of_record
TN:
SF:/Users/thomasroux/Projects/tiller-stardust/src/Button/index.js
FN:7,(anonymous_0)
FN:32,(anonymous_1)
FNF:2
FNH:1
FNDA:26,(anonymous_0)
FNDA:0,(anonymous_1)
DA:7,26
DA:9,4
DA:10,4
DA:29,4
DA:48,4
DA:50,4
LF:6
LH:6
BRF:0
BRH:0
end_of_record
TN:
SF:/Users/thomasroux/Projects/tiller-stardust/src/Form/elements.js
FNF:0
FNH:0
DA:3,3
LF:1
LH:1
BRF:0
BRH:0
end_of_record
TN:
SF:/Users/thomasroux/Projects/tiller-stardust/src/Form/index.js
FN:13,(anonymous_0)
FN:16,(anonymous_1)
FN:46,(anonymous_2)
FNF:3
FNH:1
FNDA:9,(anonymous_0)
FNDA:0,(anonymous_1)
FNDA:0,(anonymous_2)
DA:13,3
DA:14,9
DA:17,0
DA:18,0
DA:26,3
DA:27,3
DA:32,3
DA:33,3
DA:43,3
LF:9
LH:7
BRF:0
BRH:0
end_of_record
TN:
SF:/Users/thomasroux/Projects/tiller-stardust/src/Form/Field/elements.js
FN:8,(anonymous_0)
FN:15,(anonymous_1)
FN:20,(anonymous_2)
FN:21,(anonymous_3)
FN:24,(anonymous_4)
FN:26,(anonymous_5)
FN:29,(anonymous_6)
FN:46,(anonymous_7)
FN:56,(anonymous_8)
FN:57,(anonymous_9)
FN:63,(anonymous_10)
FN:66,(anonymous_11)
FN:71,(anonymous_12)
FN:76,(anonymous_13)
FN:82,(anonymous_14)
FN:83,(anonymous_15)
FN:84,(anonymous_16)
FN:86,(anonymous_17)
FN:93,(anonymous_18)
FN:96,(anonymous_19)
FN:97,(anonymous_20)
FNF:21
FNH:21
FNDA:19,(anonymous_0)
FNDA:19,(anonymous_1)
FNDA:19,(anonymous_2)
FNDA:19,(anonymous_3)
FNDA:19,(anonymous_4)
FNDA:19,(anonymous_5)
FNDA:4,(anonymous_6)
FNDA:19,(anonymous_7)
FNDA:15,(anonymous_8)
FNDA:15,(anonymous_9)
FNDA:15,(anonymous_10)
FNDA:15,(anonymous_11)
FNDA:15,(anonymous_12)
FNDA:15,(anonymous_13)
FNDA:15,(anonymous_14)
FNDA:15,(anonymous_15)
FNDA:15,(anonymous_16)
FNDA:15,(anonymous_17)
FNDA:15,(anonymous_18)
FNDA:1,(anonymous_19)
FNDA:1,(anonymous_20)
DA:8,19
DA:15,19
DA:17,3
DA:20,19
DA:21,19
DA:24,19
DA:27,19
DA:29,4
DA:39,3
DA:47,19
DA:55,3
DA:56,15
DA:61,15
DA:63,15
DA:70,15
DA:75,15
DA:80,15
DA:82,15
DA:83,15
DA:84,15
DA:87,15
DA:94,15
DA:96,1
DA:101,1
DA:105,3
DA:114,3
LF:26
LH:26
BRDA:8,0,0,0
BRDA:8,0,1,19
BRDA:15,1,0,19
BRDA:15,1,1,0
BRDA:27,2,0,19
BRDA:27,2,1,4
BRDA:47,3,0,19
BRDA:47,3,1,11
BRDA:87,4,0,15
BRDA:87,4,1,0
BRDA:94,5,0,15
BRDA:94,5,1,1
BRF:12
BRH:9
end_of_record
TN:
SF:/Users/thomasroux/Projects/tiller-stardust/src/Form/Field/index.js
FN:46,(anonymous_0)
FN:53,(anonymous_1)
FN:62,(anonymous_2)
FN:66,(anonymous_3)
FNF:4
FNH:4
FNDA:1,(anonymous_0)
FNDA:1,(anonymous_1)
FNDA:19,(anonymous_2)
FNDA:19,(anonymous_3)
DA:47,1
DA:54,1
DA:63,19
DA:64,19
DA:66,19
DA:69,19
DA:71,19
DA:72,18
DA:75,1
DA:76,1
DA:79,0
DA:82,19
LF:12
LH:11
BRDA:71,0,0,18
BRDA:71,0,1,1
BRDA:75,1,0,1
BRDA:75,1,1,0
BRDA:85,2,0,19
BRDA:85,2,1,19
BRDA:85,2,2,15
BRDA:86,3,0,19
BRDA:86,3,1,8
BRF:9
BRH:8
end_of_record
TN:
SF:/Users/thomasroux/Projects/tiller-stardust/src/Form/Group/elements.js
FN:9,(anonymous_0)
FNF:1
FNH:1
FNDA:9,(anonymous_0)
DA:3,3
DA:10,9
LF:2
LH:2
BRDA:10,0,0,9
BRDA:10,0,1,2
BRF:2
BRH:2
end_of_record
TN:
SF:/Users/thomasroux/Projects/tiller-stardust/src/Form/Group/index.js
FN:10,(anonymous_0)
FN:12,(anonymous_1)
FNF:2
FNH:2
FNDA:9,(anonymous_0)
FNDA:17,(anonymous_1)
DA:10,3
DA:11,9
DA:13,17
DA:25,3
DA:26,3
DA:37,3
LF:6
LH:6
BRF:0
BRH:0
end_of_record
TN:
SF:/Users/thomasroux/Projects/tiller-stardust/src/Icon/data.js
FNF:0
FNH:0
DA:2,3
LF:1
LH:1
BRF:0
BRH:0
end_of_record
TN:
SF:/Users/thomasroux/Projects/tiller-stardust/src/Icon/elements.js
FN:18,(anonymous_0)
FNF:1
FNH:1
FNDA:13,(anonymous_0)
DA:3,3
DA:13,3
DA:19,13
LF:3
LH:3
BRDA:19,0,0,13
BRDA:19,0,1,1
BRF:2
BRH:2
end_of_record
TN:
SF:/Users/thomasroux/Projects/tiller-stardust/src/Icon/index.js
FN:10,(anonymous_0)
FN:15,(anonymous_1)
FNF:2
FNH:2
FNDA:13,(anonymous_0)
FNDA:13,(anonymous_1)
DA:9,3
DA:10,3
DA:11,13
DA:12,10
DA:15,3
DA:16,13
DA:26,3
DA:27,3
DA:38,3
LF:9
LH:9
BRDA:11,0,0,3
BRDA:11,0,1,10
BRF:2
BRH:2
end_of_record
TN:
SF:/Users/thomasroux/Projects/tiller-stardust/src/Input/elements.js
FN:8,(anonymous_0)
FN:11,(anonymous_1)
FN:12,(anonymous_2)
FN:13,(anonymous_3)
FN:15,(anonymous_4)
FN:18,(anonymous_5)
FN:21,(anonymous_6)
FN:24,(anonymous_7)
FN:27,(anonymous_8)
FN:30,(anonymous_9)
FN:33,(anonymous_10)
FN:36,(anonymous_11)
FN:39,(anonymous_12)
FN:42,(anonymous_13)
FN:45,(anonymous_14)
FN:49,(anonymous_15)
FN:56,(anonymous_16)
FN:58,(anonymous_17)
FN:59,(anonymous_18)
FNF:19
FNH:19
FNDA:44,(anonymous_0)
FNDA:44,(anonymous_1)
FNDA:44,(anonymous_2)
FNDA:44,(anonymous_3)
FNDA:44,(anonymous_4)
FNDA:1,(anonymous_5)
FNDA:44,(anonymous_6)
FNDA:1,(anonymous_7)
FNDA:44,(anonymous_8)
FNDA:1,(anonymous_9)
FNDA:44,(anonymous_10)
FNDA:1,(anonymous_11)
FNDA:44,(anonymous_12)
FNDA:8,(anonymous_13)
FNDA:44,(anonymous_14)
FNDA:4,(anonymous_15)
FNDA:44,(anonymous_16)
FNDA:44,(anonymous_17)
FNDA:44,(anonymous_18)
DA:3,3
DA:8,44
DA:11,44
DA:12,44
DA:13,44
DA:16,44
DA:18,1
DA:22,44
DA:24,1
DA:28,44
DA:30,1
DA:34,44
DA:36,1
DA:40,44
DA:42,8
DA:46,44
DA:49,4
DA:53,3
DA:56,44
DA:58,44
DA:59,44
LF:21
LH:21
BRDA:16,0,0,44
BRDA:16,0,1,1
BRDA:22,1,0,44
BRDA:22,1,1,1
BRDA:28,2,0,44
BRDA:28,2,1,1
BRDA:34,3,0,44
BRDA:34,3,1,1
BRDA:40,4,0,44
BRDA:40,4,1,8
BRDA:46,5,0,44
BRDA:46,5,1,4
BRF:12
BRH:12
end_of_record
TN:
SF:/Users/thomasroux/Projects/tiller-stardust/src/Input/index.js
FN:20,(anonymous_0)
FN:84,(anonymous_1)
FN:85,(anonymous_2)
FN:97,(anonymous_3)
FN:98,(anonymous_4)
FN:114,(anonymous_5)
FN:126,(anonymous_6)
FN:140,(anonymous_7)
FN:143,(anonymous_8)
FN:152,(anonymous_9)
FN:154,(anonymous_10)
FN:165,(anonymous_11)
FNF:12
FNH:12
FNDA:8,(anonymous_0)
FNDA:6,(anonymous_1)
FNDA:2,(anonymous_2)
FNDA:5,(anonymous_3)
FNDA:1,(anonymous_4)
FNDA:10,(anonymous_5)
FNDA:3,(anonymous_6)
FNDA:6,(anonymous_7)
FNDA:6,(anonymous_8)
FNDA:2,(anonymous_9)
FNDA:2,(anonymous_10)
FNDA:44,(anonymous_11)
DA:20,3
DA:21,8
DA:22,7
DA:23,6
DA:24,5
DA:25,4
DA:26,3
DA:115,10
DA:116,10
DA:117,0
DA:127,3
DA:128,3
DA:130,3
DA:131,1
DA:133,2
DA:141,6
DA:143,6
DA:144,6
DA:145,6
DA:153,2
DA:154,2
DA:155,2
DA:156,2
DA:166,44
DA:183,44
DA:187,44
DA:189,44
LF:27
LH:26
BRDA:21,0,0,1
BRDA:21,0,1,7
BRDA:22,1,0,1
BRDA:22,1,1,6
BRDA:23,2,0,1
BRDA:23,2,1,5
BRDA:24,3,0,1
BRDA:24,3,1,4
BRDA:25,4,0,1
BRDA:25,4,1,3
BRDA:26,5,0,3
BRDA:26,5,1,0
BRDA:116,6,0,0
BRDA:116,6,1,10
BRDA:130,7,0,1
BRDA:130,7,1,2
BRDA:130,8,0,3
BRDA:130,8,1,2
BRDA:187,9,0,44
BRDA:187,9,1,43
BRDA:187,9,2,39
BRDA:187,9,3,38
BRDA:187,9,4,37
BRDA:187,9,5,36
BRDA:187,9,6,35
BRDA:191,10,0,1
BRDA:191,10,1,43
BRDA:199,11,0,44
BRDA:199,11,1,2
BRDA:199,11,2,1
BRDA:211,12,0,44
BRDA:211,12,1,8
BRDA:217,13,0,44
BRDA:217,13,1,2
BRDA:217,13,2,1
BRF:35
BRH:33
end_of_record
TN:
SF:/Users/thomasroux/Projects/tiller-stardust/src/Input/Label/index.js
FN:13,(anonymous_0)
FN:42,(anonymous_1)
FN:44,(anonymous_2)
FN:47,(anonymous_3)
FN:48,(anonymous_4)
FN:49,(anonymous_5)
FN:52,(anonymous_6)
FN:55,(anonymous_7)
FN:56,(anonymous_8)
FN:57,(anonymous_9)
FNF:10
FNH:10
FNDA:2,(anonymous_0)
FNDA:2,(anonymous_1)
FNDA:2,(anonymous_2)
FNDA:1,(anonymous_3)
FNDA:1,(anonymous_4)
FNDA:1,(anonymous_5)
FNDA:2,(anonymous_6)
FNDA:1,(anonymous_7)
FNDA:1,(anonymous_8)
FNDA:1,(anonymous_9)
DA:13,3
DA:14,2
DA:20,3
DA:23,3
DA:24,3
DA:30,3
DA:42,2
DA:45,2
DA:47,1
DA:48,1
DA:49,1
DA:53,2
DA:55,1
DA:56,1
DA:57,1
LF:15
LH:15
BRDA:45,0,0,2
BRDA:45,0,1,1
BRDA:53,1,0,2
BRDA:53,1,1,1
BRF:4
BRH:4
end_of_record
TN:
SF:/Users/thomasroux/Projects/tiller-stardust/src/Input/Status/index.js
FN:25,(anonymous_0)
FN:60,(anonymous_1)
FN:64,(anonymous_2)
FN:67,(anonymous_3)
FN:70,(anonymous_4)
FN:73,(anonymous_5)
FN:76,(anonymous_6)
FN:79,(anonymous_7)
FN:82,(anonymous_8)
FN:85,(anonymous_9)
FN:88,(anonymous_10)
FN:91,(anonymous_11)
FN:94,(anonymous_12)
FN:97,(anonymous_13)
FN:100,(anonymous_14)
FN:104,(anonymous_15)
FNF:16
FNH:16
FNDA:8,(anonymous_0)
FNDA:8,(anonymous_1)
FNDA:8,(anonymous_2)
FNDA:1,(anonymous_3)
FNDA:8,(anonymous_4)
FNDA:1,(anonymous_5)
FNDA:8,(anonymous_6)
FNDA:1,(anonymous_7)
FNDA:8,(anonymous_8)
FNDA:1,(anonymous_9)
FNDA:8,(anonymous_10)
FNDA:1,(anonymous_11)
FNDA:8,(anonymous_12)
FNDA:3,(anonymous_13)
FNDA:8,(anonymous_14)
FNDA:1,(anonymous_15)
DA:9,3
DA:25,3
DA:26,8
DA:38,3
DA:41,3
DA:42,3
DA:48,3
DA:60,8
DA:65,8
DA:67,1
DA:71,8
DA:73,1
DA:77,8
DA:79,1
DA:83,8
DA:85,1
DA:89,8
DA:91,1
DA:95,8
DA:97,3
DA:101,8
DA:104,1
LF:22
LH:22
BRDA:28,0,0,1
BRDA:28,0,1,7
BRDA:30,1,0,3
BRDA:30,1,1,5
BRDA:31,2,0,3
BRDA:31,2,1,5
BRDA:65,3,0,8
BRDA:65,3,1,1
BRDA:71,4,0,8
BRDA:71,4,1,1
BRDA:77,5,0,8
BRDA:77,5,1,1
BRDA:83,6,0,8
BRDA:83,6,1,1
BRDA:89,7,0,8
BRDA:89,7,1,1
BRDA:95,8,0,8
BRDA:95,8,1,3
BRDA:101,9,0,8
BRDA:101,9,1,3
BRDA:101,9,2,1
BRF:21
BRH:21
end_of_record
TN:
SF:/Users/thomasroux/Projects/tiller-stardust/src/KpiBlock/elements.js
FN:4,(anonymous_0)
FN:7,(anonymous_1)
FN:11,(anonymous_2)
FN:13,(anonymous_3)
FN:24,(anonymous_4)
FN:27,(anonymous_5)
FN:30,(anonymous_6)
FN:34,(anonymous_7)
FN:37,(anonymous_8)
FNF:9
FNH:9
FNDA:2,(anonymous_0)
FNDA:2,(anonymous_1)
FNDA:2,(anonymous_2)
FNDA:2,(anonymous_3)
FNDA:2,(anonymous_4)
FNDA:2,(anonymous_5)
FNDA:1,(anonymous_6)
FNDA:2,(anonymous_7)
FNDA:1,(anonymous_8)
DA:3,4
DA:4,2
DA:7,2
DA:10,4
DA:11,2
DA:13,2
DA:16,4
DA:24,2
DA:28,2
DA:30,1
DA:35,2
DA:37,1
LF:12
LH:12
BRDA:28,0,0,2
BRDA:28,0,1,1
BRDA:35,1,0,2
BRDA:35,1,1,1
BRF:4
BRH:4
end_of_record
TN:
SF:/Users/thomasroux/Projects/tiller-stardust/src/KpiBlock/index.js
FN:22,(anonymous_0)
FN:67,(anonymous_1)
FN:69,(anonymous_2)
FN:71,(anonymous_3)
FNF:4
FNH:4
FNDA:2,(anonymous_0)
FNDA:2,(anonymous_1)
FNDA:2,(anonymous_2)
FNDA:2,(anonymous_3)
DA:22,4
DA:23,2
DA:42,4
DA:43,4
DA:53,4
DA:67,2
DA:69,2
DA:71,2
LF:8
LH:8
BRDA:24,0,0,2
BRDA:24,0,1,1
BRDA:29,1,0,2
BRDA:29,1,1,1
BRF:4
BRH:4
end_of_record
TN:
SF:/Users/thomasroux/Projects/tiller-stardust/src/Logo/index.js
FN:17,(anonymous_0)
FNF:1
FNH:1
FNDA:3,(anonymous_0)
DA:17,4
DA:18,3
DA:30,4
DA:31,4
DA:40,4
LF:5
LH:5
BRF:0
BRH:0
end_of_record
TN:
SF:/Users/thomasroux/Projects/tiller-stardust/src/Theme/breakpoints.js
FNF:0
FNH:0
DA:5,7
DA:6,7
DA:7,7
DA:8,7
DA:9,7
DA:11,7
LF:6
LH:6
BRF:0
BRH:0
end_of_record
TN:
SF:/Users/thomasroux/Projects/tiller-stardust/src/Theme/dimensions.js
FNF:0
FNH:0
DA:5,7
DA:6,7
DA:7,7
DA:8,7
DA:9,7
DA:10,7
DA:12,7
LF:7
LH:7
BRF:0
BRH:0
end_of_record
TN:
SF:/Users/thomasroux/Projects/tiller-stardust/src/Theme/fonts.js
FNF:0
FNH:0
DA:5,7
LF:1
LH:1
BRF:0
BRH:0
end_of_record
TN:
SF:/Users/thomasroux/Projects/tiller-stardust/src/Theme/index.js
FNF:0
FNH:0
DA:13,7
LF:1
LH:1
BRF:0
BRH:0
end_of_record
TN:
SF:/Users/thomasroux/Projects/tiller-stardust/src/Theme/palette.js
FN:7,(anonymous_0)
FN:9,(anonymous_1)
FNF:2
FNH:2
FNDA:84,(anonymous_0)
FNDA:84,(anonymous_1)
DA:7,84
DA:9,84
DA:11,7
DA:12,7
DA:13,7
DA:14,7
DA:16,7
DA:17,7
DA:18,7
DA:19,7
DA:20,7
DA:21,7
DA:22,7
DA:23,7
DA:24,7
DA:25,7
DA:26,7
DA:27,7
DA:28,7
DA:29,7
DA:30,7
DA:31,7
DA:32,7
DA:33,7
DA:35,7
DA:36,7
DA:38,7
DA:39,7
DA:41,7
DA:42,7
DA:44,7
DA:45,7
DA:47,7
DA:49,7
LF:34
LH:34
BRF:0
BRH:0
end_of_record
TN:
SF:/Users/thomasroux/Projects/tiller-stardust/src/UserInfo/elements.js
FN:7,(anonymous_0)
FN:8,(anonymous_1)
FN:9,(anonymous_2)
FNF:3
FNH:3
FNDA:3,(anonymous_0)
FNDA:3,(anonymous_1)
FNDA:3,(anonymous_2)
DA:4,3
DA:7,3
DA:8,3
DA:9,3
DA:18,3
LF:5
LH:5
BRF:0
BRH:0
end_of_record
TN:
SF:/Users/thomasroux/Projects/tiller-stardust/src/UserInfo/index.js
FN:18,(anonymous_0)
FN:44,(anonymous_1)
FN:53,(anonymous_2)
FN:56,(anonymous_3)
FN:57,(anonymous_4)
FN:59,(anonymous_5)
FN:60,(anonymous_6)
FNF:7
FNH:6
FNDA:3,(anonymous_0)
FNDA:0,(anonymous_1)
FNDA:3,(anonymous_2)
FNDA:3,(anonymous_3)
FNDA:3,(anonymous_4)
FNDA:3,(anonymous_5)
FNDA:3,(anonymous_6)
DA:18,3
DA:19,3
DA:31,3
DA:32,3
DA:42,3
DA:53,3
DA:56,3
DA:57,3
DA:59,3
DA:60,3
LF:10
LH:10
BRF:0
BRH:0
end_of_record
